#
# There is insufficient memory for the Java Runtime Environment to continue.
# Native memory allocation (malloc) failed to allocate 1092736 bytes for Chunk::new
# Possible reasons:
#   The system is out of physical RAM or swap space
#   The process is running with CompressedOops enabled, and the Java Heap may be blocking the growth of the native heap
# Possible solutions:
#   Reduce memory load on the system
#   Increase physical memory or swap space
#   Check if swap backing store is full
#   Decrease Java heap size (-Xmx/-Xms)
#   Decrease number of Java threads
#   Decrease Java thread stack sizes (-Xss)
#   Set larger code cache with -XX:ReservedCodeCacheSize=
#   JVM is running with Unscaled Compressed Oops mode in which the Java heap is
#     placed in the first 4GB address space. The Java Heap base address is the
#     maximum limit for the native heap growth. Please use -XX:HeapBaseMinAddress
#     to set the Java Heap base and to place the Java Heap above 4GB virtual address.
# This output file may be truncated or incomplete.
#
#  Out of Memory Error (allocation.cpp:389), pid=23256, tid=0x0000000000005b44
#
# JRE version: OpenJDK Runtime Environment (8.0_242-b01) (build 1.8.0_242-release-1644-b01)
# Java VM: OpenJDK 64-Bit Server VM (25.242-b01 mixed mode windows-amd64 compressed oops)
# Failed to write core dump. Minidumps are not enabled by default on client versions of Windows
#

---------------  T H R E A D  ---------------

Current thread (0x000000001a05f000):  JavaThread "C2 CompilerThread1" daemon [_thread_in_native, id=23364, stack(0x000000001bc60000,0x000000001bd60000)]

Stack: [0x000000001bc60000,0x000000001bd60000]
[error occurred during error reporting (printing stack bounds), id 0xc0000005]

Native frames: (J=compiled Java code, j=interpreted, Vv=VM code, C=native code)


Current CompileTask:
C2:7792603 12620   !   4       java.io.ObjectOutputStream::writeObject0 (619 bytes)


---------------  P R O C E S S  ---------------

Java Threads: ( => current thread )
  0x0000000025e60000 JavaThread "stdout" [_thread_in_native, id=15200, stack(0x00000000349e0000,0x0000000034ae0000)]
  0x0000000025e5f800 JavaThread "stderr" [_thread_in_native, id=16092, stack(0x00000000348e0000,0x00000000349e0000)]
  0x0000000025e58800 JavaThread "stdout" [_thread_in_native, id=17084, stack(0x00000000347e0000,0x00000000348e0000)]
  0x0000000025e5b000 JavaThread "stderr" [_thread_in_native, id=23800, stack(0x00000000346e0000,0x00000000347e0000)]
  0x0000000025e5e000 JavaThread "stdout" [_thread_in_native, id=22920, stack(0x00000000345e0000,0x00000000346e0000)]
  0x000000001d2ab000 JavaThread "stderr" [_thread_in_native, id=5028, stack(0x00000000344e0000,0x00000000345e0000)]
  0x0000000020ead800 JavaThread "stdout" [_thread_blocked, id=9748, stack(0x00000000343e0000,0x00000000344e0000)]
  0x0000000020ea9000 JavaThread "stderr" [_thread_blocked, id=24940, stack(0x00000000342e0000,0x00000000343e0000)]
  0x0000000020ead000 JavaThread "stdout" [_thread_in_native, id=24996, stack(0x00000000341e0000,0x00000000342e0000)]
  0x0000000020eaf000 JavaThread "stderr" [_thread_in_native, id=2288, stack(0x00000000340e0000,0x00000000341e0000)]
  0x0000000020eac000 JavaThread "stdout" [_thread_in_native, id=21440, stack(0x0000000033fe0000,0x00000000340e0000)]
  0x0000000020eab800 JavaThread "stderr" [_thread_in_native, id=11384, stack(0x0000000033ee0000,0x0000000033fe0000)]
  0x0000000020eaa000 JavaThread "stdout" [_thread_in_native, id=2256, stack(0x0000000033de0000,0x0000000033ee0000)]
  0x0000000020eaa800 JavaThread "stderr" [_thread_in_native, id=22140, stack(0x0000000033ce0000,0x0000000033de0000)]
  0x0000000020eae800 JavaThread "stdout" [_thread_in_native, id=24624, stack(0x0000000033be0000,0x0000000033ce0000)]
  0x0000000020ea1800 JavaThread "stderr" [_thread_in_native, id=2616, stack(0x0000000033ae0000,0x0000000033be0000)]
  0x0000000020ea7800 JavaThread "WorkerExecutor Queue Thread 10" [_thread_blocked, id=22396, stack(0x0000000033860000,0x0000000033960000)]
  0x0000000020ea3000 JavaThread "pool-4-thread-1" [_thread_blocked, id=24688, stack(0x00000000339e0000,0x0000000033ae0000)]
  0x0000000020ea7000 JavaThread "MarlinRenderer Disposer" daemon [_thread_blocked, id=22740, stack(0x0000000033560000,0x0000000033660000)]
  0x0000000020ea6000 JavaThread "Java2D Disposer" daemon [_thread_blocked, id=21860, stack(0x00000000333b0000,0x00000000334b0000)]
  0x0000000020ea4800 JavaThread "WorkerExecutor Queue Thread 9" [_thread_blocked, id=25380, stack(0x0000000032fb0000,0x00000000330b0000)]
  0x0000000020ea4000 JavaThread "WorkerExecutor Queue Thread 8" [_thread_blocked, id=25272, stack(0x0000000032eb0000,0x0000000032fb0000)]
  0x0000000020ea5800 JavaThread "WorkerExecutor Queue Thread 7" [_thread_blocked, id=11372, stack(0x0000000032c80000,0x0000000032d80000)]
  0x0000000020ea2800 JavaThread "WorkerExecutor Queue Thread 6" [_thread_blocked, id=21592, stack(0x0000000032db0000,0x0000000032eb0000)]
  0x000000001d2ae000 JavaThread "WorkerExecutor Queue Thread 5" [_thread_blocked, id=16540, stack(0x0000000032b80000,0x0000000032c80000)]
  0x000000001d2a6800 JavaThread "WorkerExecutor Queue Thread 4" [_thread_blocked, id=19424, stack(0x0000000032a80000,0x0000000032b80000)]
  0x000000001d2ac800 JavaThread "WorkerExecutor Queue Thread 3" [_thread_blocked, id=24276, stack(0x0000000032980000,0x0000000032a80000)]
  0x000000001d2ab800 JavaThread "WorkerExecutor Queue Thread 2" [_thread_blocked, id=25200, stack(0x0000000032880000,0x0000000032980000)]
  0x000000001d2a9800 JavaThread "WorkerExecutor Queue" [_thread_blocked, id=24000, stack(0x0000000032580000,0x0000000032680000)]
  0x000000001d2a5000 JavaThread "Cache worker for execution history cache (E:\scy-Android\WeChat_Project\.gradle\6.5\executionHistory)" [_thread_blocked, id=19116, stack(0x0000000032480000,0x0000000032580000)]
  0x000000001d2a8800 JavaThread "Execution worker for ':' Thread 15" [_thread_blocked, id=23880, stack(0x0000000032380000,0x0000000032480000)]
  0x000000001d2a2800 JavaThread "Execution worker for ':' Thread 14" [_thread_blocked, id=19408, stack(0x0000000032280000,0x0000000032380000)]
  0x000000001d2a1000 JavaThread "Execution worker for ':' Thread 13" [_thread_blocked, id=25520, stack(0x0000000032180000,0x0000000032280000)]
  0x000000001d2a8000 JavaThread "Execution worker for ':' Thread 12" [_thread_blocked, id=16140, stack(0x0000000032080000,0x0000000032180000)]
  0x000000001d2a0000 JavaThread "Execution worker for ':' Thread 11" [_thread_blocked, id=25420, stack(0x0000000031f80000,0x0000000032080000)]
  0x000000001d2a4000 JavaThread "Execution worker for ':' Thread 10" [_thread_blocked, id=24672, stack(0x0000000031e80000,0x0000000031f80000)]
  0x000000001d2a5800 JavaThread "Execution worker for ':' Thread 9" [_thread_blocked, id=18444, stack(0x0000000031d80000,0x0000000031e80000)]
  0x000000001d2a3800 JavaThread "Execution worker for ':' Thread 8" [_thread_blocked, id=14224, stack(0x0000000031c80000,0x0000000031d80000)]
  0x000000001d2a7000 JavaThread "Execution worker for ':' Thread 7" [_thread_blocked, id=1588, stack(0x0000000031b80000,0x0000000031c80000)]
  0x000000001d29e800 JavaThread "Execution worker for ':' Thread 6" [_thread_blocked, id=7396, stack(0x0000000031a80000,0x0000000031b80000)]
  0x000000001d29f800 JavaThread "Execution worker for ':' Thread 5" [_thread_in_vm, id=23940, stack(0x0000000031980000,0x0000000031a80000)]
  0x000000002729a000 JavaThread "Execution worker for ':' Thread 4" [_thread_blocked, id=24280, stack(0x0000000031880000,0x0000000031980000)]
  0x0000000027299000 JavaThread "Execution worker for ':' Thread 3" [_thread_blocked, id=23036, stack(0x0000000031780000,0x0000000031880000)]
  0x0000000027298800 JavaThread "Execution worker for ':' Thread 2" [_thread_blocked, id=8816, stack(0x0000000031680000,0x0000000031780000)]
  0x0000000027297800 JavaThread "Execution worker for ':'" [_thread_blocked, id=18764, stack(0x00000000301b0000,0x00000000302b0000)]
  0x0000000027297000 JavaThread "Cache worker for file content cache (E:\scy-Android\WeChat_Project\.gradle\6.5\fileContent)" [_thread_blocked, id=10952, stack(0x000000002df30000,0x000000002e030000)]
  0x0000000027296000 JavaThread "Cache worker for Build Output Cleanup Cache (E:\scy-Android\WeChat_Project\.gradle\buildOutputCleanup)" [_thread_blocked, id=23776, stack(0x000000002de30000,0x000000002df30000)]
  0x0000000027295800 JavaThread "jar transforms Thread 184" [_thread_blocked, id=23248, stack(0x000000002dd30000,0x000000002de30000)]
  0x0000000027294800 JavaThread "jar transforms Thread 183" [_thread_blocked, id=16780, stack(0x000000002dc30000,0x000000002dd30000)]
  0x000000002729a800 JavaThread "jar transforms Thread 182" [_thread_blocked, id=25140, stack(0x000000002db30000,0x000000002dc30000)]
  0x000000002728d000 JavaThread "jar transforms Thread 181" [_thread_blocked, id=9708, stack(0x000000002da30000,0x000000002db30000)]
  0x0000000027294000 JavaThread "jar transforms Thread 180" [_thread_blocked, id=18576, stack(0x000000002d930000,0x000000002da30000)]
  0x0000000027290000 JavaThread "jar transforms Thread 179" [_thread_blocked, id=8908, stack(0x000000002d830000,0x000000002d930000)]
  0x000000002728e800 JavaThread "jar transforms Thread 178" [_thread_blocked, id=17824, stack(0x000000002d730000,0x000000002d830000)]
  0x000000002728e000 JavaThread "jar transforms Thread 177" [_thread_blocked, id=13452, stack(0x000000002d630000,0x000000002d730000)]
  0x000000002728f800 JavaThread "jar transforms Thread 176" [_thread_blocked, id=23604, stack(0x000000002d530000,0x000000002d630000)]
  0x000000002728c800 JavaThread "jar transforms Thread 175" [_thread_blocked, id=1648, stack(0x000000002d430000,0x000000002d530000)]
  0x0000000027291800 JavaThread "jar transforms Thread 174" [_thread_blocked, id=18736, stack(0x000000002d330000,0x000000002d430000)]
  0x0000000027293000 JavaThread "jar transforms Thread 173" [_thread_blocked, id=25332, stack(0x000000002d230000,0x000000002d330000)]
  0x0000000027291000 JavaThread "jar transforms Thread 172" [_thread_blocked, id=8372, stack(0x000000002d130000,0x000000002d230000)]
  0x0000000027292800 JavaThread "jar transforms Thread 171" [_thread_blocked, id=23876, stack(0x000000002d030000,0x000000002d130000)]
  0x000000002728b800 JavaThread "jar transforms Thread 170" [_thread_blocked, id=23448, stack(0x000000002cf30000,0x000000002d030000)]
  0x0000000028455800 JavaThread "jar transforms Thread 169" [_thread_blocked, id=23532, stack(0x000000002ce30000,0x000000002cf30000)]
  0x0000000028454800 JavaThread "jar transforms Thread 168" [_thread_blocked, id=23856, stack(0x000000002cd30000,0x000000002ce30000)]
  0x0000000028453800 JavaThread "jar transforms Thread 167" [_thread_blocked, id=25596, stack(0x000000002cc30000,0x000000002cd30000)]
  0x0000000028453000 JavaThread "jar transforms Thread 166" [_thread_blocked, id=12112, stack(0x000000002cb30000,0x000000002cc30000)]
  0x0000000028452000 JavaThread "jar transforms Thread 165" [_thread_blocked, id=25256, stack(0x000000002ca30000,0x000000002cb30000)]
  0x000000002844a800 JavaThread "jar transforms Thread 164" [_thread_blocked, id=18720, stack(0x000000002c930000,0x000000002ca30000)]
  0x0000000028451800 JavaThread "jar transforms Thread 163" [_thread_blocked, id=10808, stack(0x000000002c830000,0x000000002c930000)]
  0x0000000028450800 JavaThread "jar transforms Thread 162" [_thread_blocked, id=16652, stack(0x000000002c630000,0x000000002c730000)]
  0x0000000028449000 JavaThread "jar transforms Thread 161" [_thread_blocked, id=13680, stack(0x000000002c530000,0x000000002c630000)]
  0x0000000028450000 JavaThread "jar transforms Thread 160" [_thread_blocked, id=4284, stack(0x000000002c430000,0x000000002c530000)]
  0x000000002844f000 JavaThread "jar transforms Thread 159" [_thread_blocked, id=15504, stack(0x000000002c330000,0x000000002c430000)]
  0x0000000028447800 JavaThread "jar transforms Thread 158" [_thread_blocked, id=11344, stack(0x000000002c230000,0x000000002c330000)]
  0x000000002844e800 JavaThread "jar transforms Thread 157" [_thread_blocked, id=25236, stack(0x000000002c130000,0x000000002c230000)]
  0x0000000028447000 JavaThread "jar transforms Thread 156" [_thread_blocked, id=23568, stack(0x000000002c030000,0x000000002c130000)]
  0x000000002844d800 JavaThread "jar transforms Thread 155" [_thread_blocked, id=14244, stack(0x000000002bf30000,0x000000002c030000)]
  0x000000002844d000 JavaThread "jar transforms Thread 154" [_thread_blocked, id=22656, stack(0x000000002be30000,0x000000002bf30000)]
  0x000000002844c000 JavaThread "jar transforms Thread 153" [_thread_blocked, id=15176, stack(0x000000002bd30000,0x000000002be30000)]
  0x000000002844a000 JavaThread "jar transforms Thread 152" [_thread_blocked, id=14100, stack(0x000000002bc30000,0x000000002bd30000)]
  0x0000000028446000 JavaThread "jar transforms Thread 151" [_thread_blocked, id=20024, stack(0x000000002bb30000,0x000000002bc30000)]
  0x0000000028448800 JavaThread "jar transforms Thread 150" [_thread_blocked, id=8536, stack(0x000000002ba30000,0x000000002bb30000)]
  0x000000002844b800 JavaThread "jar transforms Thread 149" [_thread_blocked, id=22552, stack(0x000000002b930000,0x000000002ba30000)]
  0x000000001edbd000 JavaThread "jar transforms Thread 148" [_thread_blocked, id=24428, stack(0x000000002b830000,0x000000002b930000)]
  0x000000001edbc800 JavaThread "jar transforms Thread 147" [_thread_blocked, id=3204, stack(0x000000002b730000,0x000000002b830000)]
  0x000000001edbb800 JavaThread "jar transforms Thread 146" [_thread_blocked, id=21748, stack(0x000000002b630000,0x000000002b730000)]
  0x000000001edb7000 JavaThread "jar transforms Thread 145" [_thread_blocked, id=20740, stack(0x000000002b530000,0x000000002b630000)]
  0x000000001edbb000 JavaThread "jar transforms Thread 144" [_thread_blocked, id=9272, stack(0x000000002b430000,0x000000002b530000)]
  0x000000001edb7800 JavaThread "jar transforms Thread 143" [_thread_blocked, id=17016, stack(0x000000002b330000,0x000000002b430000)]
  0x000000001edb9800 JavaThread "jar transforms Thread 142" [_thread_blocked, id=21912, stack(0x000000002b230000,0x000000002b330000)]
  0x000000001edb6000 JavaThread "jar transforms Thread 141" [_thread_blocked, id=20208, stack(0x000000002b130000,0x000000002b230000)]
  0x000000001edb8800 JavaThread "jar transforms Thread 140" [_thread_blocked, id=17576, stack(0x000000002b030000,0x000000002b130000)]
  0x000000001edba000 JavaThread "jar transforms Thread 139" [_thread_blocked, id=15168, stack(0x000000002af30000,0x000000002b030000)]
  0x00000000275dd000 JavaThread "jar transforms Thread 138" [_thread_blocked, id=13376, stack(0x000000002ae30000,0x000000002af30000)]
  0x00000000275db800 JavaThread "jar transforms Thread 137" [_thread_blocked, id=22328, stack(0x000000002ad30000,0x000000002ae30000)]
  0x00000000275dc800 JavaThread "jar transforms Thread 136" [_thread_blocked, id=11708, stack(0x000000002ac30000,0x000000002ad30000)]
  0x00000000275db000 JavaThread "jar transforms Thread 135" [_thread_blocked, id=3720, stack(0x000000002ab30000,0x000000002ac30000)]
  0x00000000275da000 JavaThread "jar transforms Thread 134" [_thread_blocked, id=12340, stack(0x000000002aa30000,0x000000002ab30000)]
  0x00000000275d2800 JavaThread "jar transforms Thread 133" [_thread_blocked, id=872, stack(0x000000002a930000,0x000000002aa30000)]
  0x00000000275d9800 JavaThread "jar transforms Thread 132" [_thread_blocked, id=25388, stack(0x000000002a830000,0x000000002a930000)]
  0x00000000275d8800 JavaThread "jar transforms Thread 131" [_thread_blocked, id=2312, stack(0x000000002a730000,0x000000002a830000)]
  0x00000000275d1000 JavaThread "jar transforms Thread 130" [_thread_blocked, id=14756, stack(0x000000002a630000,0x000000002a730000)]
  0x00000000275d7000 JavaThread "jar transforms Thread 129" [_thread_blocked, id=22872, stack(0x000000002a530000,0x000000002a630000)]
  0x00000000275d8000 JavaThread "jar transforms Thread 128" [_thread_blocked, id=24852, stack(0x000000002a430000,0x000000002a530000)]
  0x00000000275d5000 JavaThread "jar transforms Thread 127" [_thread_blocked, id=23372, stack(0x000000002a330000,0x000000002a430000)]
  0x00000000275d2000 JavaThread "jar transforms Thread 126" [_thread_blocked, id=22356, stack(0x000000002a230000,0x000000002a330000)]
  0x00000000275d6800 JavaThread "jar transforms Thread 125" [_thread_blocked, id=25456, stack(0x000000002a130000,0x000000002a230000)]
  0x00000000275d5800 JavaThread "jar transforms Thread 124" [_thread_blocked, id=19604, stack(0x000000002a030000,0x000000002a130000)]
  0x00000000275ce800 JavaThread "jar transforms Thread 123" [_thread_blocked, id=25404, stack(0x0000000029f30000,0x000000002a030000)]
  0x00000000275cf800 JavaThread "jar transforms Thread 122" [_thread_blocked, id=19568, stack(0x0000000029e30000,0x0000000029f30000)]
  0x00000000275d3800 JavaThread "jar transforms Thread 121" [_thread_blocked, id=20976, stack(0x0000000029b30000,0x0000000029c30000)]
  0x00000000275d4000 JavaThread "jar transforms Thread 120" [_thread_blocked, id=6660, stack(0x0000000029a30000,0x0000000029b30000)]
  0x00000000275d0000 JavaThread "jar transforms Thread 119" [_thread_blocked, id=22236, stack(0x0000000029930000,0x0000000029a30000)]
  0x00000000275ce000 JavaThread "jar transforms Thread 118" [_thread_blocked, id=4016, stack(0x0000000029830000,0x0000000029930000)]
  0x000000001a0d7000 JavaThread "jar transforms Thread 117" [_thread_blocked, id=8576, stack(0x0000000029730000,0x0000000029830000)]
  0x000000001a0d6000 JavaThread "jar transforms Thread 116" [_thread_blocked, id=22652, stack(0x0000000029630000,0x0000000029730000)]
  0x000000001a0d5800 JavaThread "jar transforms Thread 115" [_thread_blocked, id=1612, stack(0x0000000029530000,0x0000000029630000)]
  0x000000001a0d2800 JavaThread "jar transforms Thread 114" [_thread_blocked, id=22704, stack(0x0000000029430000,0x0000000029530000)]
  0x000000001df19800 JavaThread "jar transforms Thread 113" [_thread_blocked, id=15388, stack(0x0000000029330000,0x0000000029430000)]
  0x000000001df18800 JavaThread "jar transforms Thread 112" [_thread_blocked, id=10936, stack(0x0000000029230000,0x0000000029330000)]
  0x000000001df18000 JavaThread "jar transforms Thread 111" [_thread_blocked, id=8872, stack(0x0000000029130000,0x0000000029230000)]
  0x000000001df15800 JavaThread "jar transforms Thread 110" [_thread_blocked, id=22668, stack(0x0000000029030000,0x0000000029130000)]
  0x000000001df16800 JavaThread "jar transforms Thread 109" [_thread_blocked, id=908, stack(0x0000000028f30000,0x0000000029030000)]
  0x000000001df15000 JavaThread "jar transforms Thread 108" [_thread_blocked, id=25020, stack(0x0000000028e30000,0x0000000028f30000)]
  0x000000001df17000 JavaThread "jar transforms Thread 107" [_thread_blocked, id=19128, stack(0x0000000028d30000,0x0000000028e30000)]
  0x000000001df0d800 JavaThread "jar transforms Thread 106" [_thread_blocked, id=21932, stack(0x0000000027a10000,0x0000000027b10000)]
  0x000000001df14000 JavaThread "jar transforms Thread 105" [_thread_blocked, id=15432, stack(0x0000000027910000,0x0000000027a10000)]
  0x000000001df0f000 JavaThread "jar transforms Thread 104" [_thread_blocked, id=13740, stack(0x0000000024bd0000,0x0000000024cd0000)]
  0x000000001df0b000 JavaThread "jar transforms Thread 103" [_thread_blocked, id=8312, stack(0x00000000248d0000,0x00000000249d0000)]
  0x000000001df12000 JavaThread "jar transforms Thread 102" [_thread_blocked, id=1740, stack(0x00000000247d0000,0x00000000248d0000)]
  0x000000001df0a800 JavaThread "jar transforms Thread 101" [_thread_blocked, id=12460, stack(0x00000000244d0000,0x00000000245d0000)]
  0x000000001df0f800 JavaThread "jar transforms Thread 100" [_thread_blocked, id=15536, stack(0x00000000243d0000,0x00000000244d0000)]
  0x0000000022542800 JavaThread "jar transforms Thread 99" [_thread_blocked, id=24568, stack(0x00000000242d0000,0x00000000243d0000)]
  0x0000000022541800 JavaThread "jar transforms Thread 98" [_thread_blocked, id=11180, stack(0x00000000241d0000,0x00000000242d0000)]
  0x0000000022540000 JavaThread "jar transforms Thread 97" [_thread_blocked, id=12816, stack(0x00000000240d0000,0x00000000241d0000)]
  0x0000000022541000 JavaThread "jar transforms Thread 96" [_thread_blocked, id=25496, stack(0x0000000023fd0000,0x00000000240d0000)]
  0x0000000022538800 JavaThread "jar transforms Thread 95" [_thread_blocked, id=13476, stack(0x0000000023ed0000,0x0000000023fd0000)]
  0x000000002253f800 JavaThread "jar transforms Thread 94" [_thread_blocked, id=6724, stack(0x0000000023dd0000,0x0000000023ed0000)]
  0x000000002253d000 JavaThread "jar transforms Thread 93" [_thread_blocked, id=13384, stack(0x0000000023cd0000,0x0000000023dd0000)]
  0x000000002253c800 JavaThread "Build operations Thread 16" [_thread_blocked, id=14972, stack(0x0000000023bd0000,0x0000000023cd0000)]
  0x000000002253e800 JavaThread "Build operations Thread 15" [_thread_blocked, id=20756, stack(0x0000000023ad0000,0x0000000023bd0000)]
  0x000000002253e000 JavaThread "Build operations Thread 14" [_thread_blocked, id=25264, stack(0x00000000239d0000,0x0000000023ad0000)]
  0x0000000022535800 JavaThread "Build operations Thread 13" [_thread_blocked, id=25052, stack(0x00000000238d0000,0x00000000239d0000)]
  0x0000000022537000 JavaThread "Build operations Thread 12" [_thread_blocked, id=12776, stack(0x00000000237d0000,0x00000000238d0000)]
  0x000000002253b800 JavaThread "Build operations Thread 11" [_thread_blocked, id=23584, stack(0x00000000236d0000,0x00000000237d0000)]
  0x000000002253b000 JavaThread "Build operations Thread 10" [_thread_blocked, id=13984, stack(0x00000000235d0000,0x00000000236d0000)]
  0x0000000022537800 JavaThread "Build operations Thread 9" [_thread_blocked, id=13216, stack(0x00000000234d0000,0x00000000235d0000)]
  0x000000001dad0000 JavaThread "Build operations Thread 8" [_thread_blocked, id=20076, stack(0x00000000233d0000,0x00000000234d0000)]
  0x000000001dacf000 JavaThread "Build operations Thread 7" [_thread_blocked, id=18216, stack(0x00000000232d0000,0x00000000233d0000)]
  0x000000001dace800 JavaThread "Build operations Thread 6" [_thread_blocked, id=2208, stack(0x00000000231d0000,0x00000000232d0000)]
  0x000000001dad0800 JavaThread "Build operations Thread 5" [_thread_blocked, id=14080, stack(0x00000000230d0000,0x00000000231d0000)]
  0x000000001dad3000 JavaThread "Build operations Thread 4" [_thread_blocked, id=820, stack(0x0000000022fd0000,0x00000000230d0000)]
  0x000000001dacd800 JavaThread "Build operations Thread 3" [_thread_blocked, id=21736, stack(0x0000000022ed0000,0x0000000022fd0000)]
  0x000000001dad1800 JavaThread "Build operations Thread 2" [_thread_blocked, id=1088, stack(0x0000000022dd0000,0x0000000022ed0000)]
  0x000000001dad2000 JavaThread "Build operations" [_thread_blocked, id=21848, stack(0x0000000022970000,0x0000000022a70000)]
  0x000000001dacd000 JavaThread "Cache worker for cache directory md-rule (C:\Users\APitaya\.gradle\caches\6.5\md-rule)" [_thread_blocked, id=19964, stack(0x0000000021880000,0x0000000021980000)]
  0x000000001dac5800 JavaThread "Cache worker for cache directory md-supplier (C:\Users\APitaya\.gradle\caches\6.5\md-supplier)" [_thread_blocked, id=12896, stack(0x00000000200b0000,0x00000000201b0000)]
  0x000000001dacc000 JavaThread "Cache worker for checksums cache (E:\scy-Android\WeChat_Project\.gradle\checksums)" [_thread_blocked, id=21700, stack(0x000000001fdb0000,0x000000001feb0000)]
  0x000000001dac4800 JavaThread "Cache worker for file hash cache (E:\scy-Android\WeChat_Project\.gradle\6.5\fileHashes)" [_thread_blocked, id=1780, stack(0x000000001fcb0000,0x000000001fdb0000)]
  0x000000001dac8800 JavaThread "Thread-150" [_thread_blocked, id=16044, stack(0x000000001fbb0000,0x000000001fcb0000)]
  0x000000001dac9000 JavaThread "Stdin handler" [_thread_blocked, id=17040, stack(0x000000001fab0000,0x000000001fbb0000)]
  0x000000001dacb800 JavaThread "Asynchronous log dispatcher for DefaultDaemonConnection: socket connection from /127.0.0.1:56613 to /127.0.0.1:59039" [_thread_blocked, id=3256, stack(0x000000001f500000,0x000000001f600000)]
  0x000000001dac7800 JavaThread "Daemon worker Thread 2" [_thread_blocked, id=9876, stack(0x000000001f400000,0x000000001f500000)]
  0x000000001dac4000 JavaThread "Cancel handler" [_thread_blocked, id=22288, stack(0x0000000000f80000,0x0000000001080000)]
  0x000000001dac7000 JavaThread "Handler for socket connection from /127.0.0.1:56613 to /127.0.0.1:59039" [_thread_in_native, id=4320, stack(0x0000000000e80000,0x0000000000f80000)]
  0x000000001daca800 JavaThread "Daemon Thread 2" [_thread_blocked, id=8180, stack(0x0000000000d80000,0x0000000000e80000)]
  0x0000000022534800 JavaThread "Memory manager" [_thread_blocked, id=23008, stack(0x000000002ee30000,0x000000002ef30000)]
  0x000000001df0c000 JavaThread "Cache worker for file content cache (C:\Users\APitaya\.gradle\caches\6.5\fileContent)" [_thread_blocked, id=19148, stack(0x00000000251d0000,0x00000000252d0000)]
  0x000000001df10800 JavaThread "Cache worker for execution history cache (C:\Users\APitaya\.gradle\caches\6.5\executionHistory)" [_thread_blocked, id=9904, stack(0x0000000024cd0000,0x0000000024dd0000)]
  0x000000001a0d4800 JavaThread "Cache worker for file hash cache (C:\Users\APitaya\.gradle\caches\6.5\fileHashes)" [_thread_blocked, id=23292, stack(0x00000000205b0000,0x00000000206b0000)]
  0x000000001a0d4000 JavaThread "File lock request listener" [_thread_in_native, id=16828, stack(0x00000000204b0000,0x00000000205b0000)]
  0x000000001e89d000 JavaThread "Cache worker for journal cache (C:\Users\APitaya\.gradle\caches\journal-1)" [_thread_blocked, id=22508, stack(0x00000000203b0000,0x00000000204b0000)]
  0x000000001e5f3800 JavaThread "Daemon periodic checks" [_thread_blocked, id=21804, stack(0x000000001f7b0000,0x000000001f8b0000)]
  0x000000001e5f2800 JavaThread "Incoming local TCP Connector on port 56613" [_thread_in_native, id=19692, stack(0x000000001f600000,0x000000001f700000)]
  0x000000001e587800 JavaThread "Daemon health stats" [_thread_blocked, id=11332, stack(0x000000001f300000,0x000000001f400000)]
  0x000000001a142800 JavaThread "Service Thread" daemon [_thread_blocked, id=21228, stack(0x000000001c760000,0x000000001c860000)]
  0x000000001a0d1800 JavaThread "C1 CompilerThread11" daemon [_thread_blocked, id=11112, stack(0x000000001c660000,0x000000001c760000)]
  0x000000001a0d3000 JavaThread "C1 CompilerThread10" daemon [_thread_blocked, id=22028, stack(0x000000001c560000,0x000000001c660000)]
  0x000000001a0d7800 JavaThread "C1 CompilerThread9" daemon [_thread_blocked, id=14456, stack(0x000000001c460000,0x000000001c560000)]
  0x000000001a0d1000 JavaThread "C1 CompilerThread8" daemon [_thread_blocked, id=9816, stack(0x000000001c360000,0x000000001c460000)]
  0x000000001a0c5800 JavaThread "C2 CompilerThread7" daemon [_thread_in_native, id=3536, stack(0x000000001c260000,0x000000001c360000)]
  0x000000001a0a5000 JavaThread "C2 CompilerThread6" daemon [_thread_in_native, id=22024, stack(0x000000001c160000,0x000000001c260000)]
  0x000000001a081000 JavaThread "C2 CompilerThread5" daemon [_thread_in_native, id=15404, stack(0x000000001c060000,0x000000001c160000)]
  0x000000001a069000 JavaThread "C2 CompilerThread4" daemon [_thread_in_native, id=15748, stack(0x000000001bf60000,0x000000001c060000)]
  0x000000001a063800 JavaThread "C2 CompilerThread3" daemon [_thread_in_native, id=19436, stack(0x000000001be60000,0x000000001bf60000)]
  0x000000001a060000 JavaThread "C2 CompilerThread2" daemon [_thread_blocked, id=22052, stack(0x000000001bd60000,0x000000001be60000)]
=>0x000000001a05f000 JavaThread "C2 CompilerThread1" daemon [_thread_in_native, id=23364, stack(0x000000001bc60000,0x000000001bd60000)]
  0x000000001a004800 JavaThread "C2 CompilerThread0" daemon [_thread_in_native, id=11192, stack(0x000000001bb60000,0x000000001bc60000)]
  0x000000001a05d000 JavaThread "Attach Listener" daemon [_thread_blocked, id=23336, stack(0x000000001ba60000,0x000000001bb60000)]
  0x000000001a05c800 JavaThread "Signal Dispatcher" daemon [_thread_blocked, id=17060, stack(0x000000001b960000,0x000000001ba60000)]
  0x0000000018591800 JavaThread "Finalizer" daemon [_thread_blocked, id=23516, stack(0x000000001b860000,0x000000001b960000)]
  0x0000000019fe6000 JavaThread "Reference Handler" daemon [_thread_blocked, id=21436, stack(0x000000001b760000,0x000000001b860000)]
  0x0000000002b6e000 JavaThread "main" [_thread_blocked, id=22000, stack(0x00000000029f0000,0x0000000002af0000)]

Other Threads:
  0x0000000019fc2800 VMThread [stack: 0x000000001b660000,0x000000001b760000] [id=21780]
  0x000000001a147800 WatcherThread [stack: 0x000000001c860000,0x000000001c960000] [id=18108]

VM state:not at safepoint (normal execution)

VM Mutex/Monitor currently owned by a thread: None

heap address: 0x0000000080000000, size: 2048 MB, Compressed Oops mode: 32-bit
Narrow klass base: 0x0000000000000000, Narrow klass shift: 3
Compressed class space size: 1073741824 Address: 0x0000000100000000

Heap:
 PSYoungGen      total 323584K, used 104427K [0x00000000d5580000, 0x00000000eea80000, 0x0000000100000000)
  eden space 296960K, 26% used [0x00000000d5580000,0x00000000da1815d0,0x00000000e7780000)
  from space 26624K, 99% used [0x00000000ed080000,0x00000000eea79830,0x00000000eea80000)
  to   space 36352K, 0% used [0x00000000ea380000,0x00000000ea380000,0x00000000ec700000)
 ParOldGen       total 214016K, used 54507K [0x0000000080000000, 0x000000008d100000, 0x00000000d5580000)
  object space 214016K, 25% used [0x0000000080000000,0x000000008353afc8,0x000000008d100000)
 Metaspace       used 86217K, capacity 91338K, committed 91608K, reserved 1130496K
  class space    used 11501K, capacity 12496K, committed 12544K, reserved 1048576K

Card table byte_map: [0x00000000123e0000,0x00000000127f0000] byte_map_base: 0x0000000011fe0000

Marking Bits: (ParMarkBitMap*) 0x000000005633f030
 Begin Bits: [0x00000000137a0000, 0x00000000157a0000)
 End Bits:   [0x00000000157a0000, 0x00000000177a0000)

Polling page: 0x00000000007c0000

CodeCache: size=245760Kb used=37714Kb max_used=37731Kb free=208045Kb
 bounds [0x0000000003020000, 0x0000000005530000, 0x0000000012020000]
 total_blobs=11886 nmethods=10945 adapters=850
 compilation: enabled

Compilation events (10 events):
Event: 7792.551 Thread 0x000000001a0d1000 nmethod 12730 0x00000000054feed0 code [0x00000000054ff020, 0x00000000054ff110]
Event: 7792.551 Thread 0x000000001a0d3000 nmethod 12731 0x00000000054fec10 code [0x00000000054fed60, 0x00000000054fee50]
Event: 7792.553 Thread 0x000000001a0d1800 12732       3       org.gradle.internal.component.local.model.ComponentFileArtifactIdentifier::equals (63 bytes)
Event: 7792.556 Thread 0x000000001a0d1800 nmethod 12732 0x0000000005502450 code [0x00000000055025e0, 0x0000000005502c78]
Event: 7792.584 Thread 0x000000001a0d1000 12733       3       com.google.common.util.concurrent.SettableFuture::set (6 bytes)
Event: 7792.584 Thread 0x000000001a0d7800 12734       3       com.google.common.util.concurrent.AbstractFuture::set (32 bytes)
Event: 7792.584 Thread 0x000000001a0d3000 12735       3       com.google.common.util.concurrent.AbstractFuture$UnsafeAtomicHelper::casValue (13 bytes)
Event: 7792.584 Thread 0x000000001a0d3000 nmethod 12735 0x00000000055020d0 code [0x0000000005502220, 0x00000000055023b0]
Event: 7792.584 Thread 0x000000001a0d1000 nmethod 12733 0x000000000550a090 code [0x000000000550a220, 0x000000000550a568]
Event: 7792.584 Thread 0x000000001a0d7800 nmethod 12734 0x0000000005509b50 code [0x0000000005509cc0, 0x0000000005509fa8]

GC Heap History (10 events):
Event: 8.013 GC heap before
{Heap before GC invocations=9 (full 2):
 PSYoungGen      total 216576K, used 205312K [0x00000000d5580000, 0x00000000e3900000, 0x0000000100000000)
  eden space 205312K, 100% used [0x00000000d5580000,0x00000000e1e00000,0x00000000e1e00000)
  from space 11264K, 0% used [0x00000000e2e00000,0x00000000e2e00000,0x00000000e3900000)
  to   space 13824K, 0% used [0x00000000e1e00000,0x00000000e1e00000,0x00000000e2b80000)
 ParOldGen       total 140288K, used 14824K [0x0000000080000000, 0x0000000088900000, 0x00000000d5580000)
  object space 140288K, 10% used [0x0000000080000000,0x0000000080e7a2e0,0x0000000088900000)
 Metaspace       used 46275K, capacity 48572K, committed 48984K, reserved 1091584K
  class space    used 6268K, capacity 6678K, committed 6784K, reserved 1048576K
Event: 8.026 GC heap after
Heap after GC invocations=9 (full 2):
 PSYoungGen      total 219136K, used 13793K [0x00000000d5580000, 0x00000000ea880000, 0x0000000100000000)
  eden space 205312K, 0% used [0x00000000d5580000,0x00000000d5580000,0x00000000e1e00000)
  from space 13824K, 99% used [0x00000000e1e00000,0x00000000e2b786c8,0x00000000e2b80000)
  to   space 17920K, 0% used [0x00000000e9700000,0x00000000e9700000,0x00000000ea880000)
 ParOldGen       total 140288K, used 18966K [0x0000000080000000, 0x0000000088900000, 0x00000000d5580000)
  object space 140288K, 13% used [0x0000000080000000,0x0000000081285900,0x0000000088900000)
 Metaspace       used 46275K, capacity 48572K, committed 48984K, reserved 1091584K
  class space    used 6268K, capacity 6678K, committed 6784K, reserved 1048576K
}
Event: 9.141 GC heap before
{Heap before GC invocations=10 (full 2):
 PSYoungGen      total 219136K, used 133733K [0x00000000d5580000, 0x00000000ea880000, 0x0000000100000000)
  eden space 205312K, 58% used [0x00000000d5580000,0x00000000dcaa0f78,0x00000000e1e00000)
  from space 13824K, 99% used [0x00000000e1e00000,0x00000000e2b786c8,0x00000000e2b80000)
  to   space 17920K, 0% used [0x00000000e9700000,0x00000000e9700000,0x00000000ea880000)
 ParOldGen       total 140288K, used 18966K [0x0000000080000000, 0x0000000088900000, 0x00000000d5580000)
  object space 140288K, 13% used [0x0000000080000000,0x0000000081285900,0x0000000088900000)
 Metaspace       used 56148K, capacity 58874K, committed 59028K, reserved 1099776K
  class space    used 7627K, capacity 8162K, committed 8192K, reserved 1048576K
Event: 9.155 GC heap after
Heap after GC invocations=10 (full 2):
 PSYoungGen      total 324608K, used 17908K [0x00000000d5580000, 0x00000000eaf80000, 0x0000000100000000)
  eden space 306688K, 0% used [0x00000000d5580000,0x00000000d5580000,0x00000000e8100000)
  from space 17920K, 99% used [0x00000000e9700000,0x00000000ea87d170,0x00000000ea880000)
  to   space 22528K, 0% used [0x00000000e8100000,0x00000000e8100000,0x00000000e9700000)
 ParOldGen       total 140288K, used 24494K [0x0000000080000000, 0x0000000088900000, 0x00000000d5580000)
  object space 140288K, 17% used [0x0000000080000000,0x00000000817ebbc0,0x0000000088900000)
 Metaspace       used 56148K, capacity 58874K, committed 59028K, reserved 1099776K
  class space    used 7627K, capacity 8162K, committed 8192K, reserved 1048576K
}
Event: 9.155 GC heap before
{Heap before GC invocations=11 (full 3):
 PSYoungGen      total 324608K, used 17908K [0x00000000d5580000, 0x00000000eaf80000, 0x0000000100000000)
  eden space 306688K, 0% used [0x00000000d5580000,0x00000000d5580000,0x00000000e8100000)
  from space 17920K, 99% used [0x00000000e9700000,0x00000000ea87d170,0x00000000ea880000)
  to   space 22528K, 0% used [0x00000000e8100000,0x00000000e8100000,0x00000000e9700000)
 ParOldGen       total 140288K, used 24494K [0x0000000080000000, 0x0000000088900000, 0x00000000d5580000)
  object space 140288K, 17% used [0x0000000080000000,0x00000000817ebbc0,0x0000000088900000)
 Metaspace       used 56148K, capacity 58874K, committed 59028K, reserved 1099776K
  class space    used 7627K, capacity 8162K, committed 8192K, reserved 1048576K
Event: 9.331 GC heap after
Heap after GC invocations=11 (full 3):
 PSYoungGen      total 324608K, used 0K [0x00000000d5580000, 0x00000000eaf80000, 0x0000000100000000)
  eden space 306688K, 0% used [0x00000000d5580000,0x00000000d5580000,0x00000000e8100000)
  from space 17920K, 0% used [0x00000000e9700000,0x00000000e9700000,0x00000000ea880000)
  to   space 22528K, 0% used [0x00000000e8100000,0x00000000e8100000,0x00000000e9700000)
 ParOldGen       total 214016K, used 36012K [0x0000000080000000, 0x000000008d100000, 0x00000000d5580000)
  object space 214016K, 16% used [0x0000000080000000,0x000000008232b080,0x000000008d100000)
 Metaspace       used 56079K, capacity 58640K, committed 59028K, reserved 1099776K
  class space    used 7605K, capacity 8123K, committed 8192K, reserved 1048576K
}
Event: 12.106 GC heap before
{Heap before GC invocations=12 (full 3):
 PSYoungGen      total 324608K, used 306688K [0x00000000d5580000, 0x00000000eaf80000, 0x0000000100000000)
  eden space 306688K, 100% used [0x00000000d5580000,0x00000000e8100000,0x00000000e8100000)
  from space 17920K, 0% used [0x00000000e9700000,0x00000000e9700000,0x00000000ea880000)
  to   space 22528K, 0% used [0x00000000e8100000,0x00000000e8100000,0x00000000e9700000)
 ParOldGen       total 214016K, used 36012K [0x0000000080000000, 0x000000008d100000, 0x00000000d5580000)
  object space 214016K, 16% used [0x0000000080000000,0x000000008232b080,0x000000008d100000)
 Metaspace       used 71465K, capacity 75846K, committed 75992K, reserved 1114112K
  class space    used 9878K, capacity 10652K, committed 10752K, reserved 1048576K
Event: 12.124 GC heap after
Heap after GC invocations=12 (full 3):
 PSYoungGen      total 329216K, used 22508K [0x00000000d5580000, 0x00000000eea80000, 0x0000000100000000)
  eden space 306688K, 0% used [0x00000000d5580000,0x00000000d5580000,0x00000000e8100000)
  from space 22528K, 99% used [0x00000000e8100000,0x00000000e96fb3a0,0x00000000e9700000)
  to   space 26624K, 0% used [0x00000000ed080000,0x00000000ed080000,0x00000000eea80000)
 ParOldGen       total 214016K, used 38335K [0x0000000080000000, 0x000000008d100000, 0x00000000d5580000)
  object space 214016K, 17% used [0x0000000080000000,0x000000008256fea0,0x000000008d100000)
 Metaspace       used 71465K, capacity 75846K, committed 75992K, reserved 1114112K
  class space    used 9878K, capacity 10652K, committed 10752K, reserved 1048576K
}
Event: 7791.569 GC heap before
{Heap before GC invocations=13 (full 3):
 PSYoungGen      total 329216K, used 329196K [0x00000000d5580000, 0x00000000eea80000, 0x0000000100000000)
  eden space 306688K, 100% used [0x00000000d5580000,0x00000000e8100000,0x00000000e8100000)
  from space 22528K, 99% used [0x00000000e8100000,0x00000000e96fb3a0,0x00000000e9700000)
  to   space 26624K, 0% used [0x00000000ed080000,0x00000000ed080000,0x00000000eea80000)
 ParOldGen       total 214016K, used 38335K [0x0000000080000000, 0x000000008d100000, 0x00000000d5580000)
  object space 214016K, 17% used [0x0000000080000000,0x000000008256fea0,0x000000008d100000)
 Metaspace       used 82888K, capacity 87940K, committed 88152K, reserved 1126400K
  class space    used 11154K, capacity 12131K, committed 12160K, reserved 1048576K
Event: 7791.602 GC heap after
Heap after GC invocations=13 (full 3):
 PSYoungGen      total 323584K, used 26598K [0x00000000d5580000, 0x00000000eea80000, 0x0000000100000000)
  eden space 296960K, 0% used [0x00000000d5580000,0x00000000d5580000,0x00000000e7780000)
  from space 26624K, 99% used [0x00000000ed080000,0x00000000eea79830,0x00000000eea80000)
  to   space 36352K, 0% used [0x00000000ea380000,0x00000000ea380000,0x00000000ec700000)
 ParOldGen       total 214016K, used 54507K [0x0000000080000000, 0x000000008d100000, 0x00000000d5580000)
  object space 214016K, 25% used [0x0000000080000000,0x000000008353afc8,0x000000008d100000)
 Metaspace       used 82888K, capacity 87940K, committed 88152K, reserved 1126400K
  class space    used 11154K, capacity 12131K, committed 12160K, reserved 1048576K
}

Deoptimization events (10 events):
Event: 7792.453 Thread 0x0000000022535800 Uncommon trap: reason=unstable_if action=reinterpret pc=0x0000000004c7d8e0 method=com.google.common.collect.MapMakerInternalMap$Segment.getEntry(Ljava/lang/Object;I)Lcom/google/common/collect/MapMakerInternalMap$InternalEntry; @ 40
Event: 7792.458 Thread 0x000000001dad0000 Uncommon trap: reason=unstable_if action=reinterpret pc=0x00000000049aa460 method=com.google.common.collect.MapMakerInternalMap$Segment.getEntry(Ljava/lang/Object;I)Lcom/google/common/collect/MapMakerInternalMap$InternalEntry; @ 40
Event: 7792.500 Thread 0x000000001dad2000 Uncommon trap: reason=unstable_if action=reinterpret pc=0x0000000004b48d98 method=java.util.concurrent.ConcurrentLinkedQueue.updateHead(Ljava/util/concurrent/ConcurrentLinkedQueue$Node;Ljava/util/concurrent/ConcurrentLinkedQueue$Node;)V @ 11
Event: 7792.501 Thread 0x000000001dad3000 Uncommon trap: reason=unstable_if action=reinterpret pc=0x00000000047c53cc method=java.util.concurrent.ConcurrentLinkedQueue.updateHead(Ljava/util/concurrent/ConcurrentLinkedQueue$Node;Ljava/util/concurrent/ConcurrentLinkedQueue$Node;)V @ 11
Event: 7792.571 Thread 0x000000001d2ac800 Uncommon trap: reason=bimorphic action=maybe_recompile pc=0x0000000004211abc method=sun.nio.cs.StreamEncoder.writeBytes()V @ 120
Event: 7792.571 Thread 0x0000000020ea4800 Uncommon trap: reason=bimorphic action=maybe_recompile pc=0x0000000004211abc method=sun.nio.cs.StreamEncoder.writeBytes()V @ 120
Event: 7792.572 Thread 0x0000000020ea5800 Uncommon trap: reason=bimorphic action=maybe_recompile pc=0x0000000004211abc method=sun.nio.cs.StreamEncoder.writeBytes()V @ 120
Event: 7792.584 Thread 0x0000000020ea4800 Uncommon trap: reason=bimorphic action=maybe_recompile pc=0x0000000004211abc method=sun.nio.cs.StreamEncoder.writeBytes()V @ 120
Event: 7792.589 Thread 0x0000000020ea1800 Uncommon trap: reason=unstable_if action=reinterpret pc=0x000000000443c1bc method=java.io.BufferedReader.readLine(Z)Ljava/lang/String; @ 192
Event: 7792.593 Thread 0x0000000020eab800 Uncommon trap: reason=unstable_if action=reinterpret pc=0x000000000443c1bc method=java.io.BufferedReader.readLine(Z)Ljava/lang/String; @ 192

Classes redefined (0 events):
No events

Internal exceptions (10 events):
Event: 7792.348 Thread 0x000000001dac7800 Exception <a 'java/lang/NoSuchMethodError': <clinit>> (0x00000000d9291f40) thrown at [C:\src\AOSP-openjdk-git\hotspot\src\share\vm\prims\jni.cpp, line 1615]
Event: 7792.349 Thread 0x000000001dac7800 Exception <a 'java/lang/NoSuchMethodError': <clinit>> (0x00000000d92a9090) thrown at [C:\src\AOSP-openjdk-git\hotspot\src\share\vm\prims\jni.cpp, line 1615]
Event: 7792.398 Thread 0x000000001d2a8000 Exception <a 'java/lang/NoSuchMethodError': <clinit>> (0x00000000d6366fa0) thrown at [C:\src\AOSP-openjdk-git\hotspot\src\share\vm\prims\jni.cpp, line 1615]
Event: 7792.453 Thread 0x0000000022535800 Implicit null exception at 0x0000000004c7d328 to 0x0000000004c7d8b9
Event: 7792.550 Thread 0x000000001d29f800 Exception <a 'sun/nio/fs/WindowsException'> (0x00000000d9fb9ad0) thrown at [C:\src\AOSP-openjdk-git\hotspot\src\share\vm\prims\jni.cpp, line 710]
Event: 7792.550 Thread 0x000000001d29f800 Exception <a 'sun/nio/fs/WindowsException'> (0x00000000d9fbab68) thrown at [C:\src\AOSP-openjdk-git\hotspot\src\share\vm\prims\jni.cpp, line 710]
Event: 7792.550 Thread 0x000000001d29f800 Exception <a 'sun/nio/fs/WindowsException'> (0x00000000d9fbb680) thrown at [C:\src\AOSP-openjdk-git\hotspot\src\share\vm\prims\jni.cpp, line 710]
Event: 7792.550 Thread 0x000000001d29f800 Exception <a 'sun/nio/fs/WindowsException'> (0x00000000d9fbc6e8) thrown at [C:\src\AOSP-openjdk-git\hotspot\src\share\vm\prims\jni.cpp, line 710]
Event: 7792.550 Thread 0x000000001d29f800 Exception <a 'sun/nio/fs/WindowsException'> (0x00000000d9fbd1b8) thrown at [C:\src\AOSP-openjdk-git\hotspot\src\share\vm\prims\jni.cpp, line 710]
Event: 7792.550 Thread 0x000000001d29f800 Exception <a 'sun/nio/fs/WindowsException'> (0x00000000d9fbe208) thrown at [C:\src\AOSP-openjdk-git\hotspot\src\share\vm\prims\jni.cpp, line 710]

Events (10 events):
Event: 7792.594 loading class com/android/manifmerger/ManifestModel
Event: 7792.594 loading class com/android/manifmerger/ManifestModel done
Event: 7792.595 loading class com/android/manifmerger/NodeKeyResolver
Event: 7792.595 loading class com/android/manifmerger/NodeKeyResolver done
Event: 7792.598 loading class com/android/manifmerger/ManifestModel$AttributeBasedNodeKeyResolver
Event: 7792.598 loading class com/android/manifmerger/ManifestModel$AttributeBasedNodeKeyResolver done
Event: 7792.600 loading class com/android/manifmerger/ManifestModel$NoKeyNodeResolver
Event: 7792.600 loading class com/android/manifmerger/ManifestModel$NoKeyNodeResolver done
Event: 7792.601 loading class com/android/manifmerger/ManifestModel$1
Event: 7792.601 loading class com/android/manifmerger/ManifestModel$1 done


Dynamic libraries:
0x00007ff6679a0000 - 0x00007ff6679d1000 	C:\Program Files\Android\Android Studio\jre\bin\java.exe
0x00007ff875aa0000 - 0x00007ff875c90000 	C:\Windows\SYSTEM32\ntdll.dll
0x00007ff874f80000 - 0x00007ff875032000 	C:\Windows\System32\KERNEL32.DLL
0x00007ff873410000 - 0x00007ff8736b5000 	C:\Windows\System32\KERNELBASE.dll
0x00007ff873bf0000 - 0x00007ff873c93000 	C:\Windows\System32\ADVAPI32.dll
0x00007ff873b50000 - 0x00007ff873bee000 	C:\Windows\System32\msvcrt.dll
0x00007ff8743c0000 - 0x00007ff874457000 	C:\Windows\System32\sechost.dll
0x00007ff875940000 - 0x00007ff875a5f000 	C:\Windows\System32\RPCRT4.dll
0x00007ff874460000 - 0x00007ff8745f4000 	C:\Windows\System32\USER32.dll
0x00007ff872a10000 - 0x00007ff872a31000 	C:\Windows\System32\win32u.dll
0x00007ff875770000 - 0x00007ff875796000 	C:\Windows\System32\GDI32.dll
0x00007ff873740000 - 0x00007ff8738d8000 	C:\Windows\System32\gdi32full.dll
0x00007ff873ab0000 - 0x00007ff873b4e000 	C:\Windows\System32\msvcp_win.dll
0x00007ff873990000 - 0x00007ff873a8a000 	C:\Windows\System32\ucrtbase.dll
0x00007ff8623d0000 - 0x00007ff862654000 	C:\Windows\WinSxS\amd64_microsoft.windows.common-controls_6595b64144ccf1df_6.0.18362.1440_none_9e7dbfb9e45e8e67\COMCTL32.dll
0x00007ff8751b0000 - 0x00007ff8754e6000 	C:\Windows\System32\combase.dll
0x00007ff872aa0000 - 0x00007ff872b21000 	C:\Windows\System32\bcryptPrimitives.dll
0x00007ff874390000 - 0x00007ff8743be000 	C:\Windows\System32\IMM32.DLL
0x00000000559b0000 - 0x0000000055a82000 	C:\Program Files\Android\Android Studio\jre\jre\bin\msvcr100.dll
0x0000000055b70000 - 0x00000000563bb000 	C:\Program Files\Android\Android Studio\jre\jre\bin\server\jvm.dll
0x00007ff8756b0000 - 0x00007ff8756b8000 	C:\Windows\System32\PSAPI.DLL
0x00007ff8711c0000 - 0x00007ff8711e4000 	C:\Windows\SYSTEM32\WINMM.dll
0x00007ff86b890000 - 0x00007ff86b89a000 	C:\Windows\SYSTEM32\VERSION.dll
0x00007ff870580000 - 0x00007ff870589000 	C:\Windows\SYSTEM32\WSOCK32.dll
0x00007ff874820000 - 0x00007ff87488f000 	C:\Windows\System32\WS2_32.dll
0x00007ff871170000 - 0x00007ff87119d000 	C:\Windows\SYSTEM32\winmmbase.dll
0x00007ff8736f0000 - 0x00007ff87373a000 	C:\Windows\System32\cfgmgr32.dll
0x00007ff86c060000 - 0x00007ff86c06f000 	C:\Program Files\Android\Android Studio\jre\jre\bin\verify.dll
0x00007ff8641b0000 - 0x00007ff8641d9000 	C:\Program Files\Android\Android Studio\jre\jre\bin\java.dll
0x00007ff86c040000 - 0x00007ff86c056000 	C:\Program Files\Android\Android Studio\jre\jre\bin\zip.dll
0x00007ff874890000 - 0x00007ff874f78000 	C:\Windows\System32\SHELL32.dll
0x00007ff8756c0000 - 0x00007ff875767000 	C:\Windows\System32\shcore.dll
0x00007ff872b30000 - 0x00007ff8732ab000 	C:\Windows\System32\windows.storage.dll
0x00007ff872980000 - 0x00007ff87299e000 	C:\Windows\System32\profapi.dll
0x00007ff8729a0000 - 0x00007ff8729ea000 	C:\Windows\System32\powrprof.dll
0x00007ff872950000 - 0x00007ff872960000 	C:\Windows\System32\UMPDC.dll
0x00007ff873d80000 - 0x00007ff873dd2000 	C:\Windows\System32\shlwapi.dll
0x00007ff872960000 - 0x00007ff872971000 	C:\Windows\System32\kernel.appcore.dll
0x00007ff873a90000 - 0x00007ff873aa7000 	C:\Windows\System32\cryptsp.dll
0x00007ff867540000 - 0x00007ff86755a000 	C:\Program Files\Android\Android Studio\jre\jre\bin\net.dll
0x00007ff872130000 - 0x00007ff872197000 	C:\Windows\system32\mswsock.dll
0x00007ff867500000 - 0x00007ff867513000 	C:\Program Files\Android\Android Studio\jre\jre\bin\nio.dll
0x00007ff861fd0000 - 0x00007ff861ff7000 	C:\Users\APitaya\.gradle\native\f6784746aeab05261644944871eae4fe03e0ef1612fff0a4a95f87b438bc6780\windows-amd64\native-platform.dll
0x00007ff86c010000 - 0x00007ff86c01d000 	C:\Program Files\Android\Android Studio\jre\jre\bin\management.dll
0x00007ff871cb0000 - 0x00007ff871ce3000 	C:\Windows\system32\rsaenh.dll
0x00007ff8736c0000 - 0x00007ff8736e6000 	C:\Windows\System32\bcrypt.dll
0x00007ff872870000 - 0x00007ff872895000 	C:\Windows\SYSTEM32\USERENV.dll
0x00007ff872300000 - 0x00007ff87230c000 	C:\Windows\SYSTEM32\CRYPTBASE.dll
0x00007ff871e40000 - 0x00007ff871e7a000 	C:\Windows\SYSTEM32\IPHLPAPI.DLL
0x00007ff8746b0000 - 0x00007ff8746b8000 	C:\Windows\System32\NSI.dll
0x00007ff869790000 - 0x00007ff8697a6000 	C:\Windows\SYSTEM32\dhcpcsvc6.DLL
0x00007ff869770000 - 0x00007ff86978c000 	C:\Windows\SYSTEM32\dhcpcsvc.DLL
0x00007ff871e80000 - 0x00007ff871f4b000 	C:\Windows\SYSTEM32\DNSAPI.dll
0x00007ff869f70000 - 0x00007ff869f7b000 	C:\Windows\SYSTEM32\WINNSI.DLL
0x00007ff8469b0000 - 0x00007ff846b4c000 	C:\Program Files\Android\Android Studio\jre\jre\bin\awt.dll
0x00007ff875870000 - 0x00007ff875935000 	C:\Windows\System32\OLEAUT32.dll
0x00007ff870a20000 - 0x00007ff870a4d000 	C:\Windows\SYSTEM32\dwmapi.dll
0x00007ff86eee0000 - 0x00007ff86f4a0000 	C:\Windows\SYSTEM32\d2d1.dll
0x00007ff870390000 - 0x00007ff87041f000 	C:\Windows\SYSTEM32\apphelp.dll
0x00007ff870600000 - 0x00007ff870699000 	C:\Windows\system32\uxtheme.dll

VM Arguments:
jvm_args: -Xmx2048m -Dfile.encoding=UTF-8 -Duser.country=CN -Duser.language=zh -Duser.variant 
java_command: org.gradle.launcher.daemon.bootstrap.GradleDaemon 6.5
java_class_path (initial): C:\Users\APitaya\.gradle\wrapper\dists\gradle-6.5-bin\6nifqtx7604sqp1q6g8wikw7p\gradle-6.5\lib\gradle-launcher-6.5.jar
Launcher Type: SUN_STANDARD

Environment Variables:
PATH=C:\Program Files (x86)\Common Files\Oracle\Java\javapath;C:\Windows\system32;C:\Windows;C:\Windows\System32\Wbem;C:\Windows\System32\WindowsPowerShell\v1.0\;C:\Windows\System32\OpenSSH\;D:\SoftWare\;D:\tools\apache-maven-3.6.3\bin;C:\Users\APitaya\AppData\Local\Android\Sdk\platform-tools;C:\Program Files\MySQL\MySQL Shell 8.0\bin\;C:\Users\APitaya\AppData\Local\Microsoft\WindowsApps;;D:\\IDEA\IntelliJ IDEA 2020.2.3\bin;;D:\\WebStorm\WebStorm 2020.2.3\bin;;C:\Users\APitaya\AppData\Roaming\npm
USERNAME=APitaya
OS=Windows_NT
PROCESSOR_IDENTIFIER=AMD64 Family 23 Model 96 Stepping 1, AuthenticAMD



---------------  S Y S T E M  ---------------

OS: Windows 10.0 , 64 bit Build 18362 (10.0.18362.1350)

CPU:total 16 (initial active 16) (16 cores per cpu, 1 threads per core) family 23 model 96 stepping 1, cmov, cx8, fxsr, mmx, sse, sse2, sse3, ssse3, sse4.1, sse4.2, popcnt, avx, avx2, aes, clmul, mmxext, 3dnowpref, lzcnt, sse4a, tsc, tscinvbit, tscinv, bmi1

Memory: 4k page, physical 16112436k(4255472k free), swap 16112436k(4984k free)

vm_info: OpenJDK 64-Bit Server VM (25.242-b01) for windows-amd64 JRE (1.8.0_242-release-1644-b01), built by "builder" with MS VC++ 10.0 (VS2010)

time: Mon Apr 05 21:46:41 2021
timezone: 
elapsed time: 7792 seconds (0d 2h 9m 52s)

