#
# There is insufficient memory for the Java Runtime Environment to continue.
# Native memory allocation (malloc) failed to allocate 32744 bytes for ChunkPool::allocate
# Possible reasons:
#   The system is out of physical RAM or swap space
#   The process is running with CompressedOops enabled, and the Java Heap may be blocking the growth of the native heap
# Possible solutions:
#   Reduce memory load on the system
#   Increase physical memory or swap space
#   Check if swap backing store is full
#   Decrease Java heap size (-Xmx/-Xms)
#   Decrease number of Java threads
#   Decrease Java thread stack sizes (-Xss)
#   Set larger code cache with -XX:ReservedCodeCacheSize=
#   JVM is running with Unscaled Compressed Oops mode in which the Java heap is
#     placed in the first 4GB address space. The Java Heap base address is the
#     maximum limit for the native heap growth. Please use -XX:HeapBaseMinAddress
#     to set the Java Heap base and to place the Java Heap above 4GB virtual address.
# This output file may be truncated or incomplete.
#
#  Out of Memory Error (allocation.cpp:272), pid=6536, tid=0x00000000000042ac
#
# JRE version: OpenJDK Runtime Environment (8.0_242-b01) (build 1.8.0_242-release-1644-b01)
# Java VM: OpenJDK 64-Bit Server VM (25.242-b01 mixed mode windows-amd64 compressed oops)
# Failed to write core dump. Minidumps are not enabled by default on client versions of Windows
#

---------------  T H R E A D  ---------------

Current thread (0x0000000019f01800):  JavaThread "C2 CompilerThread6" daemon [_thread_in_native, id=17068, stack(0x000000001bff0000,0x000000001c0f0000)]

Stack: [0x000000001bff0000,0x000000001c0f0000]
[error occurred during error reporting (printing stack bounds), id 0xc0000005]

Native frames: (J=compiled Java code, j=interpreted, Vv=VM code, C=native code)


Current CompileTask:
C2:   3560 1772       4       com.google.common.base.CharMatcher::indexIn (48 bytes)


---------------  P R O C E S S  ---------------

Java Threads: ( => current thread )
  0x0000000019f56800 JavaThread "Cache worker for file hash cache (C:\Users\APitaya\.gradle\caches\6.5\fileHashes)" [_thread_blocked, id=23604, stack(0x0000000020440000,0x0000000020540000)]
  0x0000000019f58800 JavaThread "File lock request listener" [_thread_in_native, id=23780, stack(0x0000000020340000,0x0000000020440000)]
  0x000000001cd29000 JavaThread "Cache worker for journal cache (C:\Users\APitaya\.gradle\caches\journal-1)" [_thread_blocked, id=3912, stack(0x0000000020240000,0x0000000020340000)]
  0x000000001e57a000 JavaThread "Thread-9" [_thread_blocked, id=6108, stack(0x000000001ff40000,0x0000000020040000)]
  0x000000001e56b000 JavaThread "Stdin handler" [_thread_blocked, id=25288, stack(0x000000001fe40000,0x000000001ff40000)]
  0x000000001e56a000 JavaThread "Asynchronous log dispatcher for DefaultDaemonConnection: socket connection from /127.0.0.1:59497 to /127.0.0.1:59498" [_thread_blocked, id=8952, stack(0x000000001fd40000,0x000000001fe40000)]
  0x000000001e583800 JavaThread "Daemon worker" [_thread_blocked, id=6588, stack(0x000000001fc40000,0x000000001fd40000)]
  0x000000001e58b800 JavaThread "Cancel handler" [_thread_blocked, id=19148, stack(0x000000001fb40000,0x000000001fc40000)]
  0x000000001e537800 JavaThread "Handler for socket connection from /127.0.0.1:59497 to /127.0.0.1:59498" [_thread_in_native, id=18084, stack(0x000000001fa40000,0x000000001fb40000)]
  0x000000001e539800 JavaThread "Daemon" [_thread_blocked, id=7248, stack(0x000000001f940000,0x000000001fa40000)]
  0x000000001e4c2000 JavaThread "Daemon periodic checks" [_thread_blocked, id=23316, stack(0x000000001f640000,0x000000001f740000)]
  0x000000001e4c0000 JavaThread "Incoming local TCP Connector on port 59497" [_thread_in_native, id=3932, stack(0x000000001f490000,0x000000001f590000)]
  0x000000001e465800 JavaThread "Daemon health stats" [_thread_blocked, id=9384, stack(0x000000001f190000,0x000000001f290000)]
  0x0000000019fda000 JavaThread "Service Thread" daemon [_thread_blocked, id=10160, stack(0x000000001c5f0000,0x000000001c6f0000)]
  0x0000000019f55800 JavaThread "C1 CompilerThread11" daemon [_thread_blocked, id=12536, stack(0x000000001c4f0000,0x000000001c5f0000)]
  0x0000000019f55000 JavaThread "C1 CompilerThread10" daemon [_thread_blocked, id=24148, stack(0x000000001c3f0000,0x000000001c4f0000)]
  0x0000000019f53800 JavaThread "C1 CompilerThread9" daemon [_thread_blocked, id=920, stack(0x000000001c2f0000,0x000000001c3f0000)]
  0x0000000019f15800 JavaThread "C1 CompilerThread8" daemon [_thread_blocked, id=10576, stack(0x000000001c1f0000,0x000000001c2f0000)]
  0x0000000019f0a800 JavaThread "C2 CompilerThread7" daemon [_thread_in_native, id=7568, stack(0x000000001c0f0000,0x000000001c1f0000)]
=>0x0000000019f01800 JavaThread "C2 CompilerThread6" daemon [_thread_in_native, id=17068, stack(0x000000001bff0000,0x000000001c0f0000)]
  0x0000000019efe000 JavaThread "C2 CompilerThread5" daemon [_thread_in_native, id=24600, stack(0x000000001bef0000,0x000000001bff0000)]
  0x0000000019ef9000 JavaThread "C2 CompilerThread4" daemon [_thread_in_native, id=22052, stack(0x000000001bdf0000,0x000000001bef0000)]
  0x0000000019ef8800 JavaThread "C2 CompilerThread3" daemon [_thread_in_native, id=18588, stack(0x000000001bcf0000,0x000000001bdf0000)]
  0x0000000019ef2000 JavaThread "C2 CompilerThread2" daemon [_thread_in_native, id=13044, stack(0x000000001bbf0000,0x000000001bcf0000)]
  0x0000000019eef800 JavaThread "C2 CompilerThread1" daemon [_thread_blocked, id=18196, stack(0x000000001baf0000,0x000000001bbf0000)]
  0x0000000019eee000 JavaThread "C2 CompilerThread0" daemon [_thread_in_native, id=19232, stack(0x000000001b9f0000,0x000000001baf0000)]
  0x0000000019e95000 JavaThread "Attach Listener" daemon [_thread_blocked, id=1544, stack(0x000000001b8f0000,0x000000001b9f0000)]
  0x0000000019eed800 JavaThread "Signal Dispatcher" daemon [_thread_blocked, id=21764, stack(0x000000001b7f0000,0x000000001b8f0000)]
  0x00000000183e3000 JavaThread "Finalizer" daemon [_thread_blocked, id=25280, stack(0x000000001b6f0000,0x000000001b7f0000)]
  0x00000000183dc800 JavaThread "Reference Handler" daemon [_thread_blocked, id=24736, stack(0x000000001b5f0000,0x000000001b6f0000)]
  0x0000000002c6e000 JavaThread "main" [_thread_blocked, id=6752, stack(0x0000000002c70000,0x0000000002d70000)]

Other Threads:
  0x0000000019e51800 VMThread [stack: 0x000000001b4f0000,0x000000001b5f0000] [id=3076]
  0x0000000019fb4000 WatcherThread [stack: 0x000000001c6f0000,0x000000001c7f0000] [id=23800]

VM state:at safepoint (normal execution)

VM Mutex/Monitor currently owned by a thread:  ([mutex/lock_event])
[0x0000000002c6cff0] Threads_lock - owner thread: 0x0000000019e51800
[0x0000000002c6cf70] Heap_lock - owner thread: 0x000000001e583800

heap address: 0x0000000080000000, size: 2048 MB, Compressed Oops mode: 32-bit
Narrow klass base: 0x0000000000000000, Narrow klass shift: 3
Compressed class space size: 1073741824 Address: 0x0000000100000000

Heap:
 PSYoungGen      total 73728K, used 56294K [0x00000000d5580000, 0x00000000da780000, 0x0000000100000000)
  eden space 63488K, 75% used [0x00000000d5580000,0x00000000d84585b8,0x00000000d9380000)
  from space 10240K, 81% used [0x00000000d9d80000,0x00000000da5a1610,0x00000000da780000)
  to   space 10240K, 62% used [0x00000000d9380000,0x00000000d99c2020,0x00000000d9d80000)
 ParOldGen       total 167936K, used 32K [0x0000000080000000, 0x000000008a400000, 0x00000000d5580000)
  object space 167936K, 0% used [0x0000000080000000,0x0000000080008000,0x000000008a400000)
 Metaspace       used 17833K, capacity 18448K, committed 18560K, reserved 1069056K
  class space    used 2436K, capacity 2632K, committed 2688K, reserved 1048576K

Card table byte_map: [0x0000000012230000,0x0000000012640000] byte_map_base: 0x0000000011e30000

Marking Bits: (ParMarkBitMap*) 0x000000005633f030
 Begin Bits: [0x00000000135f0000, 0x00000000155f0000)
 End Bits:   [0x00000000155f0000, 0x00000000175f0000)

Polling page: 0x0000000000a90000

CodeCache: size=245760Kb used=7716Kb max_used=7716Kb free=238043Kb
 bounds [0x0000000002e70000, 0x0000000003600000, 0x0000000011e70000]
 total_blobs=2186 nmethods=1779 adapters=318
 compilation: enabled

Compilation events (10 events):
Event: 3.520 Thread 0x0000000019f15800 1771       3       com.google.common.base.AbstractIterator::<init> (12 bytes)
Event: 3.521 Thread 0x0000000019f55800 nmethod 1765 0x00000000035f2bd0 code [0x00000000035f2e20, 0x00000000035f3d98]
Event: 3.521 Thread 0x0000000019f15800 nmethod 1771 0x00000000035f4710 code [0x00000000035f4880, 0x00000000035f4a50]
Event: 3.521 Thread 0x0000000019eee000 1773 %     4       sun.nio.cs.UTF_8$Decoder::decodeArrayLoop @ 73 (691 bytes)
Event: 3.521 Thread 0x0000000019f55000 nmethod 1769 0x00000000035f4b10 code [0x00000000035f4c80, 0x00000000035f4e28]
Event: 3.521 Thread 0x0000000019f53800 nmethod 1770 0x00000000035f4ed0 code [0x00000000035f5040, 0x00000000035f52f0]
Event: 3.521 Thread 0x0000000019f15800 1774       3       com.google.common.base.Splitter::splitToList (49 bytes)
Event: 3.522 Thread 0x0000000019ef2000 1775 %     4       com.google.common.io.LineBuffer::add @ 47 (204 bytes)
Event: 3.523 Thread 0x0000000019f15800 nmethod 1774 0x00000000035f5410 code [0x00000000035f56c0, 0x00000000035f6998]
Event: 3.523 Thread 0x0000000019efe000 1776       4       java.util.ArrayList$SubList$1::next (79 bytes)

GC Heap History (4 events):
Event: 1.415 GC heap before
{Heap before GC invocations=1 (full 0):
 PSYoungGen      total 73728K, used 63488K [0x00000000d5580000, 0x00000000da780000, 0x0000000100000000)
  eden space 63488K, 100% used [0x00000000d5580000,0x00000000d9380000,0x00000000d9380000)
  from space 10240K, 0% used [0x00000000d9d80000,0x00000000d9d80000,0x00000000da780000)
  to   space 10240K, 0% used [0x00000000d9380000,0x00000000d9380000,0x00000000d9d80000)
 ParOldGen       total 167936K, used 0K [0x0000000080000000, 0x000000008a400000, 0x00000000d5580000)
  object space 167936K, 0% used [0x0000000080000000,0x0000000080000000,0x000000008a400000)
 Metaspace       used 7789K, capacity 8104K, committed 8320K, reserved 1056768K
  class space    used 944K, capacity 1039K, committed 1152K, reserved 1048576K
Event: 1.423 GC heap after
Heap after GC invocations=1 (full 0):
 PSYoungGen      total 73728K, used 5873K [0x00000000d5580000, 0x00000000da780000, 0x0000000100000000)
  eden space 63488K, 0% used [0x00000000d5580000,0x00000000d5580000,0x00000000d9380000)
  from space 10240K, 57% used [0x00000000d9380000,0x00000000d993c510,0x00000000d9d80000)
  to   space 10240K, 0% used [0x00000000d9d80000,0x00000000d9d80000,0x00000000da780000)
 ParOldGen       total 167936K, used 16K [0x0000000080000000, 0x000000008a400000, 0x00000000d5580000)
  object space 167936K, 0% used [0x0000000080000000,0x0000000080004000,0x000000008a400000)
 Metaspace       used 7789K, capacity 8104K, committed 8320K, reserved 1056768K
  class space    used 944K, capacity 1039K, committed 1152K, reserved 1048576K
}
Event: 3.081 GC heap before
{Heap before GC invocations=2 (full 0):
 PSYoungGen      total 73728K, used 69361K [0x00000000d5580000, 0x00000000da780000, 0x0000000100000000)
  eden space 63488K, 100% used [0x00000000d5580000,0x00000000d9380000,0x00000000d9380000)
  from space 10240K, 57% used [0x00000000d9380000,0x00000000d993c510,0x00000000d9d80000)
  to   space 10240K, 0% used [0x00000000d9d80000,0x00000000d9d80000,0x00000000da780000)
 ParOldGen       total 167936K, used 16K [0x0000000080000000, 0x000000008a400000, 0x00000000d5580000)
  object space 167936K, 0% used [0x0000000080000000,0x0000000080004000,0x000000008a400000)
 Metaspace       used 13265K, capacity 13710K, committed 13824K, reserved 1060864K
  class space    used 1816K, capacity 1951K, committed 2048K, reserved 1048576K
Event: 3.089 GC heap after
Heap after GC invocations=2 (full 0):
 PSYoungGen      total 73728K, used 8325K [0x00000000d5580000, 0x00000000da780000, 0x0000000100000000)
  eden space 63488K, 0% used [0x00000000d5580000,0x00000000d5580000,0x00000000d9380000)
  from space 10240K, 81% used [0x00000000d9d80000,0x00000000da5a1610,0x00000000da780000)
  to   space 10240K, 0% used [0x00000000d9380000,0x00000000d9380000,0x00000000d9d80000)
 ParOldGen       total 167936K, used 24K [0x0000000080000000, 0x000000008a400000, 0x00000000d5580000)
  object space 167936K, 0% used [0x0000000080000000,0x0000000080006000,0x000000008a400000)
 Metaspace       used 13265K, capacity 13710K, committed 13824K, reserved 1060864K
  class space    used 1816K, capacity 1951K, committed 2048K, reserved 1048576K
}

Deoptimization events (10 events):
Event: 3.156 Thread 0x000000001e583800 Uncommon trap: reason=class_check action=maybe_recompile pc=0x000000000339671c method=java.util.regex.Matcher.match(II)Z @ 86
Event: 3.156 Thread 0x000000001e583800 Uncommon trap: reason=class_check action=maybe_recompile pc=0x00000000031f591c method=java.util.regex.Matcher.match(II)Z @ 86
Event: 3.252 Thread 0x000000001e583800 Uncommon trap: reason=unstable_if action=reinterpret pc=0x000000000338a7b8 method=java.io.File.getName()Ljava/lang/String; @ 16
Event: 3.252 Thread 0x000000001e583800 Uncommon trap: reason=unstable_if action=reinterpret pc=0x0000000003389108 method=java.lang.String.substring(I)Ljava/lang/String; @ 35
Event: 3.442 Thread 0x000000001e583800 Uncommon trap: reason=unstable_if action=reinterpret pc=0x000000000338b470 method=java.util.LinkedHashMap.afterNodeInsertion(Z)V @ 1
Event: 3.443 Thread 0x000000001e583800 Uncommon trap: reason=unstable_if action=reinterpret pc=0x00000000032c7bfc method=java.util.HashMap.getNode(ILjava/lang/Object;)Ljava/util/HashMap$Node; @ 129
Event: 3.443 Thread 0x000000001e583800 Uncommon trap: reason=bimorphic action=maybe_recompile pc=0x0000000003523b04 method=java.util.HashMap.putVal(ILjava/lang/Object;Ljava/lang/Object;ZZ)Ljava/lang/Object; @ 203
Event: 3.445 Thread 0x000000001e583800 Uncommon trap: reason=unstable_if action=reinterpret pc=0x00000000032af184 method=java.util.HashMap.getNode(ILjava/lang/Object;)Ljava/util/HashMap$Node; @ 129
Event: 3.446 Thread 0x000000001e583800 Uncommon trap: reason=bimorphic action=maybe_recompile pc=0x0000000003523b04 method=java.util.HashMap.putVal(ILjava/lang/Object;Ljava/lang/Object;ZZ)Ljava/lang/Object; @ 203
Event: 3.446 Thread 0x000000001e583800 Uncommon trap: reason=bimorphic action=maybe_recompile pc=0x0000000003538848 method=java.util.HashMap.putVal(ILjava/lang/Object;Ljava/lang/Object;ZZ)Ljava/lang/Object; @ 203

Classes redefined (0 events):
No events

Internal exceptions (10 events):
Event: 2.896 Thread 0x000000001e537800 Exception <a 'java/lang/NoSuchMethodError': <clinit>> (0x00000000d7faf8d8) thrown at [C:\src\AOSP-openjdk-git\hotspot\src\share\vm\prims\jni.cpp, line 1615]
Event: 2.897 Thread 0x000000001e537800 Exception <a 'java/lang/NoSuchMethodError': <clinit>> (0x00000000d7fc3ee8) thrown at [C:\src\AOSP-openjdk-git\hotspot\src\share\vm\prims\jni.cpp, line 1615]
Event: 2.907 Thread 0x000000001e537800 Exception <a 'java/lang/NoSuchMethodError': <clinit>> (0x00000000d80313b0) thrown at [C:\src\AOSP-openjdk-git\hotspot\src\share\vm\prims\jni.cpp, line 1615]
Event: 2.912 Thread 0x000000001e537800 Exception <a 'java/lang/NoSuchMethodError': <clinit>> (0x00000000d806b8a8) thrown at [C:\src\AOSP-openjdk-git\hotspot\src\share\vm\prims\jni.cpp, line 1615]
Event: 2.918 Thread 0x000000001e537800 Exception <a 'java/lang/NoSuchMethodError': <clinit>> (0x00000000d80a1460) thrown at [C:\src\AOSP-openjdk-git\hotspot\src\share\vm\prims\jni.cpp, line 1615]
Event: 2.919 Thread 0x000000001e537800 Exception <a 'java/lang/NoSuchMethodError': <clinit>> (0x00000000d80ad9c0) thrown at [C:\src\AOSP-openjdk-git\hotspot\src\share\vm\prims\jni.cpp, line 1615]
Event: 3.285 Thread 0x000000001e583800 Exception <a 'java/lang/NoSuchMethodError': java.lang.Object.lambda$and$0(Ljava/util/function/Predicate;Ljava/lang/Object;)Z> (0x00000000d66b13e0) thrown at [C:\src\AOSP-openjdk-git\hotspot\src\share\vm\interpreter\linkResolver.cpp, line 620]
Event: 3.291 Thread 0x000000001e583800 Exception <a 'java/lang/IncompatibleClassChangeError': Found class java.lang.Object, but interface was expected> (0x00000000d66c16d8) thrown at [C:\src\AOSP-openjdk-git\hotspot\src\share\vm\interpreter\linkResolver.cpp, line 653]
Event: 3.292 Thread 0x000000001e583800 Exception <a 'java/lang/NoSuchMethodError': java.lang.Object.lambda$or$2(Ljava/util/function/Predicate;Ljava/lang/Object;)Z> (0x00000000d66c6228) thrown at [C:\src\AOSP-openjdk-git\hotspot\src\share\vm\interpreter\linkResolver.cpp, line 620]
Event: 3.486 Thread 0x000000001e583800 Exception <a 'java/lang/NoSuchMethodError': java.lang.Object.lambda$static$0(Lorg/gradle/internal/state/ModelObject;)Ljava/lang/String;> (0x00000000d7eab108) thrown at [C:\src\AOSP-openjdk-git\hotspot\src\share\vm\interpreter\linkResolver.cpp, line 620]

Events (10 events):
Event: 3.512 loading class com/google/common/base/Splitter$SplittingIterator
Event: 3.512 loading class com/google/common/base/Splitter$SplittingIterator done
Event: 3.512 loading class com/google/common/base/AbstractIterator
Event: 3.512 loading class com/google/common/base/AbstractIterator done
Event: 3.512 loading class com/google/common/base/Splitter$1$1
Event: 3.512 loading class com/google/common/base/Splitter$1$1 done
Event: 3.513 loading class com/google/common/base/AbstractIterator$State
Event: 3.513 loading class com/google/common/base/AbstractIterator$State done
Event: 3.514 loading class com/google/common/base/AbstractIterator$1
Event: 3.514 loading class com/google/common/base/AbstractIterator$1 done


Dynamic libraries:
0x00007ff6679a0000 - 0x00007ff6679d1000 	C:\Program Files\Android\Android Studio\jre\bin\java.exe
0x00007ff875aa0000 - 0x00007ff875c90000 	C:\Windows\SYSTEM32\ntdll.dll
0x00007ff874f80000 - 0x00007ff875032000 	C:\Windows\System32\KERNEL32.DLL
0x00007ff873410000 - 0x00007ff8736b5000 	C:\Windows\System32\KERNELBASE.dll
0x00007ff873bf0000 - 0x00007ff873c93000 	C:\Windows\System32\ADVAPI32.dll
0x00007ff873b50000 - 0x00007ff873bee000 	C:\Windows\System32\msvcrt.dll
0x00007ff8743c0000 - 0x00007ff874457000 	C:\Windows\System32\sechost.dll
0x00007ff875940000 - 0x00007ff875a5f000 	C:\Windows\System32\RPCRT4.dll
0x00007ff874460000 - 0x00007ff8745f4000 	C:\Windows\System32\USER32.dll
0x00007ff872a10000 - 0x00007ff872a31000 	C:\Windows\System32\win32u.dll
0x00007ff875770000 - 0x00007ff875796000 	C:\Windows\System32\GDI32.dll
0x00007ff873740000 - 0x00007ff8738d8000 	C:\Windows\System32\gdi32full.dll
0x00007ff873ab0000 - 0x00007ff873b4e000 	C:\Windows\System32\msvcp_win.dll
0x00007ff873990000 - 0x00007ff873a8a000 	C:\Windows\System32\ucrtbase.dll
0x00007ff8623d0000 - 0x00007ff862654000 	C:\Windows\WinSxS\amd64_microsoft.windows.common-controls_6595b64144ccf1df_6.0.18362.1440_none_9e7dbfb9e45e8e67\COMCTL32.dll
0x00007ff8751b0000 - 0x00007ff8754e6000 	C:\Windows\System32\combase.dll
0x00007ff872aa0000 - 0x00007ff872b21000 	C:\Windows\System32\bcryptPrimitives.dll
0x00007ff874390000 - 0x00007ff8743be000 	C:\Windows\System32\IMM32.DLL
0x00000000559b0000 - 0x0000000055a82000 	C:\Program Files\Android\Android Studio\jre\jre\bin\msvcr100.dll
0x0000000055b70000 - 0x00000000563bb000 	C:\Program Files\Android\Android Studio\jre\jre\bin\server\jvm.dll
0x00007ff8756b0000 - 0x00007ff8756b8000 	C:\Windows\System32\PSAPI.DLL
0x00007ff870580000 - 0x00007ff870589000 	C:\Windows\SYSTEM32\WSOCK32.dll
0x00007ff86b890000 - 0x00007ff86b89a000 	C:\Windows\SYSTEM32\VERSION.dll
0x00007ff8711c0000 - 0x00007ff8711e4000 	C:\Windows\SYSTEM32\WINMM.dll
0x00007ff874820000 - 0x00007ff87488f000 	C:\Windows\System32\WS2_32.dll
0x00007ff871170000 - 0x00007ff87119d000 	C:\Windows\SYSTEM32\WINMMBASE.dll
0x00007ff8736f0000 - 0x00007ff87373a000 	C:\Windows\System32\cfgmgr32.dll
0x00007ff86c060000 - 0x00007ff86c06f000 	C:\Program Files\Android\Android Studio\jre\jre\bin\verify.dll
0x00007ff8641b0000 - 0x00007ff8641d9000 	C:\Program Files\Android\Android Studio\jre\jre\bin\java.dll
0x00007ff86c040000 - 0x00007ff86c056000 	C:\Program Files\Android\Android Studio\jre\jre\bin\zip.dll
0x00007ff874890000 - 0x00007ff874f78000 	C:\Windows\System32\SHELL32.dll
0x00007ff8756c0000 - 0x00007ff875767000 	C:\Windows\System32\shcore.dll
0x00007ff872b30000 - 0x00007ff8732ab000 	C:\Windows\System32\windows.storage.dll
0x00007ff872980000 - 0x00007ff87299e000 	C:\Windows\System32\profapi.dll
0x00007ff8729a0000 - 0x00007ff8729ea000 	C:\Windows\System32\powrprof.dll
0x00007ff872950000 - 0x00007ff872960000 	C:\Windows\System32\UMPDC.dll
0x00007ff873d80000 - 0x00007ff873dd2000 	C:\Windows\System32\shlwapi.dll
0x00007ff872960000 - 0x00007ff872971000 	C:\Windows\System32\kernel.appcore.dll
0x00007ff873a90000 - 0x00007ff873aa7000 	C:\Windows\System32\cryptsp.dll
0x00007ff867540000 - 0x00007ff86755a000 	C:\Program Files\Android\Android Studio\jre\jre\bin\net.dll
0x00007ff872130000 - 0x00007ff872197000 	C:\Windows\system32\mswsock.dll
0x00007ff867500000 - 0x00007ff867513000 	C:\Program Files\Android\Android Studio\jre\jre\bin\nio.dll
0x00007ff861fd0000 - 0x00007ff861ff7000 	C:\Users\APitaya\.gradle\native\f6784746aeab05261644944871eae4fe03e0ef1612fff0a4a95f87b438bc6780\windows-amd64\native-platform.dll
0x00007ff86c010000 - 0x00007ff86c01d000 	C:\Program Files\Android\Android Studio\jre\jre\bin\management.dll
0x00007ff871cb0000 - 0x00007ff871ce3000 	C:\Windows\system32\rsaenh.dll
0x00007ff8736c0000 - 0x00007ff8736e6000 	C:\Windows\System32\bcrypt.dll
0x00007ff872870000 - 0x00007ff872895000 	C:\Windows\SYSTEM32\USERENV.dll
0x00007ff872300000 - 0x00007ff87230c000 	C:\Windows\SYSTEM32\CRYPTBASE.dll
0x00007ff871e40000 - 0x00007ff871e7a000 	C:\Windows\SYSTEM32\IPHLPAPI.DLL
0x00007ff8746b0000 - 0x00007ff8746b8000 	C:\Windows\System32\NSI.dll
0x00007ff869790000 - 0x00007ff8697a6000 	C:\Windows\SYSTEM32\dhcpcsvc6.DLL
0x00007ff869770000 - 0x00007ff86978c000 	C:\Windows\SYSTEM32\dhcpcsvc.DLL
0x00007ff871e80000 - 0x00007ff871f4b000 	C:\Windows\SYSTEM32\DNSAPI.dll
0x00007ff869f70000 - 0x00007ff869f7b000 	C:\Windows\SYSTEM32\WINNSI.DLL

VM Arguments:
jvm_args: -Xmx2048m -Dfile.encoding=UTF-8 -Duser.country=CN -Duser.language=zh -Duser.variant 
java_command: org.gradle.launcher.daemon.bootstrap.GradleDaemon 6.5
java_class_path (initial): C:\Users\APitaya\.gradle\wrapper\dists\gradle-6.5-bin\6nifqtx7604sqp1q6g8wikw7p\gradle-6.5\lib\gradle-launcher-6.5.jar
Launcher Type: SUN_STANDARD

Environment Variables:
PATH=C:\Program Files (x86)\Common Files\Oracle\Java\javapath;C:\Windows\system32;C:\Windows;C:\Windows\System32\Wbem;C:\Windows\System32\WindowsPowerShell\v1.0\;C:\Windows\System32\OpenSSH\;D:\SoftWare\;D:\tools\apache-maven-3.6.3\bin;C:\Users\APitaya\AppData\Local\Android\Sdk\platform-tools;C:\Program Files\MySQL\MySQL Shell 8.0\bin\;C:\Users\APitaya\AppData\Local\Microsoft\WindowsApps;;D:\软件\IDEA\IntelliJ IDEA 2020.2.3\bin;;D:\软件\WebStorm\WebStorm 2020.2.3\bin;;C:\Users\APitaya\AppData\Roaming\npm
USERNAME=APitaya
OS=Windows_NT
PROCESSOR_IDENTIFIER=AMD64 Family 23 Model 96 Stepping 1, AuthenticAMD



---------------  S Y S T E M  ---------------

OS: Windows 10.0 , 64 bit Build 18362 (10.0.18362.1350)

CPU:total 16 (initial active 16) (16 cores per cpu, 1 threads per core) family 23 model 96 stepping 1, cmov, cx8, fxsr, mmx, sse, sse2, sse3, ssse3, sse4.1, sse4.2, popcnt, avx, avx2, aes, clmul, mmxext, 3dnowpref, lzcnt, sse4a, tsc, tscinvbit, tscinv, bmi1

Memory: 4k page, physical 16112436k(4363576k free), swap 16112436k(5280k free)

vm_info: OpenJDK 64-Bit Server VM (25.242-b01) for windows-amd64 JRE (1.8.0_242-release-1644-b01), built by "builder" with MS VC++ 10.0 (VS2010)

time: Mon Apr 05 22:04:57 2021
timezone: 中国标准时间
elapsed time: 3 seconds (0d 0h 0m 3s)

