#
# There is insufficient memory for the Java Runtime Environment to continue.
# Native memory allocation (malloc) failed to allocate 706976 bytes for Chunk::new
# Possible reasons:
#   The system is out of physical RAM or swap space
#   The process is running with CompressedOops enabled, and the Java Heap may be blocking the growth of the native heap
# Possible solutions:
#   Reduce memory load on the system
#   Increase physical memory or swap space
#   Check if swap backing store is full
#   Decrease Java heap size (-Xmx/-Xms)
#   Decrease number of Java threads
#   Decrease Java thread stack sizes (-Xss)
#   Set larger code cache with -XX:ReservedCodeCacheSize=
#   JVM is running with Unscaled Compressed Oops mode in which the Java heap is
#     placed in the first 4GB address space. The Java Heap base address is the
#     maximum limit for the native heap growth. Please use -XX:HeapBaseMinAddress
#     to set the Java Heap base and to place the Java Heap above 4GB virtual address.
# This output file may be truncated or incomplete.
#
#  Out of Memory Error (allocation.cpp:389), pid=24840, tid=0x00000000000059ec
#
# JRE version: OpenJDK Runtime Environment (8.0_242-b01) (build 1.8.0_242-release-1644-b01)
# Java VM: OpenJDK 64-Bit Server VM (25.242-b01 mixed mode windows-amd64 compressed oops)
# Failed to write core dump. Minidumps are not enabled by default on client versions of Windows
#

---------------  T H R E A D  ---------------

Current thread (0x0000000019fc9000):  JavaThread "C2 CompilerThread4" daemon [_thread_in_native, id=23020, stack(0x000000001bf20000,0x000000001c020000)]

Stack: [0x000000001bf20000,0x000000001c020000]
[error occurred during error reporting (printing stack bounds), id 0xc0000005]

Native frames: (J=compiled Java code, j=interpreted, Vv=VM code, C=native code)


Current CompileTask:
C2:   9263 5887   !   4       java.net.URLClassLoader$1::run (63 bytes)


---------------  P R O C E S S  ---------------

Java Threads: ( => current thread )
  0x000000001a1fa000 JavaThread "Cache worker for file content cache (E:\scy-Android\WeChat_Project\.gradle\6.5\fileContent)" [_thread_blocked, id=24672, stack(0x000000002cee0000,0x000000002cfe0000)]
  0x000000001a1fb800 JavaThread "Memory manager" [_thread_blocked, id=18444, stack(0x000000002cbb0000,0x000000002ccb0000)]
  0x000000001a1fe000 JavaThread "Cache worker for Build Output Cleanup Cache (E:\scy-Android\WeChat_Project\.gradle\buildOutputCleanup)" [_thread_blocked, id=18764, stack(0x000000002c0b0000,0x000000002c1b0000)]
  0x000000001a1ff800 JavaThread "jar transforms Thread 92" [_thread_blocked, id=24272, stack(0x000000002bdb0000,0x000000002beb0000)]
  0x000000001a1fd000 JavaThread "jar transforms Thread 91" [_thread_blocked, id=3576, stack(0x000000002bcb0000,0x000000002bdb0000)]
  0x000000001a1fe800 JavaThread "jar transforms Thread 90" [_thread_blocked, id=23776, stack(0x000000002bbb0000,0x000000002bcb0000)]
  0x000000001a200000 JavaThread "jar transforms Thread 89" [_thread_blocked, id=23248, stack(0x000000002bab0000,0x000000002bbb0000)]
  0x000000001a1fb000 JavaThread "jar transforms Thread 88" [_thread_blocked, id=16780, stack(0x000000002b9b0000,0x000000002bab0000)]
  0x00000000217a2800 JavaThread "jar transforms Thread 87" [_thread_blocked, id=25140, stack(0x000000002b8b0000,0x000000002b9b0000)]
  0x00000000217a8800 JavaThread "jar transforms Thread 86" [_thread_blocked, id=9708, stack(0x000000002b7b0000,0x000000002b8b0000)]
  0x00000000217a7800 JavaThread "jar transforms Thread 85" [_thread_blocked, id=18576, stack(0x000000002b6b0000,0x000000002b7b0000)]
  0x00000000217a0000 JavaThread "jar transforms Thread 84" [_thread_blocked, id=8908, stack(0x000000002b5b0000,0x000000002b6b0000)]
  0x00000000217a6000 JavaThread "jar transforms Thread 83" [_thread_blocked, id=17824, stack(0x000000002b3b0000,0x000000002b4b0000)]
  0x00000000217a1000 JavaThread "jar transforms Thread 82" [_thread_blocked, id=13452, stack(0x000000002b2b0000,0x000000002b3b0000)]
  0x00000000217a7000 JavaThread "jar transforms Thread 81" [_thread_blocked, id=23604, stack(0x000000002b1b0000,0x000000002b2b0000)]
  0x00000000217a1800 JavaThread "jar transforms Thread 80" [_thread_blocked, id=1648, stack(0x000000002b0b0000,0x000000002b1b0000)]
  0x00000000217a4800 JavaThread "jar transforms Thread 79" [_thread_blocked, id=18736, stack(0x000000002afb0000,0x000000002b0b0000)]
  0x00000000217a5800 JavaThread "jar transforms Thread 78" [_thread_blocked, id=25332, stack(0x000000002aeb0000,0x000000002afb0000)]
  0x000000002179e800 JavaThread "jar transforms Thread 77" [_thread_blocked, id=8372, stack(0x000000002adb0000,0x000000002aeb0000)]
  0x000000002179f800 JavaThread "jar transforms Thread 76" [_thread_blocked, id=23876, stack(0x000000002acb0000,0x000000002adb0000)]
  0x00000000217a4000 JavaThread "jar transforms Thread 75" [_thread_blocked, id=23448, stack(0x000000002abb0000,0x000000002acb0000)]
  0x00000000217a3000 JavaThread "jar transforms Thread 74" [_thread_blocked, id=23532, stack(0x000000002aab0000,0x000000002abb0000)]
  0x000000002179e000 JavaThread "jar transforms Thread 73" [_thread_blocked, id=23856, stack(0x000000002a9b0000,0x000000002aab0000)]
  0x000000002179a000 JavaThread "jar transforms Thread 72" [_thread_blocked, id=25596, stack(0x000000002a8b0000,0x000000002a9b0000)]
  0x000000002179d000 JavaThread "jar transforms Thread 71" [_thread_blocked, id=15504, stack(0x000000002a7b0000,0x000000002a8b0000)]
  0x000000002179c800 JavaThread "jar transforms Thread 70" [_thread_blocked, id=25236, stack(0x000000002a6b0000,0x000000002a7b0000)]
  0x000000002179b800 JavaThread "jar transforms Thread 69" [_thread_blocked, id=23568, stack(0x000000002a5b0000,0x000000002a6b0000)]
  0x000000002179b000 JavaThread "jar transforms Thread 68" [_thread_blocked, id=9272, stack(0x000000002a4b0000,0x000000002a5b0000)]
  0x0000000021799800 JavaThread "jar transforms Thread 67" [_thread_blocked, id=17016, stack(0x000000002a3b0000,0x000000002a4b0000)]
  0x000000001ecf0800 JavaThread "jar transforms Thread 66" [_thread_blocked, id=21912, stack(0x000000002a2b0000,0x000000002a3b0000)]
  0x000000001ecef800 JavaThread "jar transforms Thread 65" [_thread_blocked, id=20208, stack(0x000000002a1b0000,0x000000002a2b0000)]
  0x000000001ecee000 JavaThread "jar transforms Thread 64" [_thread_blocked, id=17576, stack(0x000000002a0b0000,0x000000002a1b0000)]
  0x000000001ecef000 JavaThread "jar transforms Thread 63" [_thread_blocked, id=15168, stack(0x0000000029fb0000,0x000000002a0b0000)]
  0x000000001ecf1000 JavaThread "jar transforms Thread 62" [_thread_blocked, id=13376, stack(0x0000000029eb0000,0x0000000029fb0000)]
  0x000000001ece6800 JavaThread "jar transforms Thread 61" [_thread_blocked, id=22328, stack(0x0000000029db0000,0x0000000029eb0000)]
  0x000000001eced800 JavaThread "jar transforms Thread 60" [_thread_blocked, id=11708, stack(0x0000000029cb0000,0x0000000029db0000)]
  0x000000001ecec800 JavaThread "jar transforms Thread 59" [_thread_blocked, id=3720, stack(0x0000000029bb0000,0x0000000029cb0000)]
  0x000000001ecec000 JavaThread "jar transforms Thread 58" [_thread_blocked, id=12340, stack(0x0000000029ab0000,0x0000000029bb0000)]
  0x000000001eceb000 JavaThread "jar transforms Thread 57" [_thread_blocked, id=872, stack(0x00000000299b0000,0x0000000029ab0000)]
  0x000000001ece3800 JavaThread "jar transforms Thread 56" [_thread_blocked, id=25388, stack(0x00000000298b0000,0x00000000299b0000)]
  0x000000001ece9800 JavaThread "jar transforms Thread 55" [_thread_blocked, id=2312, stack(0x00000000297b0000,0x00000000298b0000)]
  0x000000001ecea800 JavaThread "jar transforms Thread 54" [_thread_blocked, id=14756, stack(0x00000000296b0000,0x00000000297b0000)]
  0x000000001ece2000 JavaThread "jar transforms Thread 53" [_thread_blocked, id=22872, stack(0x00000000295b0000,0x00000000296b0000)]
  0x000000001ece3000 JavaThread "jar transforms Thread 52" [_thread_blocked, id=24852, stack(0x00000000294b0000,0x00000000295b0000)]
  0x000000001ece6000 JavaThread "jar transforms Thread 51" [_thread_blocked, id=23372, stack(0x00000000293b0000,0x00000000294b0000)]
  0x000000001ece5000 JavaThread "jar transforms Thread 50" [_thread_blocked, id=22356, stack(0x00000000292b0000,0x00000000293b0000)]
  0x000000001ece4800 JavaThread "jar transforms Thread 49" [_thread_blocked, id=25456, stack(0x00000000291b0000,0x00000000292b0000)]
  0x000000001ece9000 JavaThread "jar transforms Thread 48" [_thread_blocked, id=19604, stack(0x00000000290b0000,0x00000000291b0000)]
  0x000000001ece8000 JavaThread "jar transforms Thread 47" [_thread_blocked, id=25404, stack(0x0000000028fb0000,0x00000000290b0000)]
  0x000000001ece7800 JavaThread "jar transforms Thread 46" [_thread_blocked, id=19568, stack(0x0000000028eb0000,0x0000000028fb0000)]
  0x0000000021804800 JavaThread "jar transforms Thread 45" [_thread_blocked, id=20976, stack(0x0000000028db0000,0x0000000028eb0000)]
  0x0000000021803800 JavaThread "jar transforms Thread 44" [_thread_blocked, id=6660, stack(0x0000000028cb0000,0x0000000028db0000)]
  0x0000000021803000 JavaThread "jar transforms Thread 43" [_thread_blocked, id=22236, stack(0x0000000028bb0000,0x0000000028cb0000)]
  0x0000000021802000 JavaThread "jar transforms Thread 42" [_thread_blocked, id=4016, stack(0x0000000028ab0000,0x0000000028bb0000)]
  0x0000000021801800 JavaThread "jar transforms Thread 41" [_thread_blocked, id=8576, stack(0x00000000289b0000,0x0000000028ab0000)]
  0x00000000217f9800 JavaThread "jar transforms Thread 40" [_thread_blocked, id=22652, stack(0x00000000288b0000,0x00000000289b0000)]
  0x0000000021800800 JavaThread "jar transforms Thread 39" [_thread_blocked, id=1612, stack(0x00000000287b0000,0x00000000288b0000)]
  0x0000000021800000 JavaThread "jar transforms Thread 38" [_thread_blocked, id=22704, stack(0x00000000286b0000,0x00000000287b0000)]
  0x00000000217ff000 JavaThread "jar transforms Thread 37" [_thread_blocked, id=15388, stack(0x00000000285b0000,0x00000000286b0000)]
  0x00000000217f7800 JavaThread "jar transforms Thread 36" [_thread_blocked, id=10936, stack(0x00000000284b0000,0x00000000285b0000)]
  0x00000000217fc000 JavaThread "jar transforms Thread 35" [_thread_blocked, id=8872, stack(0x00000000283b0000,0x00000000284b0000)]
  0x00000000217fe000 JavaThread "jar transforms Thread 34" [_thread_blocked, id=22668, stack(0x00000000282b0000,0x00000000283b0000)]
  0x00000000217f6800 JavaThread "jar transforms Thread 33" [_thread_blocked, id=908, stack(0x00000000281b0000,0x00000000282b0000)]
  0x00000000217fb000 JavaThread "jar transforms Thread 32" [_thread_blocked, id=25020, stack(0x00000000280b0000,0x00000000281b0000)]
  0x00000000217fd800 JavaThread "jar transforms Thread 31" [_thread_blocked, id=19128, stack(0x0000000027fb0000,0x00000000280b0000)]
  0x00000000217fc800 JavaThread "jar transforms Thread 30" [_thread_blocked, id=21932, stack(0x0000000027eb0000,0x0000000027fb0000)]
  0x00000000217fa800 JavaThread "jar transforms Thread 29" [_thread_blocked, id=15432, stack(0x0000000027db0000,0x0000000027eb0000)]
  0x00000000217f6000 JavaThread "jar transforms Thread 28" [_thread_blocked, id=13740, stack(0x0000000027cb0000,0x0000000027db0000)]
  0x00000000217f9000 JavaThread "jar transforms Thread 27" [_thread_blocked, id=8312, stack(0x0000000027bb0000,0x0000000027cb0000)]
  0x00000000217f8000 JavaThread "jar transforms Thread 26" [_thread_blocked, id=1740, stack(0x0000000027ab0000,0x0000000027bb0000)]
  0x00000000217f5000 JavaThread "jar transforms Thread 25" [_thread_blocked, id=12460, stack(0x00000000279b0000,0x0000000027ab0000)]
  0x0000000020a4b800 JavaThread "jar transforms Thread 24" [_thread_blocked, id=15536, stack(0x00000000278b0000,0x00000000279b0000)]
  0x0000000020a49800 JavaThread "jar transforms Thread 23" [_thread_blocked, id=24568, stack(0x00000000277b0000,0x00000000278b0000)]
  0x0000000020a48800 JavaThread "jar transforms Thread 22" [_thread_blocked, id=11180, stack(0x00000000276b0000,0x00000000277b0000)]
  0x0000000020a48000 JavaThread "jar transforms Thread 21" [_thread_blocked, id=12816, stack(0x00000000275b0000,0x00000000276b0000)]
  0x0000000020a44000 JavaThread "jar transforms Thread 20" [_thread_blocked, id=25496, stack(0x00000000274b0000,0x00000000275b0000)]
  0x0000000020a4a000 JavaThread "jar transforms Thread 19" [_thread_blocked, id=13476, stack(0x00000000273b0000,0x00000000274b0000)]
  0x0000000020a45800 JavaThread "jar transforms Thread 18" [_thread_blocked, id=6724, stack(0x00000000272b0000,0x00000000273b0000)]
  0x0000000020a45000 JavaThread "jar transforms Thread 17" [_thread_blocked, id=13384, stack(0x00000000271b0000,0x00000000272b0000)]
  0x0000000020a4b000 JavaThread "jar transforms Thread 16" [_thread_blocked, id=14972, stack(0x00000000270b0000,0x00000000271b0000)]
  0x0000000020a47000 JavaThread "jar transforms Thread 15" [_thread_blocked, id=20756, stack(0x0000000026fb0000,0x00000000270b0000)]
  0x0000000020a46800 JavaThread "jar transforms Thread 14" [_thread_blocked, id=25264, stack(0x0000000026eb0000,0x0000000026fb0000)]
  0x0000000020a3c800 JavaThread "jar transforms Thread 13" [_thread_blocked, id=25052, stack(0x0000000026db0000,0x0000000026eb0000)]
  0x0000000020a42800 JavaThread "jar transforms Thread 12" [_thread_blocked, id=8180, stack(0x0000000026cb0000,0x0000000026db0000)]
  0x0000000020a3d800 JavaThread "jar transforms Thread 11" [_thread_blocked, id=19692, stack(0x0000000026bb0000,0x0000000026cb0000)]
  0x0000000020a3f000 JavaThread "jar transforms Thread 10" [_thread_blocked, id=9876, stack(0x0000000026ab0000,0x0000000026bb0000)]
  0x0000000020a3e000 JavaThread "jar transforms Thread 9" [_thread_blocked, id=4320, stack(0x00000000269b0000,0x0000000026ab0000)]
  0x0000000020a41000 JavaThread "jar transforms Thread 8" [_thread_blocked, id=11344, stack(0x00000000268b0000,0x00000000269b0000)]
  0x0000000020a40800 JavaThread "jar transforms Thread 7" [_thread_blocked, id=24300, stack(0x00000000267b0000,0x00000000268b0000)]
  0x0000000020a3f800 JavaThread "jar transforms Thread 6" [_thread_blocked, id=1724, stack(0x00000000266b0000,0x00000000267b0000)]
  0x0000000020a42000 JavaThread "jar transforms Thread 5" [_thread_blocked, id=13216, stack(0x00000000265b0000,0x00000000266b0000)]
  0x0000000020a43800 JavaThread "jar transforms Thread 4" [_thread_blocked, id=12776, stack(0x00000000264b0000,0x00000000265b0000)]
  0x0000000021050000 JavaThread "jar transforms Thread 3" [_thread_blocked, id=12896, stack(0x00000000263b0000,0x00000000264b0000)]
  0x0000000021050800 JavaThread "jar transforms Thread 2" [_thread_blocked, id=11372, stack(0x0000000025160000,0x0000000025260000)]
  0x000000002104d800 JavaThread "Build operations Thread 16" [_thread_blocked, id=2208, stack(0x00000000260b0000,0x00000000261b0000)]
  0x000000002104f000 JavaThread "Build operations Thread 15" [_thread_blocked, id=820, stack(0x0000000025fb0000,0x00000000260b0000)]
  0x000000002104d000 JavaThread "Build operations Thread 14" [_thread_blocked, id=2256, stack(0x0000000025eb0000,0x0000000025fb0000)]
  0x000000002104e800 JavaThread "Build operations Thread 13" [_thread_blocked, id=5760, stack(0x0000000025db0000,0x0000000025eb0000)]
  0x0000000021045800 JavaThread "Build operations Thread 12" [_thread_blocked, id=23860, stack(0x0000000025cb0000,0x0000000025db0000)]
  0x000000002104c000 JavaThread "Build operations Thread 11" [_thread_blocked, id=21992, stack(0x0000000025bb0000,0x0000000025cb0000)]
  0x000000002104a800 JavaThread "Build operations Thread 10" [_thread_blocked, id=21592, stack(0x0000000025ab0000,0x0000000025bb0000)]
  0x000000002104a000 JavaThread "Build operations Thread 9" [_thread_blocked, id=18204, stack(0x00000000259b0000,0x0000000025ab0000)]
  0x0000000021049000 JavaThread "Build operations Thread 8" [_thread_blocked, id=22436, stack(0x00000000258b0000,0x00000000259b0000)]
  0x000000002104b800 JavaThread "Build operations Thread 7" [_thread_blocked, id=21536, stack(0x00000000257b0000,0x00000000258b0000)]
  0x0000000021048800 JavaThread "Build operations Thread 6" [_thread_blocked, id=3468, stack(0x00000000256b0000,0x00000000257b0000)]
  0x0000000021041800 JavaThread "Build operations Thread 5" [_thread_blocked, id=23732, stack(0x00000000255b0000,0x00000000256b0000)]
  0x0000000021047800 JavaThread "Build operations Thread 4" [_thread_blocked, id=25272, stack(0x00000000254b0000,0x00000000255b0000)]
  0x0000000021042800 JavaThread "Build operations Thread 3" [_thread_blocked, id=23008, stack(0x00000000253b0000,0x00000000254b0000)]
  0x0000000021043000 JavaThread "Build operations Thread 2" [_thread_blocked, id=25380, stack(0x00000000252b0000,0x00000000253b0000)]
  0x0000000021044800 JavaThread "Build operations" [_thread_blocked, id=14080, stack(0x0000000024a40000,0x0000000024b40000)]
  0x000000001cba9000 JavaThread "Cache worker for file content cache (C:\Users\APitaya\.gradle\caches\6.5\fileContent)" [_thread_blocked, id=22140, stack(0x0000000024940000,0x0000000024a40000)]
  0x000000001cbab000 JavaThread "jar transforms" [_thread_blocked, id=22740, stack(0x0000000024840000,0x0000000024940000)]
  0x000000001cbac000 JavaThread "Cache worker for execution history cache (C:\Users\APitaya\.gradle\caches\6.5\executionHistory)" [_thread_blocked, id=16652, stack(0x0000000024140000,0x0000000024240000)]
  0x000000001cbac800 JavaThread "Cache worker for cache directory md-rule (C:\Users\APitaya\.gradle\caches\6.5\md-rule)" [_thread_blocked, id=15996, stack(0x0000000024040000,0x0000000024140000)]
  0x000000001cbaa800 JavaThread "Cache worker for cache directory md-supplier (C:\Users\APitaya\.gradle\caches\6.5\md-supplier)" [_thread_blocked, id=14456, stack(0x0000000023f40000,0x0000000024040000)]
  0x000000001cba8000 JavaThread "Cache worker for checksums cache (E:\scy-Android\WeChat_Project\.gradle\checksums)" [_thread_blocked, id=21436, stack(0x00000000239e0000,0x0000000023ae0000)]
  0x000000001cba6800 JavaThread "Cache worker for file hash cache (E:\scy-Android\WeChat_Project\.gradle\6.5\fileHashes)" [_thread_blocked, id=4800, stack(0x0000000023b40000,0x0000000023c40000)]
  0x000000001cba7800 JavaThread "Cache worker for file hash cache (C:\Users\APitaya\.gradle\caches\6.5\fileHashes)" [_thread_blocked, id=24204, stack(0x0000000020570000,0x0000000020670000)]
  0x000000001cba9800 JavaThread "File lock request listener" [_thread_in_native, id=3488, stack(0x0000000020470000,0x0000000020570000)]
  0x000000001cbbe000 JavaThread "Cache worker for journal cache (C:\Users\APitaya\.gradle\caches\journal-1)" [_thread_blocked, id=17604, stack(0x0000000020370000,0x0000000020470000)]
  0x000000001e66b000 JavaThread "Thread-9" [_thread_blocked, id=24348, stack(0x0000000020070000,0x0000000020170000)]
  0x000000001e669800 JavaThread "Stdin handler" [_thread_blocked, id=11628, stack(0x000000001ff70000,0x0000000020070000)]
  0x000000001e669000 JavaThread "Asynchronous log dispatcher for DefaultDaemonConnection: socket connection from /127.0.0.1:59063 to /127.0.0.1:59064" [_thread_blocked, id=14692, stack(0x000000001fe70000,0x000000001ff70000)]
  0x000000001e62e800 JavaThread "Daemon worker" [_thread_in_vm, id=9668, stack(0x000000001fd70000,0x000000001fe70000)]
  0x000000001e62d800 JavaThread "Cancel handler" [_thread_blocked, id=11356, stack(0x000000001fc70000,0x000000001fd70000)]
  0x000000001e0ea000 JavaThread "Handler for socket connection from /127.0.0.1:59063 to /127.0.0.1:59064" [_thread_in_native, id=1536, stack(0x000000001fb70000,0x000000001fc70000)]
  0x000000001e61d800 JavaThread "Daemon" [_thread_blocked, id=19064, stack(0x000000001fa70000,0x000000001fb70000)]
  0x000000001e614000 JavaThread "Daemon periodic checks" [_thread_blocked, id=4324, stack(0x000000001f770000,0x000000001f870000)]
  0x000000001e5e9800 JavaThread "Incoming local TCP Connector on port 59063" [_thread_in_native, id=24356, stack(0x000000001f5c0000,0x000000001f6c0000)]
  0x000000001e53d800 JavaThread "Daemon health stats" [_thread_blocked, id=13800, stack(0x000000001f2c0000,0x000000001f3c0000)]
  0x000000001a0ab000 JavaThread "Service Thread" daemon [_thread_blocked, id=24516, stack(0x000000001c720000,0x000000001c820000)]
  0x000000001a05c800 JavaThread "C1 CompilerThread11" daemon [_thread_blocked, id=16916, stack(0x000000001c620000,0x000000001c720000)]
  0x000000001a053800 JavaThread "C1 CompilerThread10" daemon [_thread_blocked, id=17072, stack(0x000000001c520000,0x000000001c620000)]
  0x000000001a040800 JavaThread "C1 CompilerThread9" daemon [_thread_blocked, id=25552, stack(0x000000001c420000,0x000000001c520000)]
  0x000000001a02e800 JavaThread "C1 CompilerThread8" daemon [_thread_blocked, id=22584, stack(0x000000001c320000,0x000000001c420000)]
  0x000000001a00b800 JavaThread "C2 CompilerThread7" daemon [_thread_in_native, id=15644, stack(0x000000001c220000,0x000000001c320000)]
  0x000000001a00a800 JavaThread "C2 CompilerThread6" daemon [_thread_in_native, id=1464, stack(0x000000001c120000,0x000000001c220000)]
  0x0000000019fd6000 JavaThread "C2 CompilerThread5" daemon [_thread_blocked, id=14728, stack(0x000000001c020000,0x000000001c120000)]
=>0x0000000019fc9000 JavaThread "C2 CompilerThread4" daemon [_thread_in_native, id=23020, stack(0x000000001bf20000,0x000000001c020000)]
  0x0000000019fc8800 JavaThread "C2 CompilerThread3" daemon [_thread_blocked, id=16120, stack(0x000000001be20000,0x000000001bf20000)]
  0x0000000019fc2000 JavaThread "C2 CompilerThread2" daemon [_thread_blocked, id=23872, stack(0x000000001bd20000,0x000000001be20000)]
  0x0000000019fbf800 JavaThread "C2 CompilerThread1" daemon [_thread_blocked, id=16460, stack(0x000000001bc20000,0x000000001bd20000)]
  0x0000000019fbe000 JavaThread "C2 CompilerThread0" daemon [_thread_in_native, id=9020, stack(0x000000001bb20000,0x000000001bc20000)]
  0x0000000019f65000 JavaThread "Attach Listener" daemon [_thread_blocked, id=22604, stack(0x000000001ba20000,0x000000001bb20000)]
  0x0000000019fbd800 JavaThread "Signal Dispatcher" daemon [_thread_blocked, id=20344, stack(0x000000001b920000,0x000000001ba20000)]
  0x00000000184e3000 JavaThread "Finalizer" daemon [_thread_blocked, id=1808, stack(0x000000001b7c0000,0x000000001b8c0000)]
  0x00000000184dc800 JavaThread "Reference Handler" daemon [_thread_blocked, id=11196, stack(0x000000001b6c0000,0x000000001b7c0000)]
  0x0000000002d3e000 JavaThread "main" [_thread_blocked, id=9192, stack(0x0000000002d40000,0x0000000002e40000)]

Other Threads:
  0x0000000019f21800 VMThread [stack: 0x000000001b5c0000,0x000000001b6c0000] [id=23852]
  0x000000001a0ac800 WatcherThread [stack: 0x000000001c820000,0x000000001c920000] [id=23820]

VM state:not at safepoint (normal execution)

VM Mutex/Monitor currently owned by a thread: None

heap address: 0x0000000080000000, size: 2048 MB, Compressed Oops mode: 32-bit
Narrow klass base: 0x0000000000000000, Narrow klass shift: 3
Compressed class space size: 1073741824 Address: 0x0000000100000000

Heap:
 PSYoungGen      total 154624K, used 51181K [0x00000000d5580000, 0x00000000e0f00000, 0x0000000100000000)
  eden space 146432K, 34% used [0x00000000d5580000,0x00000000d877b660,0x00000000de480000)
  from space 8192K, 0% used [0x00000000e0700000,0x00000000e0700000,0x00000000e0f00000)
  to   space 11264K, 0% used [0x00000000df900000,0x00000000df900000,0x00000000e0400000)
 ParOldGen       total 148992K, used 32061K [0x0000000080000000, 0x0000000089180000, 0x00000000d5580000)
  object space 148992K, 21% used [0x0000000080000000,0x0000000081f4f5f0,0x0000000089180000)
 Metaspace       used 60116K, capacity 62580K, committed 62808K, reserved 1103872K
  class space    used 8282K, capacity 8779K, committed 8832K, reserved 1048576K

Card table byte_map: [0x0000000012300000,0x0000000012710000] byte_map_base: 0x0000000011f00000

Marking Bits: (ParMarkBitMap*) 0x000000005633f030
 Begin Bits: [0x00000000136c0000, 0x00000000156c0000)
 End Bits:   [0x00000000156c0000, 0x00000000176c0000)

Polling page: 0x0000000001100000

CodeCache: size=245760Kb used=19493Kb max_used=19505Kb free=226267Kb
 bounds [0x0000000002f40000, 0x0000000004270000, 0x0000000011f40000]
 total_blobs=6112 nmethods=5331 adapters=691
 compilation: enabled

Compilation events (10 events):
Event: 9.249 Thread 0x0000000019fc2000 nmethod 5910% 0x0000000004249d90 code [0x0000000004249f00, 0x000000000424a818]
Event: 9.252 Thread 0x000000001a040800 5923       1       org.gradle.internal.instantiation.generator.Jsr330ConstructorSelector::access$100 (5 bytes)
Event: 9.252 Thread 0x000000001a040800 nmethod 5923 0x0000000004249ad0 code [0x0000000004249c20, 0x0000000004249d10]
Event: 9.258 Thread 0x000000001a05c800 5924       3       java.util.HashMap::putVal (300 bytes)
Event: 9.258 Thread 0x000000001a040800 5925       3       java.util.HashMap::put (13 bytes)
Event: 9.258 Thread 0x000000001a040800 nmethod 5925 0x0000000004249450 code [0x00000000042495e0, 0x0000000004249998]
Event: 9.258 Thread 0x000000001a02e800 5926       3       java.util.HashMap::comparableClassFor (105 bytes)
Event: 9.259 Thread 0x000000001a05c800 nmethod 5924 0x0000000004247850 code [0x0000000004247ac0, 0x0000000004248d78]
Event: 9.259 Thread 0x0000000019fbf800 5927       4       java.util.HashMap::resize (359 bytes)
Event: 9.259 Thread 0x000000001a02e800 nmethod 5926 0x000000000424ad50 code [0x000000000424af60, 0x000000000424bb48]

GC Heap History (10 events):
Event: 5.673 GC heap before
{Heap before GC invocations=9 (full 2):
 PSYoungGen      total 113152K, used 7942K [0x00000000d5580000, 0x00000000e1280000, 0x0000000100000000)
  eden space 100864K, 0% used [0x00000000d5580000,0x00000000d5580000,0x00000000db800000)
  from space 12288K, 64% used [0x00000000db800000,0x00000000dbfc1978,0x00000000dc400000)
  to   space 11776K, 0% used [0x00000000e0700000,0x00000000e0700000,0x00000000e1280000)
 ParOldGen       total 97792K, used 7959K [0x0000000080000000, 0x0000000085f80000, 0x00000000d5580000)
  object space 97792K, 8% used [0x0000000080000000,0x00000000807c5ed0,0x0000000085f80000)
 Metaspace       used 34156K, capacity 35308K, committed 35416K, reserved 1079296K
  class space    used 4656K, capacity 4929K, committed 4992K, reserved 1048576K
Event: 5.719 GC heap after
Heap after GC invocations=9 (full 2):
 PSYoungGen      total 113152K, used 0K [0x00000000d5580000, 0x00000000e1280000, 0x0000000100000000)
  eden space 100864K, 0% used [0x00000000d5580000,0x00000000d5580000,0x00000000db800000)
  from space 12288K, 0% used [0x00000000db800000,0x00000000db800000,0x00000000dc400000)
  to   space 11776K, 0% used [0x00000000e0700000,0x00000000e0700000,0x00000000e1280000)
 ParOldGen       total 148992K, used 14436K [0x0000000080000000, 0x0000000089180000, 0x00000000d5580000)
  object space 148992K, 9% used [0x0000000080000000,0x0000000080e19298,0x0000000089180000)
 Metaspace       used 34156K, capacity 35308K, committed 35416K, reserved 1079296K
  class space    used 4656K, capacity 4929K, committed 4992K, reserved 1048576K
}
Event: 6.654 GC heap before
{Heap before GC invocations=10 (full 2):
 PSYoungGen      total 113152K, used 100864K [0x00000000d5580000, 0x00000000e1280000, 0x0000000100000000)
  eden space 100864K, 100% used [0x00000000d5580000,0x00000000db800000,0x00000000db800000)
  from space 12288K, 0% used [0x00000000db800000,0x00000000db800000,0x00000000dc400000)
  to   space 11776K, 0% used [0x00000000e0700000,0x00000000e0700000,0x00000000e1280000)
 ParOldGen       total 148992K, used 14436K [0x0000000080000000, 0x0000000089180000, 0x00000000d5580000)
  object space 148992K, 9% used [0x0000000080000000,0x0000000080e19298,0x0000000089180000)
 Metaspace       used 38150K, capacity 39952K, committed 40152K, reserved 1083392K
  class space    used 5240K, capacity 5598K, committed 5632K, reserved 1048576K
Event: 6.662 GC heap after
Heap after GC invocations=10 (full 2):
 PSYoungGen      total 154624K, used 8115K [0x00000000d5580000, 0x00000000e0f00000, 0x0000000100000000)
  eden space 146432K, 0% used [0x00000000d5580000,0x00000000d5580000,0x00000000de480000)
  from space 8192K, 99% used [0x00000000e0700000,0x00000000e0eece60,0x00000000e0f00000)
  to   space 11264K, 0% used [0x00000000df900000,0x00000000df900000,0x00000000e0400000)
 ParOldGen       total 148992K, used 14444K [0x0000000080000000, 0x0000000089180000, 0x00000000d5580000)
  object space 148992K, 9% used [0x0000000080000000,0x0000000080e1b298,0x0000000089180000)
 Metaspace       used 38150K, capacity 39952K, committed 40152K, reserved 1083392K
  class space    used 5240K, capacity 5598K, committed 5632K, reserved 1048576K
}
Event: 8.132 GC heap before
{Heap before GC invocations=11 (full 2):
 PSYoungGen      total 154624K, used 154547K [0x00000000d5580000, 0x00000000e0f00000, 0x0000000100000000)
  eden space 146432K, 100% used [0x00000000d5580000,0x00000000de480000,0x00000000de480000)
  from space 8192K, 99% used [0x00000000e0700000,0x00000000e0eece60,0x00000000e0f00000)
  to   space 11264K, 0% used [0x00000000df900000,0x00000000df900000,0x00000000e0400000)
 ParOldGen       total 148992K, used 14444K [0x0000000080000000, 0x0000000089180000, 0x00000000d5580000)
  object space 148992K, 9% used [0x0000000080000000,0x0000000080e1b298,0x0000000089180000)
 Metaspace       used 51712K, capacity 53944K, committed 54232K, reserved 1095680K
  class space    used 6888K, capacity 7366K, committed 7424K, reserved 1048576K
Event: 8.150 GC heap after
Heap after GC invocations=11 (full 2):
 PSYoungGen      total 157696K, used 11236K [0x00000000d5580000, 0x00000000e0f00000, 0x0000000100000000)
  eden space 146432K, 0% used [0x00000000d5580000,0x00000000d5580000,0x00000000de480000)
  from space 11264K, 99% used [0x00000000df900000,0x00000000e03f9310,0x00000000e0400000)
  to   space 8192K, 0% used [0x00000000e0700000,0x00000000e0700000,0x00000000e0f00000)
 ParOldGen       total 148992K, used 25809K [0x0000000080000000, 0x0000000089180000, 0x00000000d5580000)
  object space 148992K, 17% used [0x0000000080000000,0x00000000819346e8,0x0000000089180000)
 Metaspace       used 51712K, capacity 53944K, committed 54232K, reserved 1095680K
  class space    used 6888K, capacity 7366K, committed 7424K, reserved 1048576K
}
Event: 8.687 GC heap before
{Heap before GC invocations=12 (full 2):
 PSYoungGen      total 157696K, used 63156K [0x00000000d5580000, 0x00000000e0f00000, 0x0000000100000000)
  eden space 146432K, 35% used [0x00000000d5580000,0x00000000d8833ed0,0x00000000de480000)
  from space 11264K, 99% used [0x00000000df900000,0x00000000e03f9310,0x00000000e0400000)
  to   space 8192K, 0% used [0x00000000e0700000,0x00000000e0700000,0x00000000e0f00000)
 ParOldGen       total 148992K, used 25809K [0x0000000080000000, 0x0000000089180000, 0x00000000d5580000)
  object space 148992K, 17% used [0x0000000080000000,0x00000000819346e8,0x0000000089180000)
 Metaspace       used 56584K, capacity 58996K, committed 59028K, reserved 1099776K
  class space    used 7704K, capacity 8187K, committed 8192K, reserved 1048576K
Event: 8.700 GC heap after
Heap after GC invocations=12 (full 2):
 PSYoungGen      total 154624K, used 8160K [0x00000000d5580000, 0x00000000e0f00000, 0x0000000100000000)
  eden space 146432K, 0% used [0x00000000d5580000,0x00000000d5580000,0x00000000de480000)
  from space 8192K, 99% used [0x00000000e0700000,0x00000000e0ef8020,0x00000000e0f00000)
  to   space 11264K, 0% used [0x00000000df900000,0x00000000df900000,0x00000000e0400000)
 ParOldGen       total 148992K, used 34912K [0x0000000080000000, 0x0000000089180000, 0x00000000d5580000)
  object space 148992K, 23% used [0x0000000080000000,0x0000000082218310,0x0000000089180000)
 Metaspace       used 56584K, capacity 58996K, committed 59028K, reserved 1099776K
  class space    used 7704K, capacity 8187K, committed 8192K, reserved 1048576K
}
Event: 8.701 GC heap before
{Heap before GC invocations=13 (full 3):
 PSYoungGen      total 154624K, used 8160K [0x00000000d5580000, 0x00000000e0f00000, 0x0000000100000000)
  eden space 146432K, 0% used [0x00000000d5580000,0x00000000d5580000,0x00000000de480000)
  from space 8192K, 99% used [0x00000000e0700000,0x00000000e0ef8020,0x00000000e0f00000)
  to   space 11264K, 0% used [0x00000000df900000,0x00000000df900000,0x00000000e0400000)
 ParOldGen       total 148992K, used 34912K [0x0000000080000000, 0x0000000089180000, 0x00000000d5580000)
  object space 148992K, 23% used [0x0000000080000000,0x0000000082218310,0x0000000089180000)
 Metaspace       used 56584K, capacity 58996K, committed 59028K, reserved 1099776K
  class space    used 7704K, capacity 8187K, committed 8192K, reserved 1048576K
Event: 8.865 GC heap after
Heap after GC invocations=13 (full 3):
 PSYoungGen      total 154624K, used 0K [0x00000000d5580000, 0x00000000e0f00000, 0x0000000100000000)
  eden space 146432K, 0% used [0x00000000d5580000,0x00000000d5580000,0x00000000de480000)
  from space 8192K, 0% used [0x00000000e0700000,0x00000000e0700000,0x00000000e0f00000)
  to   space 11264K, 0% used [0x00000000df900000,0x00000000df900000,0x00000000e0400000)
 ParOldGen       total 148992K, used 32061K [0x0000000080000000, 0x0000000089180000, 0x00000000d5580000)
  object space 148992K, 21% used [0x0000000080000000,0x0000000081f4f5f0,0x0000000089180000)
 Metaspace       used 56533K, capacity 58822K, committed 59028K, reserved 1099776K
  class space    used 7688K, capacity 8158K, committed 8192K, reserved 1048576K
}

Deoptimization events (10 events):
Event: 8.937 Thread 0x000000001e62e800 Uncommon trap: reason=bimorphic action=maybe_recompile pc=0x000000000364cd50 method=java.util.regex.Pattern$5.isSatisfiedBy(I)Z @ 16
Event: 9.120 Thread 0x000000001e62e800 Uncommon trap: reason=unstable_if action=reinterpret pc=0x0000000003809c50 method=java.util.regex.Pattern$BmpCharProperty.match(Ljava/util/regex/Matcher;ILjava/lang/CharSequence;)Z @ 34
Event: 9.127 Thread 0x000000001e62e800 Uncommon trap: reason=unstable_if action=reinterpret pc=0x0000000003fcc154 method=com.sun.org.apache.xerces.internal.impl.XMLEntityScanner.skipSpaces()Z @ 303
Event: 9.128 Thread 0x000000001e62e800 Uncommon trap: reason=unstable_if action=reinterpret pc=0x0000000003fbe0c8 method=com.sun.org.apache.xerces.internal.impl.XMLEntityScanner.scanLiteral(ILcom/sun/org/apache/xerces/internal/xni/XMLString;Z)I @ 660
Event: 9.139 Thread 0x000000001e62e800 Uncommon trap: reason=unstable_if action=reinterpret pc=0x0000000003fbd810 method=com.sun.org.apache.xerces.internal.util.SymbolTable.addSymbol([CII)Ljava/lang/String; @ 38
Event: 9.165 Thread 0x000000001e62e800 Uncommon trap: reason=unstable_if action=reinterpret pc=0x00000000035401b0 method=com.google.gson.stream.JsonReader.doPeek()I @ 315
Event: 9.219 Thread 0x000000001e62e800 Uncommon trap: reason=unstable_if action=reinterpret pc=0x0000000004068ba8 method=java.lang.String.lastIndexOf([CII[CIII)I @ 118
Event: 9.231 Thread 0x000000001e62e800 Uncommon trap: reason=unstable_if action=reinterpret pc=0x00000000034ef8a0 method=java.lang.String.lastIndexOf([CII[CIII)I @ 118
Event: 9.257 Thread 0x000000001e62e800 Uncommon trap: reason=unstable_if action=reinterpret pc=0x0000000003ae6658 method=java.util.HashMap.putVal(ILjava/lang/Object;Ljava/lang/Object;ZZ)Ljava/lang/Object; @ 109
Event: 9.257 Thread 0x000000001e62e800 Uncommon trap: reason=unstable_if action=reinterpret pc=0x0000000003ad39e4 method=java.util.HashMap.putVal(ILjava/lang/Object;Ljava/lang/Object;ZZ)Ljava/lang/Object; @ 109

Classes redefined (0 events):
No events

Internal exceptions (10 events):
Event: 8.957 Thread 0x000000001e62e800 Exception <a 'java/lang/ClassNotFoundException': com/sun/org/glassfish/hk2/osgiresourcelocator/ServiceLoader> (0x00000000d6130150) thrown at [C:\src\AOSP-openjdk-git\hotspot\src\share\vm\classfile\systemDictionary.cpp, line 210]
Event: 8.984 Thread 0x000000001e62e800 Exception <a 'java/lang/NullPointerException'> (0x00000000d65ad8e8) thrown at [C:\src\AOSP-openjdk-git\hotspot\src\share\vm\interpreter\linkResolver.cpp, line 1287]
Event: 9.177 Thread 0x000000001e62e800 Exception <a 'java/lang/ClassNotFoundException': org/gradle/api/internal/file/collections/DefaultConfigurableFileTreeBeanInfo> (0x00000000d7af5620) thrown at [C:\src\AOSP-openjdk-git\hotspot\src\share\vm\classfile\systemDictionary.cpp, line 210]
Event: 9.177 Thread 0x000000001e62e800 Exception <a 'java/lang/ClassNotFoundException': org/gradle/api/internal/file/CompositeFileTreeBeanInfo> (0x00000000d7b0eb10) thrown at [C:\src\AOSP-openjdk-git\hotspot\src\share\vm\classfile\systemDictionary.cpp, line 210]
Event: 9.177 Thread 0x000000001e62e800 Exception <a 'java/lang/ClassNotFoundException': org/gradle/api/internal/file/CompositeFileCollectionBeanInfo> (0x00000000d7b29dc0) thrown at [C:\src\AOSP-openjdk-git\hotspot\src\share\vm\classfile\systemDictionary.cpp, line 210]
Event: 9.177 Thread 0x000000001e62e800 Exception <a 'java/lang/ClassNotFoundException': org/gradle/api/internal/file/AbstractFileCollectionBeanInfo> (0x00000000d7b45070) thrown at [C:\src\AOSP-openjdk-git\hotspot\src\share\vm\classfile\systemDictionary.cpp, line 210]
Event: 9.177 Thread 0x000000001e62e800 Exception <a 'java/lang/ClassNotFoundException': org/gradle/api/internal/file/AbstractFileCollectionCustomizer> (0x00000000d7b60920) thrown at [C:\src\AOSP-openjdk-git\hotspot\src\share\vm\classfile\systemDictionary.cpp, line 210]
Event: 9.178 Thread 0x000000001e62e800 Exception <a 'java/lang/ClassNotFoundException': org/gradle/api/internal/file/CompositeFileCollectionCustomizer> (0x00000000d7b8d7e8) thrown at [C:\src\AOSP-openjdk-git\hotspot\src\share\vm\classfile\systemDictionary.cpp, line 210]
Event: 9.178 Thread 0x000000001e62e800 Exception <a 'java/lang/ClassNotFoundException': org/gradle/api/internal/file/CompositeFileTreeCustomizer> (0x00000000d7bb3c00) thrown at [C:\src\AOSP-openjdk-git\hotspot\src\share\vm\classfile\systemDictionary.cpp, line 210]
Event: 9.178 Thread 0x000000001e62e800 Exception <a 'java/lang/ClassNotFoundException': org/gradle/api/internal/file/collections/DefaultConfigurableFileTreeCustomizer> (0x00000000d7be08f8) thrown at [C:\src\AOSP-openjdk-git\hotspot\src\share\vm\classfile\systemDictionary.cpp, line 210]

Events (10 events):
Event: 9.257 loading class org/gradle/api/file/DuplicatesStrategy
Event: 9.257 loading class org/gradle/api/file/DuplicatesStrategy done
Event: 9.257 loading class org/gradle/api/internal/file/copy/CopyActionExecuter
Event: 9.257 loading class org/gradle/api/internal/file/copy/CopyActionExecuter done
Event: 9.257 Thread 0x000000001e62e800 Uncommon trap: trap_request=0xffffff65 fr.pc=0x0000000003ae6658
Event: 9.257 Thread 0x000000001e62e800 DEOPT PACKING pc=0x0000000003ae6658 sp=0x000000001fe695c0
Event: 9.257 Thread 0x000000001e62e800 DEOPT UNPACKING pc=0x0000000002f8557b sp=0x000000001fe694c8 mode 2
Event: 9.257 Thread 0x000000001e62e800 Uncommon trap: trap_request=0xffffff65 fr.pc=0x0000000003ad39e4
Event: 9.257 Thread 0x000000001e62e800 DEOPT PACKING pc=0x0000000003ad39e4 sp=0x000000001fe69520
Event: 9.257 Thread 0x000000001e62e800 DEOPT UNPACKING pc=0x0000000002f8557b sp=0x000000001fe694c0 mode 2


Dynamic libraries:
0x00007ff6679a0000 - 0x00007ff6679d1000 	C:\Program Files\Android\Android Studio\jre\bin\java.exe
0x00007ff875aa0000 - 0x00007ff875c90000 	C:\Windows\SYSTEM32\ntdll.dll
0x00007ff874f80000 - 0x00007ff875032000 	C:\Windows\System32\KERNEL32.DLL
0x00007ff873410000 - 0x00007ff8736b5000 	C:\Windows\System32\KERNELBASE.dll
0x00007ff873bf0000 - 0x00007ff873c93000 	C:\Windows\System32\ADVAPI32.dll
0x00007ff873b50000 - 0x00007ff873bee000 	C:\Windows\System32\msvcrt.dll
0x00007ff8743c0000 - 0x00007ff874457000 	C:\Windows\System32\sechost.dll
0x00007ff875940000 - 0x00007ff875a5f000 	C:\Windows\System32\RPCRT4.dll
0x00007ff874460000 - 0x00007ff8745f4000 	C:\Windows\System32\USER32.dll
0x00007ff872a10000 - 0x00007ff872a31000 	C:\Windows\System32\win32u.dll
0x00007ff875770000 - 0x00007ff875796000 	C:\Windows\System32\GDI32.dll
0x00007ff873740000 - 0x00007ff8738d8000 	C:\Windows\System32\gdi32full.dll
0x00007ff873ab0000 - 0x00007ff873b4e000 	C:\Windows\System32\msvcp_win.dll
0x00007ff873990000 - 0x00007ff873a8a000 	C:\Windows\System32\ucrtbase.dll
0x00007ff8623d0000 - 0x00007ff862654000 	C:\Windows\WinSxS\amd64_microsoft.windows.common-controls_6595b64144ccf1df_6.0.18362.1440_none_9e7dbfb9e45e8e67\COMCTL32.dll
0x00007ff8751b0000 - 0x00007ff8754e6000 	C:\Windows\System32\combase.dll
0x00007ff872aa0000 - 0x00007ff872b21000 	C:\Windows\System32\bcryptPrimitives.dll
0x00007ff874390000 - 0x00007ff8743be000 	C:\Windows\System32\IMM32.DLL
0x00000000559b0000 - 0x0000000055a82000 	C:\Program Files\Android\Android Studio\jre\jre\bin\msvcr100.dll
0x0000000055b70000 - 0x00000000563bb000 	C:\Program Files\Android\Android Studio\jre\jre\bin\server\jvm.dll
0x00007ff8756b0000 - 0x00007ff8756b8000 	C:\Windows\System32\PSAPI.DLL
0x00007ff870580000 - 0x00007ff870589000 	C:\Windows\SYSTEM32\WSOCK32.dll
0x00007ff8711c0000 - 0x00007ff8711e4000 	C:\Windows\SYSTEM32\WINMM.dll
0x00007ff86b890000 - 0x00007ff86b89a000 	C:\Windows\SYSTEM32\VERSION.dll
0x00007ff874820000 - 0x00007ff87488f000 	C:\Windows\System32\WS2_32.dll
0x00007ff871170000 - 0x00007ff87119d000 	C:\Windows\SYSTEM32\winmmbase.dll
0x00007ff8736f0000 - 0x00007ff87373a000 	C:\Windows\System32\cfgmgr32.dll
0x00007ff86c060000 - 0x00007ff86c06f000 	C:\Program Files\Android\Android Studio\jre\jre\bin\verify.dll
0x00007ff8641b0000 - 0x00007ff8641d9000 	C:\Program Files\Android\Android Studio\jre\jre\bin\java.dll
0x00007ff86c040000 - 0x00007ff86c056000 	C:\Program Files\Android\Android Studio\jre\jre\bin\zip.dll
0x00007ff874890000 - 0x00007ff874f78000 	C:\Windows\System32\SHELL32.dll
0x00007ff8756c0000 - 0x00007ff875767000 	C:\Windows\System32\shcore.dll
0x00007ff872b30000 - 0x00007ff8732ab000 	C:\Windows\System32\windows.storage.dll
0x00007ff872980000 - 0x00007ff87299e000 	C:\Windows\System32\profapi.dll
0x00007ff8729a0000 - 0x00007ff8729ea000 	C:\Windows\System32\powrprof.dll
0x00007ff872950000 - 0x00007ff872960000 	C:\Windows\System32\UMPDC.dll
0x00007ff873d80000 - 0x00007ff873dd2000 	C:\Windows\System32\shlwapi.dll
0x00007ff872960000 - 0x00007ff872971000 	C:\Windows\System32\kernel.appcore.dll
0x00007ff873a90000 - 0x00007ff873aa7000 	C:\Windows\System32\cryptsp.dll
0x00007ff867540000 - 0x00007ff86755a000 	C:\Program Files\Android\Android Studio\jre\jre\bin\net.dll
0x00007ff872130000 - 0x00007ff872197000 	C:\Windows\system32\mswsock.dll
0x00007ff867500000 - 0x00007ff867513000 	C:\Program Files\Android\Android Studio\jre\jre\bin\nio.dll
0x00007ff861fd0000 - 0x00007ff861ff7000 	C:\Users\APitaya\.gradle\native\f6784746aeab05261644944871eae4fe03e0ef1612fff0a4a95f87b438bc6780\windows-amd64\native-platform.dll
0x00007ff86c010000 - 0x00007ff86c01d000 	C:\Program Files\Android\Android Studio\jre\jre\bin\management.dll
0x00007ff871cb0000 - 0x00007ff871ce3000 	C:\Windows\system32\rsaenh.dll
0x00007ff8736c0000 - 0x00007ff8736e6000 	C:\Windows\System32\bcrypt.dll
0x00007ff872870000 - 0x00007ff872895000 	C:\Windows\SYSTEM32\USERENV.dll
0x00007ff872300000 - 0x00007ff87230c000 	C:\Windows\SYSTEM32\CRYPTBASE.dll
0x00007ff871e40000 - 0x00007ff871e7a000 	C:\Windows\SYSTEM32\IPHLPAPI.DLL
0x00007ff8746b0000 - 0x00007ff8746b8000 	C:\Windows\System32\NSI.dll
0x00007ff869790000 - 0x00007ff8697a6000 	C:\Windows\SYSTEM32\dhcpcsvc6.DLL
0x00007ff869770000 - 0x00007ff86978c000 	C:\Windows\SYSTEM32\dhcpcsvc.DLL
0x00007ff871e80000 - 0x00007ff871f4b000 	C:\Windows\SYSTEM32\DNSAPI.dll
0x00007ff869f70000 - 0x00007ff869f7b000 	C:\Windows\SYSTEM32\WINNSI.DLL

VM Arguments:
jvm_args: -Xmx2048m -Dfile.encoding=UTF-8 -Duser.country=CN -Duser.language=zh -Duser.variant 
java_command: org.gradle.launcher.daemon.bootstrap.GradleDaemon 6.5
java_class_path (initial): C:\Users\APitaya\.gradle\wrapper\dists\gradle-6.5-bin\6nifqtx7604sqp1q6g8wikw7p\gradle-6.5\lib\gradle-launcher-6.5.jar
Launcher Type: SUN_STANDARD

Environment Variables:
PATH=C:\Program Files (x86)\Common Files\Oracle\Java\javapath;C:\Windows\system32;C:\Windows;C:\Windows\System32\Wbem;C:\Windows\System32\WindowsPowerShell\v1.0\;C:\Windows\System32\OpenSSH\;D:\SoftWare\;D:\tools\apache-maven-3.6.3\bin;C:\Users\APitaya\AppData\Local\Android\Sdk\platform-tools;C:\Program Files\MySQL\MySQL Shell 8.0\bin\;C:\Users\APitaya\AppData\Local\Microsoft\WindowsApps;;D:\软件\IDEA\IntelliJ IDEA 2020.2.3\bin;;D:\软件\WebStorm\WebStorm 2020.2.3\bin;;C:\Users\APitaya\AppData\Roaming\npm
USERNAME=APitaya
OS=Windows_NT
PROCESSOR_IDENTIFIER=AMD64 Family 23 Model 96 Stepping 1, AuthenticAMD



---------------  S Y S T E M  ---------------

OS: Windows 10.0 , 64 bit Build 18362 (10.0.18362.1350)

CPU:total 16 (initial active 16) (16 cores per cpu, 1 threads per core) family 23 model 96 stepping 1, cmov, cx8, fxsr, mmx, sse, sse2, sse3, ssse3, sse4.1, sse4.2, popcnt, avx, avx2, aes, clmul, mmxext, 3dnowpref, lzcnt, sse4a, tsc, tscinvbit, tscinv, bmi1

Memory: 4k page, physical 16112436k(4166696k free), swap 16112436k(5136k free)

vm_info: OpenJDK 64-Bit Server VM (25.242-b01) for windows-amd64 JRE (1.8.0_242-release-1644-b01), built by "builder" with MS VC++ 10.0 (VS2010)

time: Mon Apr 05 21:47:14 2021
timezone: 中国标准时间
elapsed time: 9 seconds (0d 0h 0m 9s)

