#
# There is insufficient memory for the Java Runtime Environment to continue.
# Native memory allocation (malloc) failed to allocate 183136 bytes for Chunk::new
# Possible reasons:
#   The system is out of physical RAM or swap space
#   The process is running with CompressedOops enabled, and the Java Heap may be blocking the growth of the native heap
# Possible solutions:
#   Reduce memory load on the system
#   Increase physical memory or swap space
#   Check if swap backing store is full
#   Decrease Java heap size (-Xmx/-Xms)
#   Decrease number of Java threads
#   Decrease Java thread stack sizes (-Xss)
#   Set larger code cache with -XX:ReservedCodeCacheSize=
#   JVM is running with Unscaled Compressed Oops mode in which the Java heap is
#     placed in the first 4GB address space. The Java Heap base address is the
#     maximum limit for the native heap growth. Please use -XX:HeapBaseMinAddress
#     to set the Java Heap base and to place the Java Heap above 4GB virtual address.
# This output file may be truncated or incomplete.
#
#  Out of Memory Error (allocation.cpp:389), pid=7100, tid=0x0000000000001e4c
#
# JRE version: OpenJDK Runtime Environment (8.0_242-b01) (build 1.8.0_242-release-1644-b01)
# Java VM: OpenJDK 64-Bit Server VM (25.242-b01 mixed mode windows-amd64 compressed oops)
# Failed to write core dump. Minidumps are not enabled by default on client versions of Windows
#

---------------  T H R E A D  ---------------

Current thread (0x000000001a1c6000):  JavaThread "C2 CompilerThread4" daemon [_thread_in_native, id=7756, stack(0x000000001c110000,0x000000001c210000)]

Stack: [0x000000001c110000,0x000000001c210000]
[error occurred during error reporting (printing stack bounds), id 0xc0000005]

Native frames: (J=compiled Java code, j=interpreted, Vv=VM code, C=native code)


Current CompileTask:
C2:   8522 10154       4       com.android.tools.r8.graph.g0::computeEquals (62 bytes)


---------------  P R O C E S S  ---------------

Java Threads: ( => current thread )
  0x00000000215af800 JavaThread "WorkerExecutor Queue Thread 2" [_thread_blocked, id=15660, stack(0x0000000030030000,0x0000000030130000)]
  0x00000000215ac800 JavaThread "WorkerExecutor Queue" [_thread_in_native, id=6168, stack(0x000000002ff30000,0x0000000030030000)]
  0x00000000215ae000 JavaThread "Cache worker for execution history cache (E:\scy-Android\ImplicitIntent\.gradle\6.5\executionHistory)" [_thread_blocked, id=13236, stack(0x000000002f630000,0x000000002f730000)]
  0x00000000215aa000 JavaThread "Execution worker for ':' Thread 15" [_thread_blocked, id=13564, stack(0x000000002f530000,0x000000002f630000)]
  0x000000002324d800 JavaThread "Execution worker for ':' Thread 14" [_thread_blocked, id=18140, stack(0x000000002f430000,0x000000002f530000)]
  0x000000002324c800 JavaThread "Execution worker for ':' Thread 13" [_thread_blocked, id=8884, stack(0x000000002f330000,0x000000002f430000)]
  0x000000002324c000 JavaThread "Execution worker for ':' Thread 12" [_thread_blocked, id=11256, stack(0x000000002f230000,0x000000002f330000)]
  0x000000002324b000 JavaThread "Execution worker for ':' Thread 11" [_thread_blocked, id=19352, stack(0x000000002f130000,0x000000002f230000)]
  0x0000000023249800 JavaThread "Execution worker for ':' Thread 10" [_thread_blocked, id=11956, stack(0x000000002f030000,0x000000002f130000)]
  0x0000000023249000 JavaThread "Execution worker for ':' Thread 9" [_thread_blocked, id=18332, stack(0x000000002ef30000,0x000000002f030000)]
  0x000000002324a800 JavaThread "Execution worker for ':' Thread 8" [_thread_blocked, id=12772, stack(0x000000002ee30000,0x000000002ef30000)]
  0x0000000023248000 JavaThread "Execution worker for ':' Thread 7" [_thread_blocked, id=18084, stack(0x000000002ed30000,0x000000002ee30000)]
  0x0000000023247800 JavaThread "Execution worker for ':' Thread 6" [_thread_blocked, id=9636, stack(0x000000002ec30000,0x000000002ed30000)]
  0x0000000023241800 JavaThread "Execution worker for ':' Thread 5" [_thread_blocked, id=1112, stack(0x000000002eb30000,0x000000002ec30000)]
  0x0000000023240800 JavaThread "Execution worker for ':' Thread 4" [_thread_blocked, id=3256, stack(0x000000002e930000,0x000000002ea30000)]
  0x0000000023240000 JavaThread "Execution worker for ':' Thread 3" [_thread_blocked, id=1144, stack(0x000000002e830000,0x000000002e930000)]
  0x0000000023246800 JavaThread "Execution worker for ':' Thread 2" [_thread_blocked, id=17728, stack(0x000000002e730000,0x000000002e830000)]
  0x0000000023246000 JavaThread "Execution worker for ':'" [_thread_blocked, id=15488, stack(0x000000002e630000,0x000000002e730000)]
  0x000000002323f000 JavaThread "Cache worker for file content cache (E:\scy-Android\ImplicitIntent\.gradle\6.5\fileContent)" [_thread_blocked, id=14308, stack(0x000000002e130000,0x000000002e230000)]
  0x0000000023242000 JavaThread "Memory manager" [_thread_blocked, id=19388, stack(0x000000002e030000,0x000000002e130000)]
  0x000000002323e800 JavaThread "Cache worker for Build Output Cleanup Cache (E:\scy-Android\ImplicitIntent\.gradle\buildOutputCleanup)" [_thread_blocked, id=19440, stack(0x000000002c160000,0x000000002c260000)]
  0x0000000021ff2800 JavaThread "jar transforms Thread 92" [_thread_blocked, id=17688, stack(0x000000002be60000,0x000000002bf60000)]
  0x0000000021ff0800 JavaThread "jar transforms Thread 91" [_thread_blocked, id=18340, stack(0x000000002bd60000,0x000000002be60000)]
  0x0000000021ff5000 JavaThread "jar transforms Thread 90" [_thread_blocked, id=12348, stack(0x000000002bc60000,0x000000002bd60000)]
  0x0000000021ff3800 JavaThread "jar transforms Thread 89" [_thread_blocked, id=404, stack(0x000000002bb60000,0x000000002bc60000)]
  0x0000000021ff6800 JavaThread "jar transforms Thread 88" [_thread_blocked, id=5928, stack(0x000000002ba60000,0x000000002bb60000)]
  0x0000000021ff5800 JavaThread "jar transforms Thread 87" [_thread_blocked, id=5228, stack(0x000000002b960000,0x000000002ba60000)]
  0x0000000021ff1000 JavaThread "jar transforms Thread 86" [_thread_blocked, id=12216, stack(0x000000002b860000,0x000000002b960000)]
  0x0000000021ff2000 JavaThread "jar transforms Thread 85" [_thread_blocked, id=2248, stack(0x000000002b760000,0x000000002b860000)]
  0x0000000021ff4000 JavaThread "jar transforms Thread 84" [_thread_blocked, id=13492, stack(0x000000002b660000,0x000000002b760000)]
  0x0000000021fe9000 JavaThread "jar transforms Thread 83" [_thread_blocked, id=3696, stack(0x000000002b560000,0x000000002b660000)]
  0x0000000021fef800 JavaThread "jar transforms Thread 82" [_thread_blocked, id=660, stack(0x000000002b460000,0x000000002b560000)]
  0x0000000021fe8000 JavaThread "jar transforms Thread 81" [_thread_blocked, id=11700, stack(0x000000002b360000,0x000000002b460000)]
  0x0000000021fef000 JavaThread "jar transforms Thread 80" [_thread_blocked, id=6156, stack(0x000000002b260000,0x000000002b360000)]
  0x0000000021fee000 JavaThread "jar transforms Thread 79" [_thread_blocked, id=11808, stack(0x000000002b160000,0x000000002b260000)]
  0x0000000021fe7800 JavaThread "jar transforms Thread 78" [_thread_blocked, id=8428, stack(0x000000002b060000,0x000000002b160000)]
  0x0000000021fed800 JavaThread "jar transforms Thread 77" [_thread_blocked, id=13684, stack(0x000000002af60000,0x000000002b060000)]
  0x0000000021feb000 JavaThread "jar transforms Thread 76" [_thread_blocked, id=17484, stack(0x000000002ae60000,0x000000002af60000)]
  0x0000000021fea800 JavaThread "jar transforms Thread 75" [_thread_blocked, id=5556, stack(0x000000002ad60000,0x000000002ae60000)]
  0x0000000021fec800 JavaThread "jar transforms Thread 74" [_thread_blocked, id=7300, stack(0x000000002ac60000,0x000000002ad60000)]
  0x0000000021fe9800 JavaThread "jar transforms Thread 73" [_thread_blocked, id=13420, stack(0x000000002ab60000,0x000000002ac60000)]
  0x0000000021fec000 JavaThread "jar transforms Thread 72" [_thread_blocked, id=3940, stack(0x000000002aa60000,0x000000002ab60000)]
  0x00000000229f0800 JavaThread "jar transforms Thread 71" [_thread_blocked, id=4100, stack(0x000000002a960000,0x000000002aa60000)]
  0x00000000229ef000 JavaThread "jar transforms Thread 70" [_thread_blocked, id=18672, stack(0x000000002a860000,0x000000002a960000)]
  0x00000000229ed800 JavaThread "jar transforms Thread 69" [_thread_blocked, id=15376, stack(0x000000002a760000,0x000000002a860000)]
  0x00000000229ee800 JavaThread "jar transforms Thread 68" [_thread_blocked, id=10872, stack(0x000000002a660000,0x000000002a760000)]
  0x00000000229f0000 JavaThread "jar transforms Thread 67" [_thread_blocked, id=18596, stack(0x000000002a560000,0x000000002a660000)]
  0x00000000229ed000 JavaThread "jar transforms Thread 66" [_thread_blocked, id=820, stack(0x000000002a460000,0x000000002a560000)]
  0x00000000229e5800 JavaThread "jar transforms Thread 65" [_thread_blocked, id=17348, stack(0x000000002a360000,0x000000002a460000)]
  0x00000000229ec000 JavaThread "jar transforms Thread 64" [_thread_blocked, id=5892, stack(0x000000002a260000,0x000000002a360000)]
  0x00000000229eb800 JavaThread "jar transforms Thread 63" [_thread_blocked, id=5920, stack(0x000000002a160000,0x000000002a260000)]
  0x00000000229ea800 JavaThread "jar transforms Thread 62" [_thread_blocked, id=13596, stack(0x000000002a060000,0x000000002a160000)]
  0x00000000229e3800 JavaThread "jar transforms Thread 61" [_thread_blocked, id=11184, stack(0x0000000029f60000,0x000000002a060000)]
  0x00000000229e8800 JavaThread "jar transforms Thread 60" [_thread_blocked, id=3836, stack(0x0000000029e60000,0x0000000029f60000)]
  0x00000000229e3000 JavaThread "jar transforms Thread 59" [_thread_blocked, id=9260, stack(0x0000000029d60000,0x0000000029e60000)]
  0x00000000229ea000 JavaThread "jar transforms Thread 58" [_thread_blocked, id=5344, stack(0x0000000029c60000,0x0000000029d60000)]
  0x00000000229e2000 JavaThread "jar transforms Thread 57" [_thread_blocked, id=15052, stack(0x0000000029b60000,0x0000000029c60000)]
  0x00000000229e4800 JavaThread "jar transforms Thread 56" [_thread_blocked, id=11536, stack(0x0000000029a60000,0x0000000029b60000)]
  0x00000000229e9000 JavaThread "jar transforms Thread 55" [_thread_blocked, id=12524, stack(0x0000000029960000,0x0000000029a60000)]
  0x00000000229e1800 JavaThread "jar transforms Thread 54" [_thread_blocked, id=8488, stack(0x0000000029860000,0x0000000029960000)]
  0x00000000229e7800 JavaThread "jar transforms Thread 53" [_thread_blocked, id=9004, stack(0x0000000029760000,0x0000000029860000)]
  0x00000000229e7000 JavaThread "jar transforms Thread 52" [_thread_blocked, id=18660, stack(0x0000000029660000,0x0000000029760000)]
  0x00000000229e6000 JavaThread "jar transforms Thread 51" [_thread_blocked, id=10084, stack(0x0000000029560000,0x0000000029660000)]
  0x0000000021c57000 JavaThread "jar transforms Thread 50" [_thread_blocked, id=12376, stack(0x0000000029460000,0x0000000029560000)]
  0x0000000021c55800 JavaThread "jar transforms Thread 49" [_thread_blocked, id=4772, stack(0x0000000029360000,0x0000000029460000)]
  0x0000000021c55000 JavaThread "jar transforms Thread 48" [_thread_blocked, id=5960, stack(0x0000000029260000,0x0000000029360000)]
  0x0000000021c58000 JavaThread "jar transforms Thread 47" [_thread_blocked, id=14400, stack(0x0000000029160000,0x0000000029260000)]
  0x0000000021c54000 JavaThread "jar transforms Thread 46" [_thread_blocked, id=17220, stack(0x0000000029060000,0x0000000029160000)]
  0x0000000021c52800 JavaThread "jar transforms Thread 45" [_thread_blocked, id=9516, stack(0x0000000028f60000,0x0000000029060000)]
  0x0000000021c51000 JavaThread "jar transforms Thread 44" [_thread_blocked, id=16132, stack(0x0000000028e60000,0x0000000028f60000)]
  0x0000000021c52000 JavaThread "jar transforms Thread 43" [_thread_blocked, id=18612, stack(0x0000000028d60000,0x0000000028e60000)]
  0x0000000021c56800 JavaThread "jar transforms Thread 42" [_thread_blocked, id=8532, stack(0x0000000028c60000,0x0000000028d60000)]
  0x0000000021c53800 JavaThread "jar transforms Thread 41" [_thread_blocked, id=1088, stack(0x0000000028b60000,0x0000000028c60000)]
  0x0000000021c50800 JavaThread "jar transforms Thread 40" [_thread_blocked, id=12044, stack(0x0000000028a60000,0x0000000028b60000)]
  0x0000000021c4b000 JavaThread "jar transforms Thread 39" [_thread_blocked, id=11760, stack(0x0000000028960000,0x0000000028a60000)]
  0x0000000021c4f800 JavaThread "jar transforms Thread 38" [_thread_blocked, id=1940, stack(0x0000000028860000,0x0000000028960000)]
  0x0000000021c49800 JavaThread "jar transforms Thread 37" [_thread_blocked, id=12620, stack(0x0000000028760000,0x0000000028860000)]
  0x0000000021c49000 JavaThread "jar transforms Thread 36" [_thread_blocked, id=10564, stack(0x0000000028660000,0x0000000028760000)]
  0x0000000021c4f000 JavaThread "jar transforms Thread 35" [_thread_blocked, id=16668, stack(0x0000000028560000,0x0000000028660000)]
  0x0000000021c4c000 JavaThread "jar transforms Thread 34" [_thread_blocked, id=16344, stack(0x0000000028460000,0x0000000028560000)]
  0x0000000021c4e000 JavaThread "jar transforms Thread 33" [_thread_blocked, id=18564, stack(0x0000000028360000,0x0000000028460000)]
  0x0000000021c4a800 JavaThread "jar transforms Thread 32" [_thread_blocked, id=8896, stack(0x0000000028260000,0x0000000028360000)]
  0x0000000021c4d800 JavaThread "jar transforms Thread 31" [_thread_blocked, id=6776, stack(0x0000000028160000,0x0000000028260000)]
  0x0000000021c4c800 JavaThread "jar transforms Thread 30" [_thread_blocked, id=18740, stack(0x0000000028060000,0x0000000028160000)]
  0x0000000023388000 JavaThread "jar transforms Thread 29" [_thread_blocked, id=16360, stack(0x0000000027f60000,0x0000000028060000)]
  0x0000000023385000 JavaThread "jar transforms Thread 28" [_thread_blocked, id=9940, stack(0x0000000027e60000,0x0000000027f60000)]
  0x0000000023384000 JavaThread "jar transforms Thread 27" [_thread_blocked, id=17176, stack(0x0000000027d60000,0x0000000027e60000)]
  0x0000000023383800 JavaThread "jar transforms Thread 26" [_thread_blocked, id=16464, stack(0x0000000027c60000,0x0000000027d60000)]
  0x0000000023387000 JavaThread "jar transforms Thread 25" [_thread_blocked, id=7460, stack(0x0000000027b60000,0x0000000027c60000)]
  0x0000000023386800 JavaThread "jar transforms Thread 24" [_thread_blocked, id=2208, stack(0x0000000027a60000,0x0000000027b60000)]
  0x0000000023385800 JavaThread "jar transforms Thread 23" [_thread_blocked, id=13980, stack(0x0000000027960000,0x0000000027a60000)]
  0x0000000023382000 JavaThread "jar transforms Thread 22" [_thread_blocked, id=14024, stack(0x0000000027860000,0x0000000027960000)]
  0x0000000023382800 JavaThread "jar transforms Thread 21" [_thread_blocked, id=16496, stack(0x0000000027760000,0x0000000027860000)]
  0x000000002337a800 JavaThread "jar transforms Thread 20" [_thread_blocked, id=6812, stack(0x0000000027660000,0x0000000027760000)]
  0x0000000023381000 JavaThread "jar transforms Thread 19" [_thread_blocked, id=14052, stack(0x0000000027560000,0x0000000027660000)]
  0x0000000023379800 JavaThread "jar transforms Thread 18" [_thread_blocked, id=17456, stack(0x0000000027460000,0x0000000027560000)]
  0x0000000023380800 JavaThread "jar transforms Thread 17" [_thread_blocked, id=7764, stack(0x0000000027360000,0x0000000027460000)]
  0x000000002337e000 JavaThread "jar transforms Thread 16" [_thread_blocked, id=1908, stack(0x0000000027260000,0x0000000027360000)]
  0x0000000023379000 JavaThread "jar transforms Thread 15" [_thread_blocked, id=13448, stack(0x0000000027160000,0x0000000027260000)]
  0x000000002337d800 JavaThread "jar transforms Thread 14" [_thread_blocked, id=15472, stack(0x0000000027060000,0x0000000027160000)]
  0x000000002337b000 JavaThread "jar transforms Thread 13" [_thread_blocked, id=15372, stack(0x0000000026f60000,0x0000000027060000)]
  0x000000002337f000 JavaThread "jar transforms Thread 12" [_thread_blocked, id=14216, stack(0x0000000026e60000,0x0000000026f60000)]
  0x000000002337c800 JavaThread "jar transforms Thread 11" [_thread_blocked, id=736, stack(0x0000000026d60000,0x0000000026e60000)]
  0x000000002337f800 JavaThread "jar transforms Thread 10" [_thread_blocked, id=956, stack(0x0000000026c60000,0x0000000026d60000)]
  0x000000002337c000 JavaThread "jar transforms Thread 9" [_thread_blocked, id=10272, stack(0x0000000026b60000,0x0000000026c60000)]
  0x000000002274d000 JavaThread "jar transforms Thread 8" [_thread_blocked, id=15108, stack(0x0000000026a60000,0x0000000026b60000)]
  0x000000002274a000 JavaThread "jar transforms Thread 7" [_thread_blocked, id=15144, stack(0x0000000026960000,0x0000000026a60000)]
  0x000000002274c000 JavaThread "jar transforms Thread 6" [_thread_blocked, id=16976, stack(0x0000000026860000,0x0000000026960000)]
  0x000000002274d800 JavaThread "jar transforms Thread 5" [_thread_blocked, id=15460, stack(0x0000000026760000,0x0000000026860000)]
  0x000000002274a800 JavaThread "jar transforms Thread 4" [_thread_blocked, id=14892, stack(0x0000000026660000,0x0000000026760000)]
  0x000000002274f000 JavaThread "jar transforms Thread 3" [_thread_blocked, id=6648, stack(0x0000000026560000,0x0000000026660000)]
  0x0000000022750000 JavaThread "jar transforms Thread 2" [_thread_blocked, id=17624, stack(0x0000000026460000,0x0000000026560000)]
  0x000000002274b800 JavaThread "Build operations Thread 16" [_thread_blocked, id=10420, stack(0x0000000026160000,0x0000000026260000)]
  0x0000000022749000 JavaThread "Build operations Thread 15" [_thread_blocked, id=6596, stack(0x0000000026060000,0x0000000026160000)]
  0x000000002274e800 JavaThread "Build operations Thread 14" [_thread_blocked, id=10160, stack(0x0000000025f60000,0x0000000026060000)]
  0x0000000022741800 JavaThread "Build operations Thread 13" [_thread_blocked, id=13560, stack(0x0000000025e60000,0x0000000025f60000)]
  0x0000000022743800 JavaThread "Build operations Thread 12" [_thread_blocked, id=12236, stack(0x0000000025d60000,0x0000000025e60000)]
  0x0000000022748800 JavaThread "Build operations Thread 11" [_thread_blocked, id=9428, stack(0x0000000025c60000,0x0000000025d60000)]
  0x0000000022747800 JavaThread "Build operations Thread 10" [_thread_blocked, id=2948, stack(0x0000000025b60000,0x0000000025c60000)]
  0x0000000022743000 JavaThread "Build operations Thread 9" [_thread_in_native, id=15352, stack(0x0000000025a60000,0x0000000025b60000)]
  0x0000000022746800 JavaThread "Build operations Thread 8" [_thread_blocked, id=14000, stack(0x0000000025960000,0x0000000025a60000)]
  0x0000000022746000 JavaThread "Build operations Thread 7" [_thread_blocked, id=19312, stack(0x0000000025860000,0x0000000025960000)]
  0x0000000022742000 JavaThread "Build operations Thread 6" [_thread_blocked, id=13076, stack(0x0000000025760000,0x0000000025860000)]
  0x0000000022740800 JavaThread "Build operations Thread 5" [_thread_blocked, id=4128, stack(0x0000000025660000,0x0000000025760000)]
  0x0000000022745000 JavaThread "Build operations Thread 4" [_thread_blocked, id=7736, stack(0x0000000025560000,0x0000000025660000)]
  0x0000000022744800 JavaThread "Build operations Thread 3" [_thread_blocked, id=14468, stack(0x0000000025460000,0x0000000025560000)]
  0x000000001eb85800 JavaThread "Build operations Thread 2" [_thread_in_Java, id=16108, stack(0x0000000025360000,0x0000000025460000)]
  0x000000001eb82000 JavaThread "Build operations" [_thread_blocked, id=13676, stack(0x0000000024c50000,0x0000000024d50000)]
  0x000000001eb7f000 JavaThread "Cache worker for file content cache (C:\Users\APitaya\.gradle\caches\6.5\fileContent)" [_thread_blocked, id=5912, stack(0x0000000024b50000,0x0000000024c50000)]
  0x000000001eb82800 JavaThread "jar transforms" [_thread_blocked, id=8376, stack(0x0000000024a50000,0x0000000024b50000)]
  0x000000001a20c000 JavaThread "Cache worker for execution history cache (C:\Users\APitaya\.gradle\caches\6.5\executionHistory)" [_thread_blocked, id=964, stack(0x0000000024350000,0x0000000024450000)]
  0x000000001a20a800 JavaThread "Cache worker for cache directory md-rule (C:\Users\APitaya\.gradle\caches\6.5\md-rule)" [_thread_blocked, id=388, stack(0x0000000024250000,0x0000000024350000)]
  0x000000001a20b000 JavaThread "Cache worker for cache directory md-supplier (C:\Users\APitaya\.gradle\caches\6.5\md-supplier)" [_thread_blocked, id=17420, stack(0x0000000024150000,0x0000000024250000)]
  0x000000001a209800 JavaThread "Cache worker for checksums cache (E:\scy-Android\ImplicitIntent\.gradle\checksums)" [_thread_blocked, id=16164, stack(0x0000000022f70000,0x0000000023070000)]
  0x000000001a208000 JavaThread "Cache worker for file hash cache (E:\scy-Android\ImplicitIntent\.gradle\6.5\fileHashes)" [_thread_blocked, id=2768, stack(0x0000000021a50000,0x0000000021b50000)]
  0x000000001a207800 JavaThread "Cache worker for file hash cache (C:\Users\APitaya\.gradle\caches\6.5\fileHashes)" [_thread_blocked, id=17796, stack(0x0000000020780000,0x0000000020880000)]
  0x000000001a20c800 JavaThread "File lock request listener" [_thread_in_native, id=12736, stack(0x0000000020680000,0x0000000020780000)]
  0x000000001cdb8800 JavaThread "Cache worker for journal cache (C:\Users\APitaya\.gradle\caches\journal-1)" [_thread_blocked, id=1892, stack(0x0000000020580000,0x0000000020680000)]
  0x000000001e98d800 JavaThread "Thread-9" [_thread_blocked, id=5440, stack(0x0000000020280000,0x0000000020380000)]
  0x000000001e98b800 JavaThread "Stdin handler" [_thread_blocked, id=9040, stack(0x0000000020180000,0x0000000020280000)]
  0x000000001e98a800 JavaThread "Asynchronous log dispatcher for DefaultDaemonConnection: socket connection from /127.0.0.1:53537 to /127.0.0.1:53538" [_thread_blocked, id=5080, stack(0x0000000020080000,0x0000000020180000)]
  0x000000001e993000 JavaThread "Daemon worker" [_thread_blocked, id=8584, stack(0x000000001ff80000,0x0000000020080000)]
  0x000000001e976800 JavaThread "Cancel handler" [_thread_blocked, id=12116, stack(0x000000001fe80000,0x000000001ff80000)]
  0x000000001e96a800 JavaThread "Handler for socket connection from /127.0.0.1:53537 to /127.0.0.1:53538" [_thread_in_native, id=13080, stack(0x000000001fd80000,0x000000001fe80000)]
  0x000000001e969800 JavaThread "Daemon" [_thread_blocked, id=4952, stack(0x000000001fc80000,0x000000001fd80000)]
  0x000000001e95d800 JavaThread "Daemon periodic checks" [_thread_blocked, id=17756, stack(0x000000001f980000,0x000000001fa80000)]
  0x000000001e939000 JavaThread "Incoming local TCP Connector on port 53537" [_thread_in_native, id=8404, stack(0x000000001f7d0000,0x000000001f8d0000)]
  0x000000001e822800 JavaThread "Daemon health stats" [_thread_blocked, id=17044, stack(0x000000001f4b0000,0x000000001f5b0000)]
  0x000000001a29f000 JavaThread "Service Thread" daemon [_thread_blocked, id=6832, stack(0x000000001c910000,0x000000001ca10000)]
  0x000000001a20e000 JavaThread "C1 CompilerThread11" daemon [_thread_blocked, id=3108, stack(0x000000001c810000,0x000000001c910000)]
  0x000000001a20d800 JavaThread "C1 CompilerThread10" daemon [_thread_blocked, id=13932, stack(0x000000001c710000,0x000000001c810000)]
  0x000000001a209000 JavaThread "C1 CompilerThread9" daemon [_thread_blocked, id=936, stack(0x000000001c610000,0x000000001c710000)]
  0x000000001a1ed800 JavaThread "C1 CompilerThread8" daemon [_thread_blocked, id=3396, stack(0x000000001c510000,0x000000001c610000)]
  0x000000001a1d2800 JavaThread "C2 CompilerThread7" daemon [_thread_in_native, id=13444, stack(0x000000001c410000,0x000000001c510000)]
  0x000000001a1d1800 JavaThread "C2 CompilerThread6" daemon [_thread_in_native, id=2532, stack(0x000000001c310000,0x000000001c410000)]
  0x000000001a1ce000 JavaThread "C2 CompilerThread5" daemon [_thread_in_native, id=9232, stack(0x000000001c210000,0x000000001c310000)]
=>0x000000001a1c6000 JavaThread "C2 CompilerThread4" daemon [_thread_in_native, id=7756, stack(0x000000001c110000,0x000000001c210000)]
  0x000000001a1c4000 JavaThread "C2 CompilerThread3" daemon [_thread_in_native, id=12092, stack(0x000000001c010000,0x000000001c110000)]
  0x000000001a1c1000 JavaThread "C2 CompilerThread2" daemon [_thread_in_vm, id=11188, stack(0x000000001bf10000,0x000000001c010000)]
  0x000000001a1bf800 JavaThread "C2 CompilerThread1" daemon [_thread_in_native, id=3736, stack(0x000000001be10000,0x000000001bf10000)]
  0x000000001a1be000 JavaThread "C2 CompilerThread0" daemon [_thread_in_native, id=18168, stack(0x000000001bd10000,0x000000001be10000)]
  0x000000001a168000 JavaThread "Attach Listener" daemon [_thread_blocked, id=8852, stack(0x000000001bc10000,0x000000001bd10000)]
  0x000000001a1bd000 JavaThread "Signal Dispatcher" daemon [_thread_blocked, id=11648, stack(0x000000001bb10000,0x000000001bc10000)]
  0x00000000186d5000 JavaThread "Finalizer" daemon [_thread_blocked, id=13348, stack(0x000000001b9b0000,0x000000001bab0000)]
  0x000000001a146000 JavaThread "Reference Handler" daemon [_thread_blocked, id=15976, stack(0x000000001b8b0000,0x000000001b9b0000)]
  0x000000000132e000 JavaThread "main" [_thread_blocked, id=13036, stack(0x0000000002f30000,0x0000000003030000)]

Other Threads:
  0x000000001a121800 VMThread [stack: 0x000000001b7b0000,0x000000001b8b0000] [id=9332]
  0x000000001a2a4000 WatcherThread [stack: 0x000000001ca10000,0x000000001cb10000] [id=15128]

VM state:not at safepoint (normal execution)

VM Mutex/Monitor currently owned by a thread: None

OutOfMemory and StackOverflow Exception counts:
OutOfMemoryError java_heap_errors=1

heap address: 0x0000000080000000, size: 2048 MB, Compressed Oops mode: 32-bit
Narrow klass base: 0x0000000000000000, Narrow klass shift: 3
Compressed class space size: 1073741824 Address: 0x0000000100000000

Heap:
 PSYoungGen      total 319488K, used 144009K [0x00000000d5580000, 0x00000000ede80000, 0x0000000100000000)
  eden space 296448K, 40% used [0x00000000d5580000,0x00000000dcba5b50,0x00000000e7700000)
  from space 23040K, 99% used [0x00000000e7700000,0x00000000e8d7c9d8,0x00000000e8d80000)
  to   space 27136K, 0% used [0x00000000ec400000,0x00000000ec400000,0x00000000ede80000)
 ParOldGen       total 225280K, used 37151K [0x0000000080000000, 0x000000008dc00000, 0x00000000d5580000)
  object space 225280K, 16% used [0x0000000080000000,0x0000000082447d58,0x000000008dc00000)
 Metaspace       used 74281K, capacity 79920K, committed 80216K, reserved 1120256K
  class space    used 10369K, capacity 11311K, committed 11392K, reserved 1048576K

Card table byte_map: [0x00000000124f0000,0x0000000012900000] byte_map_base: 0x00000000120f0000

Marking Bits: (ParMarkBitMap*) 0x0000000054aaf030
 Begin Bits: [0x00000000138b0000, 0x00000000158b0000)
 End Bits:   [0x00000000158b0000, 0x00000000178b0000)

Polling page: 0x0000000001300000

CodeCache: size=245760Kb used=29534Kb max_used=29540Kb free=216226Kb
 bounds [0x0000000003130000, 0x0000000004e30000, 0x0000000012130000]
 total_blobs=9792 nmethods=8974 adapters=728
 compilation: enabled

Compilation events (10 events):
Event: 8.511 Thread 0x000000001a1c1000 nmethod 10141 0x0000000004dd52d0 code [0x0000000004dd5480, 0x0000000004dd63c8]
Event: 8.511 Thread 0x000000001a1c1000 10193       4       com.android.tools.r8.graph.O0::a (16 bytes)
Event: 8.512 Thread 0x000000001a1c6000 nmethod 10217 0x0000000003962f10 code [0x0000000003963040, 0x00000000039630d8]
Event: 8.512 Thread 0x000000001a1c6000 10154       4       com.android.tools.r8.graph.g0::computeEquals (62 bytes)
Event: 8.515 Thread 0x000000001a1c4000 nmethod 10194 0x00000000048b4750 code [0x00000000048b4900, 0x00000000048b51a8]
Event: 8.515 Thread 0x000000001a1c4000 10219       4       com.android.tools.r8.s.b.W0::<init> (62 bytes)
Event: 8.516 Thread 0x000000001a1c4000 nmethod 10219 0x0000000003d1e4d0 code [0x0000000003d1e600, 0x0000000003d1e698]
Event: 8.516 Thread 0x000000001a1c4000 10168       4       com.android.tools.r8.graph.k0::equals (37 bytes)
Event: 8.516 Thread 0x000000001a209000 10221       3       com.android.tools.r8.utils.n0::next (27 bytes)
Event: 8.517 Thread 0x000000001a209000 nmethod 10221 0x00000000048b6890 code [0x00000000048b6a00, 0x00000000048b6cb8]

GC Heap History (10 events):
Event: 3.366 GC heap before
{Heap before GC invocations=8 (full 2):
 PSYoungGen      total 222720K, used 7994K [0x00000000d5580000, 0x00000000e4200000, 0x0000000100000000)
  eden space 207360K, 0% used [0x00000000d5580000,0x00000000d5580000,0x00000000e2000000)
  from space 15360K, 52% used [0x00000000e2e80000,0x00000000e364ea98,0x00000000e3d80000)
  to   space 14848K, 0% used [0x00000000e2000000,0x00000000e2000000,0x00000000e2e80000)
 ParOldGen       total 95744K, used 12212K [0x0000000080000000, 0x0000000085d80000, 0x00000000d5580000)
  object space 95744K, 12% used [0x0000000080000000,0x0000000080bed150,0x0000000085d80000)
 Metaspace       used 34152K, capacity 35308K, committed 35416K, reserved 1079296K
  class space    used 4663K, capacity 4929K, committed 4992K, reserved 1048576K
Event: 3.400 GC heap after
Heap after GC invocations=8 (full 2):
 PSYoungGen      total 222720K, used 0K [0x00000000d5580000, 0x00000000e4200000, 0x0000000100000000)
  eden space 207360K, 0% used [0x00000000d5580000,0x00000000d5580000,0x00000000e2000000)
  from space 15360K, 0% used [0x00000000e2e80000,0x00000000e2e80000,0x00000000e3d80000)
  to   space 14848K, 0% used [0x00000000e2000000,0x00000000e2000000,0x00000000e2e80000)
 ParOldGen       total 148480K, used 14460K [0x0000000080000000, 0x0000000089100000, 0x00000000d5580000)
  object space 148480K, 9% used [0x0000000080000000,0x0000000080e1f0b0,0x0000000089100000)
 Metaspace       used 34152K, capacity 35308K, committed 35416K, reserved 1079296K
  class space    used 4663K, capacity 4929K, committed 4992K, reserved 1048576K
}
Event: 4.686 GC heap before
{Heap before GC invocations=9 (full 2):
 PSYoungGen      total 222720K, used 207360K [0x00000000d5580000, 0x00000000e4200000, 0x0000000100000000)
  eden space 207360K, 100% used [0x00000000d5580000,0x00000000e2000000,0x00000000e2000000)
  from space 15360K, 0% used [0x00000000e2e80000,0x00000000e2e80000,0x00000000e3d80000)
  to   space 14848K, 0% used [0x00000000e2000000,0x00000000e2000000,0x00000000e2e80000)
 ParOldGen       total 148480K, used 14460K [0x0000000080000000, 0x0000000089100000, 0x00000000d5580000)
  object space 148480K, 9% used [0x0000000080000000,0x0000000080e1f0b0,0x0000000089100000)
 Metaspace       used 46205K, capacity 48274K, committed 48344K, reserved 1091584K
  class space    used 6237K, capacity 6629K, committed 6656K, reserved 1048576K
Event: 4.697 GC heap after
Heap after GC invocations=9 (full 2):
 PSYoungGen      total 222208K, used 14839K [0x00000000d5580000, 0x00000000e9f80000, 0x0000000100000000)
  eden space 207360K, 0% used [0x00000000d5580000,0x00000000d5580000,0x00000000e2000000)
  from space 14848K, 99% used [0x00000000e2000000,0x00000000e2e7de70,0x00000000e2e80000)
  to   space 18432K, 0% used [0x00000000e8d80000,0x00000000e8d80000,0x00000000e9f80000)
 ParOldGen       total 148480K, used 17454K [0x0000000080000000, 0x0000000089100000, 0x00000000d5580000)
  object space 148480K, 11% used [0x0000000080000000,0x000000008110b9b0,0x0000000089100000)
 Metaspace       used 46205K, capacity 48274K, committed 48344K, reserved 1091584K
  class space    used 6237K, capacity 6629K, committed 6656K, reserved 1048576K
}
Event: 5.724 GC heap before
{Heap before GC invocations=10 (full 2):
 PSYoungGen      total 222208K, used 139275K [0x00000000d5580000, 0x00000000e9f80000, 0x0000000100000000)
  eden space 207360K, 60% used [0x00000000d5580000,0x00000000dcf04df0,0x00000000e2000000)
  from space 14848K, 99% used [0x00000000e2000000,0x00000000e2e7de70,0x00000000e2e80000)
  to   space 18432K, 0% used [0x00000000e8d80000,0x00000000e8d80000,0x00000000e9f80000)
 ParOldGen       total 148480K, used 17454K [0x0000000080000000, 0x0000000089100000, 0x00000000d5580000)
  object space 148480K, 11% used [0x0000000080000000,0x000000008110b9b0,0x0000000089100000)
 Metaspace       used 56487K, capacity 58988K, committed 59028K, reserved 1099776K
  class space    used 7696K, capacity 8181K, committed 8192K, reserved 1048576K
Event: 5.738 GC heap after
Heap after GC invocations=10 (full 2):
 PSYoungGen      total 314880K, used 18409K [0x00000000d5580000, 0x00000000ea680000, 0x0000000100000000)
  eden space 296448K, 0% used [0x00000000d5580000,0x00000000d5580000,0x00000000e7700000)
  from space 18432K, 99% used [0x00000000e8d80000,0x00000000e9f7a4d8,0x00000000e9f80000)
  to   space 23040K, 0% used [0x00000000e7700000,0x00000000e7700000,0x00000000e8d80000)
 ParOldGen       total 148480K, used 22669K [0x0000000080000000, 0x0000000089100000, 0x00000000d5580000)
  object space 148480K, 15% used [0x0000000080000000,0x0000000081623438,0x0000000089100000)
 Metaspace       used 56487K, capacity 58988K, committed 59028K, reserved 1099776K
  class space    used 7696K, capacity 8181K, committed 8192K, reserved 1048576K
}
Event: 5.738 GC heap before
{Heap before GC invocations=11 (full 3):
 PSYoungGen      total 314880K, used 18409K [0x00000000d5580000, 0x00000000ea680000, 0x0000000100000000)
  eden space 296448K, 0% used [0x00000000d5580000,0x00000000d5580000,0x00000000e7700000)
  from space 18432K, 99% used [0x00000000e8d80000,0x00000000e9f7a4d8,0x00000000e9f80000)
  to   space 23040K, 0% used [0x00000000e7700000,0x00000000e7700000,0x00000000e8d80000)
 ParOldGen       total 148480K, used 22669K [0x0000000080000000, 0x0000000089100000, 0x00000000d5580000)
  object space 148480K, 15% used [0x0000000080000000,0x0000000081623438,0x0000000089100000)
 Metaspace       used 56487K, capacity 58988K, committed 59028K, reserved 1099776K
  class space    used 7696K, capacity 8181K, committed 8192K, reserved 1048576K
Event: 5.891 GC heap after
Heap after GC invocations=11 (full 3):
 PSYoungGen      total 314880K, used 0K [0x00000000d5580000, 0x00000000ea680000, 0x0000000100000000)
  eden space 296448K, 0% used [0x00000000d5580000,0x00000000d5580000,0x00000000e7700000)
  from space 18432K, 0% used [0x00000000e8d80000,0x00000000e8d80000,0x00000000e9f80000)
  to   space 23040K, 0% used [0x00000000e7700000,0x00000000e7700000,0x00000000e8d80000)
 ParOldGen       total 225280K, used 35573K [0x0000000080000000, 0x000000008dc00000, 0x00000000d5580000)
  object space 225280K, 15% used [0x0000000080000000,0x00000000822bd4d0,0x000000008dc00000)
 Metaspace       used 56383K, capacity 58634K, committed 59028K, reserved 1099776K
  class space    used 7664K, capacity 8122K, committed 8192K, reserved 1048576K
}
Event: 8.179 GC heap before
{Heap before GC invocations=12 (full 3):
 PSYoungGen      total 314880K, used 296448K [0x00000000d5580000, 0x00000000ea680000, 0x0000000100000000)
  eden space 296448K, 100% used [0x00000000d5580000,0x00000000e7700000,0x00000000e7700000)
  from space 18432K, 0% used [0x00000000e8d80000,0x00000000e8d80000,0x00000000e9f80000)
  to   space 23040K, 0% used [0x00000000e7700000,0x00000000e7700000,0x00000000e8d80000)
 ParOldGen       total 225280K, used 35573K [0x0000000080000000, 0x000000008dc00000, 0x00000000d5580000)
  object space 225280K, 15% used [0x0000000080000000,0x00000000822bd4d0,0x000000008dc00000)
 Metaspace       used 70285K, capacity 74588K, committed 74712K, reserved 1114112K
  class space    used 9720K, capacity 10479K, committed 10496K, reserved 1048576K
Event: 8.196 GC heap after
Heap after GC invocations=12 (full 3):
 PSYoungGen      total 319488K, used 23026K [0x00000000d5580000, 0x00000000ede80000, 0x0000000100000000)
  eden space 296448K, 0% used [0x00000000d5580000,0x00000000d5580000,0x00000000e7700000)
  from space 23040K, 99% used [0x00000000e7700000,0x00000000e8d7c9d8,0x00000000e8d80000)
  to   space 27136K, 0% used [0x00000000ec400000,0x00000000ec400000,0x00000000ede80000)
 ParOldGen       total 225280K, used 37151K [0x0000000080000000, 0x000000008dc00000, 0x00000000d5580000)
  object space 225280K, 16% used [0x0000000080000000,0x0000000082447d58,0x000000008dc00000)
 Metaspace       used 70285K, capacity 74588K, committed 74712K, reserved 1114112K
  class space    used 9720K, capacity 10479K, committed 10496K, reserved 1048576K
}

Deoptimization events (10 events):
Event: 8.312 Thread 0x000000001a20c000 Uncommon trap: reason=unstable_if action=reinterpret pc=0x0000000003ac4f28 method=com.google.common.collect.MapMakerInternalMap$Segment.drainKeyReferenceQueue(Ljava/lang/ref/ReferenceQueue;)V @ 8
Event: 8.314 Thread 0x00000000215ac800 Uncommon trap: reason=class_check action=maybe_recompile pc=0x0000000004d3e9dc method=com.android.tools.build.apkzlib.zip.ZipField.checkVerifiesInvariants(J)V @ 25
Event: 8.323 Thread 0x00000000215ac800 Uncommon trap: reason=class_check action=maybe_recompile pc=0x0000000004d3e9dc method=com.android.tools.build.apkzlib.zip.ZipField.checkVerifiesInvariants(J)V @ 25
Event: 8.330 Thread 0x00000000215ac800 Uncommon trap: reason=class_check action=maybe_recompile pc=0x0000000004d1cffc method=com.android.tools.build.apkzlib.zip.ZipField.checkVerifiesInvariants(J)V @ 25
Event: 8.352 Thread 0x0000000022748800 Uncommon trap: reason=unstable_if action=reinterpret pc=0x000000000488619c method=java.nio.Bits.putInt(Ljava/nio/ByteBuffer;IIZ)V @ 1
Event: 8.384 Thread 0x0000000022747800 Uncommon trap: reason=unstable_if action=reinterpret pc=0x00000000045096a4 method=java.lang.invoke.MethodType.checkPtypes([Ljava/lang/Class;)I @ 40
Event: 8.428 Thread 0x0000000022746000 Uncommon trap: reason=unstable_if action=reinterpret pc=0x00000000036ae0ac method=java.util.concurrent.ConcurrentHashMap.putVal(Ljava/lang/Object;Ljava/lang/Object;Z)Ljava/lang/Object; @ 195
Event: 8.511 Thread 0x00000000215ac800 Uncommon trap: reason=class_check action=maybe_recompile pc=0x000000000387b7bc method=java.util.zip.InflaterInputStream.read([BII)I @ 100
Event: 8.512 Thread 0x00000000215ac800 Uncommon trap: reason=class_check action=maybe_recompile pc=0x000000000387b7bc method=java.util.zip.InflaterInputStream.read([BII)I @ 100
Event: 8.512 Thread 0x00000000215ac800 Uncommon trap: reason=class_check action=maybe_recompile pc=0x000000000387b7bc method=java.util.zip.InflaterInputStream.read([BII)I @ 100

Classes redefined (0 events):
No events

Internal exceptions (10 events):
Event: 8.215 Thread 0x000000001eb82000 Exception <a 'sun/nio/fs/WindowsException'> (0x00000000d5960ad8) thrown at [C:\src\AOSP-openjdk-git\hotspot\src\share\vm\prims\jni.cpp, line 710]
Event: 8.219 Thread 0x0000000022740800 Exception <a 'sun/nio/fs/WindowsException'> (0x00000000d64a4da8) thrown at [C:\src\AOSP-openjdk-git\hotspot\src\share\vm\prims\jni.cpp, line 710]
Event: 8.227 Thread 0x0000000022746000 Exception <a 'sun/nio/fs/WindowsException'> (0x00000000d6a3de70) thrown at [C:\src\AOSP-openjdk-git\hotspot\src\share\vm\prims\jni.cpp, line 710]
Event: 8.263 Thread 0x000000001eb85800 Exception <a 'sun/nio/fs/WindowsException'> (0x00000000d7a06688) thrown at [C:\src\AOSP-openjdk-git\hotspot\src\share\vm\prims\jni.cpp, line 710]
Event: 8.294 Thread 0x000000002274b800 Exception <a 'java/lang/OutOfMemoryError'> (0x00000000d8251508) thrown at [C:\src\AOSP-openjdk-git\hotspot\src\share\vm\prims\jni.cpp, line 737]
Event: 8.322 Thread 0x000000002274b800 Exception <a 'sun/nio/fs/WindowsException'> (0x00000000d886e1d0) thrown at [C:\src\AOSP-openjdk-git\hotspot\src\share\vm\prims\jni.cpp, line 710]
Event: 8.448 Thread 0x000000002274e800 Exception <a 'java/lang/IncompatibleClassChangeError': Found class java.lang.Object, but interface was expected> (0x00000000da545ae8) thrown at [C:\src\AOSP-openjdk-git\hotspot\src\share\vm\interpreter\linkResolver.cpp, line 653]
Event: 8.448 Thread 0x0000000022742000 Exception <a 'java/lang/IncompatibleClassChangeError': Found class java.lang.Object, but interface was expected> (0x00000000d9d36d70) thrown at [C:\src\AOSP-openjdk-git\hotspot\src\share\vm\interpreter\linkResolver.cpp, line 653]
Event: 8.448 Thread 0x0000000022746000 Exception <a 'java/lang/IncompatibleClassChangeError': Found class java.lang.Object, but interface was expected> (0x00000000da434858) thrown at [C:\src\AOSP-openjdk-git\hotspot\src\share\vm\interpreter\linkResolver.cpp, line 653]
Event: 8.448 Thread 0x0000000022746800 Exception <a 'java/lang/IncompatibleClassChangeError': Found class java.lang.Object, but interface was expected> (0x00000000da5035e0) thrown at [C:\src\AOSP-openjdk-git\hotspot\src\share\vm\interpreter\linkResolver.cpp, line 653]

Events (10 events):
Event: 8.515 loading class com/android/tools/r8/ir/optimize/B0/d
Event: 8.515 loading class com/android/tools/r8/ir/optimize/B0/d done
Event: 8.516 loading class com/android/tools/r8/s/b/m0
Event: 8.516 loading class com/android/tools/r8/s/b/m0 done
Event: 8.516 loading class com/android/tools/r8/s/b/l0
Event: 8.516 loading class com/android/tools/r8/s/b/l0 done
Event: 8.516 loading class com/android/tools/r8/s/b/P0
Event: 8.516 loading class com/android/tools/r8/s/b/P0 done
Event: 8.518 loading class com/android/tools/r8/ir/optimize/B0/a
Event: 8.518 loading class com/android/tools/r8/ir/optimize/B0/a done


Dynamic libraries:
0x00007ff7cae20000 - 0x00007ff7cae51000 	C:\Program Files\Android\Android Studio\jre\bin\java.exe
0x00007ffaf3580000 - 0x00007ffaf3770000 	C:\Windows\SYSTEM32\ntdll.dll
0x00007ffaf2630000 - 0x00007ffaf26e2000 	C:\Windows\System32\KERNEL32.DLL
0x00007ffaf0d80000 - 0x00007ffaf1025000 	C:\Windows\System32\KERNELBASE.dll
0x00007ffaf18b0000 - 0x00007ffaf1953000 	C:\Windows\System32\ADVAPI32.dll
0x00007ffaf3470000 - 0x00007ffaf350e000 	C:\Windows\System32\msvcrt.dll
0x00007ffaf2de0000 - 0x00007ffaf2e77000 	C:\Windows\System32\sechost.dll
0x00007ffaf19e0000 - 0x00007ffaf1aff000 	C:\Windows\System32\RPCRT4.dll
0x00007ffaf2490000 - 0x00007ffaf2624000 	C:\Windows\System32\USER32.dll
0x00007ffaf0d50000 - 0x00007ffaf0d71000 	C:\Windows\System32\win32u.dll
0x00007ffaf3510000 - 0x00007ffaf3536000 	C:\Windows\System32\GDI32.dll
0x00007ffaf1330000 - 0x00007ffaf14c8000 	C:\Windows\System32\gdi32full.dll
0x00007ffaf11e0000 - 0x00007ffaf127e000 	C:\Windows\System32\msvcp_win.dll
0x00007ffaf1080000 - 0x00007ffaf117a000 	C:\Windows\System32\ucrtbase.dll
0x00007ffae1290000 - 0x00007ffae1514000 	C:\Windows\WinSxS\amd64_microsoft.windows.common-controls_6595b64144ccf1df_6.0.18362.1440_none_9e7dbfb9e45e8e67\COMCTL32.dll
0x00007ffaf2fa0000 - 0x00007ffaf32d6000 	C:\Windows\System32\combase.dll
0x00007ffaf0cc0000 - 0x00007ffaf0d41000 	C:\Windows\System32\bcryptPrimitives.dll
0x00007ffaf3440000 - 0x00007ffaf346e000 	C:\Windows\System32\IMM32.DLL
0x0000000054120000 - 0x00000000541f2000 	C:\Program Files\Android\Android Studio\jre\jre\bin\msvcr100.dll
0x00000000542e0000 - 0x0000000054b2b000 	C:\Program Files\Android\Android Studio\jre\jre\bin\server\jvm.dll
0x00007ffaf2f30000 - 0x00007ffaf2f38000 	C:\Windows\System32\PSAPI.DLL
0x00007ffae6ce0000 - 0x00007ffae6cea000 	C:\Windows\SYSTEM32\VERSION.dll
0x00007ffaea070000 - 0x00007ffaea079000 	C:\Windows\SYSTEM32\WSOCK32.dll
0x00007ffaeeca0000 - 0x00007ffaeecc4000 	C:\Windows\SYSTEM32\WINMM.dll
0x00007ffaf1b30000 - 0x00007ffaf1b9f000 	C:\Windows\System32\WS2_32.dll
0x00007ffaeec50000 - 0x00007ffaeec7d000 	C:\Windows\SYSTEM32\winmmbase.dll
0x00007ffaf1030000 - 0x00007ffaf107a000 	C:\Windows\System32\cfgmgr32.dll
0x00007ffaea060000 - 0x00007ffaea06f000 	C:\Program Files\Android\Android Studio\jre\jre\bin\verify.dll
0x00007ffae9d40000 - 0x00007ffae9d69000 	C:\Program Files\Android\Android Studio\jre\jre\bin\java.dll
0x00007ffae9bb0000 - 0x00007ffae9bc6000 	C:\Program Files\Android\Android Studio\jre\jre\bin\zip.dll
0x00007ffaf26f0000 - 0x00007ffaf2dd8000 	C:\Windows\System32\SHELL32.dll
0x00007ffaf2e80000 - 0x00007ffaf2f27000 	C:\Windows\System32\shcore.dll
0x00007ffaf04f0000 - 0x00007ffaf0c6b000 	C:\Windows\System32\windows.storage.dll
0x00007ffaf04d0000 - 0x00007ffaf04ee000 	C:\Windows\System32\profapi.dll
0x00007ffaf0460000 - 0x00007ffaf04aa000 	C:\Windows\System32\powrprof.dll
0x00007ffaf0430000 - 0x00007ffaf0440000 	C:\Windows\System32\UMPDC.dll
0x00007ffaf2f40000 - 0x00007ffaf2f92000 	C:\Windows\System32\shlwapi.dll
0x00007ffaf0440000 - 0x00007ffaf0451000 	C:\Windows\System32\kernel.appcore.dll
0x00007ffaf0c70000 - 0x00007ffaf0c87000 	C:\Windows\System32\cryptsp.dll
0x00007ffae9a70000 - 0x00007ffae9a8a000 	C:\Program Files\Android\Android Studio\jre\jre\bin\net.dll
0x00007ffaefc10000 - 0x00007ffaefc77000 	C:\Windows\system32\mswsock.dll
0x00007ffae87b0000 - 0x00007ffae87c3000 	C:\Program Files\Android\Android Studio\jre\jre\bin\nio.dll
0x00007ffae6860000 - 0x00007ffae6887000 	C:\Users\APitaya\.gradle\native\f6784746aeab05261644944871eae4fe03e0ef1612fff0a4a95f87b438bc6780\windows-amd64\native-platform.dll
0x00007ffaea040000 - 0x00007ffaea04d000 	C:\Program Files\Android\Android Studio\jre\jre\bin\management.dll
0x00007ffaef790000 - 0x00007ffaef7c3000 	C:\Windows\system32\rsaenh.dll
0x00007ffaf0c90000 - 0x00007ffaf0cb6000 	C:\Windows\System32\bcrypt.dll
0x00007ffaf0310000 - 0x00007ffaf0335000 	C:\Windows\SYSTEM32\USERENV.dll
0x00007ffaefde0000 - 0x00007ffaefdec000 	C:\Windows\SYSTEM32\CRYPTBASE.dll
0x00007ffaef920000 - 0x00007ffaef95a000 	C:\Windows\SYSTEM32\IPHLPAPI.DLL
0x00007ffaf1b20000 - 0x00007ffaf1b28000 	C:\Windows\System32\NSI.dll
0x00007ffae7430000 - 0x00007ffae7446000 	C:\Windows\SYSTEM32\dhcpcsvc6.DLL
0x00007ffae7410000 - 0x00007ffae742c000 	C:\Windows\SYSTEM32\dhcpcsvc.DLL
0x00007ffaef960000 - 0x00007ffaefa2b000 	C:\Windows\SYSTEM32\DNSAPI.dll
0x00007ffae74b0000 - 0x00007ffae74bb000 	C:\Windows\SYSTEM32\WINNSI.DLL

VM Arguments:
jvm_args: -Xmx2048m -Dfile.encoding=UTF-8 -Duser.country=CN -Duser.language=zh -Duser.variant 
java_command: org.gradle.launcher.daemon.bootstrap.GradleDaemon 6.5
java_class_path (initial): C:\Users\APitaya\.gradle\wrapper\dists\gradle-6.5-bin\6nifqtx7604sqp1q6g8wikw7p\gradle-6.5\lib\gradle-launcher-6.5.jar
Launcher Type: SUN_STANDARD

Environment Variables:
PATH=C:\Program Files (x86)\Common Files\Oracle\Java\javapath;C:\Windows\system32;C:\Windows;C:\Windows\System32\Wbem;C:\Windows\System32\WindowsPowerShell\v1.0\;C:\Windows\System32\OpenSSH\;D:\SoftWare\;D:\tools\apache-maven-3.6.3\bin;C:\Users\APitaya\AppData\Local\Android\Sdk\platform-tools;C:\Program Files\MySQL\MySQL Shell 8.0\bin\;C:\Users\APitaya\AppData\Local\Microsoft\WindowsApps;;D:\软件\IDEA\IntelliJ IDEA 2020.2.3\bin;;D:\软件\WebStorm\WebStorm 2020.2.3\bin;;C:\Users\APitaya\AppData\Roaming\npm
USERNAME=APitaya
OS=Windows_NT
PROCESSOR_IDENTIFIER=AMD64 Family 23 Model 96 Stepping 1, AuthenticAMD



---------------  S Y S T E M  ---------------

OS: Windows 10.0 , 64 bit Build 18362 (10.0.18362.1350)

CPU:total 16 (initial active 16) (16 cores per cpu, 1 threads per core) family 23 model 96 stepping 1, cmov, cx8, fxsr, mmx, sse, sse2, sse3, ssse3, sse4.1, sse4.2, popcnt, avx, avx2, aes, clmul, mmxext, 3dnowpref, lzcnt, sse4a, tsc, tscinvbit, tscinv, bmi1

Memory: 4k page, physical 16112436k(3413656k free), swap 16112436k(5660k free)

vm_info: OpenJDK 64-Bit Server VM (25.242-b01) for windows-amd64 JRE (1.8.0_242-release-1644-b01), built by "builder" with MS VC++ 10.0 (VS2010)

time: Fri Apr 16 14:06:38 2021
timezone: 中国标准时间
elapsed time: 8 seconds (0d 0h 0m 8s)

